{"/home/usuario/ull-esit-inf-dsi-21-22-prct06-generics-solid-Pablo400/src/SaveFighter.ts":{"path":"/home/usuario/ull-esit-inf-dsi-21-22-prct06-generics-solid-Pablo400/src/SaveFighter.ts","statementMap":{"0":{"start":{"line":3,"column":0},"end":{"line":3,"column":62}},"1":{"start":{"line":4,"column":0},"end":{"line":4,"column":29}},"2":{"start":{"line":20,"column":28},"end":{"line":20,"column":30}},"3":{"start":{"line":21,"column":8},"end":{"line":23,"column":11}},"4":{"start":{"line":22,"column":12},"end":{"line":22,"column":38}},"5":{"start":{"line":24,"column":8},"end":{"line":24,"column":27}},"6":{"start":{"line":27,"column":0},"end":{"line":27,"column":34}}},"fnMap":{"0":{"name":"(anonymous_0)","decl":{"start":{"line":12,"column":4},"end":{"line":12,"column":5}},"loc":{"start":{"line":12,"column":18},"end":{"line":12,"column":21}},"line":12},"1":{"name":"(anonymous_1)","decl":{"start":{"line":19,"column":4},"end":{"line":19,"column":5}},"loc":{"start":{"line":19,"column":28},"end":{"line":25,"column":5}},"line":19},"2":{"name":"(anonymous_2)","decl":{"start":{"line":21,"column":24},"end":{"line":21,"column":25}},"loc":{"start":{"line":21,"column":37},"end":{"line":23,"column":9}},"line":21}},"branchMap":{},"s":{"0":1,"1":1,"2":4,"3":4,"4":12,"5":4,"6":1},"f":{"0":1,"1":4,"2":12},"b":{},"inputSourceMap":{"version":3,"file":"/home/usuario/ull-esit-inf-dsi-21-22-prct06-generics-solid-Pablo400/src/SaveFighter.ts","sources":["/home/usuario/ull-esit-inf-dsi-21-22-prct06-generics-solid-Pablo400/src/SaveFighter.ts"],"names":[],"mappings":";AAAA,gCAAgC;;;AAEhC;;GAEG;AACH,MAAa,WAAW;IACtB;;OAEG;IACH,gBAAe,CAAC;IAAA,CAAC;IAEjB;;;;OAIG;IACH,WAAW,CAAC,GAAG,OAAoB;QACjC,MAAM,WAAW,GAAgB,EAAE,CAAC;QACpC,OAAO,CAAC,OAAO,CAAC,CAAC,OAAO,EAAE,EAAE;YAC1B,WAAW,CAAC,IAAI,CAAC,OAAO,CAAC,CAAC;QAC5B,CAAC,CAAC,CAAC;QAEH,OAAO,WAAW,CAAC;IACrB,CAAC;CACF;AAnBD,kCAmBC","sourcesContent":["/* eslint-disable valid-jsdoc */\n\n/**\n * Save each fighter Data\n */\nexport class SaveFighter<Universe> {\n  /**\n   * Constructor of Save Fighter\n   */\n  constructor() {};\n\n  /**\n   * Save Any Fighter data\n   * @param Fighter Any fighter\n   * @return Array with all fighters data\n   */\n  saveFighter(...Fighter : Universe[]) {\n    const fighterSave : Universe[] = [];\n    Fighter.forEach((fighter) => {\n      fighterSave.push(fighter);\n    });\n\n    return fighterSave;\n  }\n}\n"]},"_coverageSchema":"1a1c01bbd47fc00a2c39e90264f33305004495a9","hash":"f93dc47b11f2b96aba1b8479a5e4de5ac4957707","contentHash":"880e975e1abc8d7d2fdee1b361b14a2a8b28236b1ad2406078e1baf56c30a58e"},"/home/usuario/ull-esit-inf-dsi-21-22-prct06-generics-solid-Pablo400/src/Jojo.ts":{"path":"/home/usuario/ull-esit-inf-dsi-21-22-prct06-generics-solid-Pablo400/src/Jojo.ts","statementMap":{"0":{"start":{"line":2,"column":0},"end":{"line":2,"column":62}},"1":{"start":{"line":3,"column":0},"end":{"line":3,"column":22}},"2":{"start":{"line":7,"column":18},"end":{"line":7,"column":38}},"3":{"start":{"line":31,"column":8},"end":{"line":31,"column":90}},"4":{"start":{"line":32,"column":8},"end":{"line":32,"column":25}},"5":{"start":{"line":33,"column":8},"end":{"line":33,"column":29}},"6":{"start":{"line":34,"column":8},"end":{"line":34,"column":29}},"7":{"start":{"line":35,"column":8},"end":{"line":35,"column":25}},"8":{"start":{"line":36,"column":8},"end":{"line":36,"column":29}},"9":{"start":{"line":37,"column":8},"end":{"line":37,"column":31}},"10":{"start":{"line":38,"column":8},"end":{"line":38,"column":33}},"11":{"start":{"line":39,"column":8},"end":{"line":39,"column":29}},"12":{"start":{"line":40,"column":8},"end":{"line":40,"column":39}},"13":{"start":{"line":41,"column":8},"end":{"line":41,"column":35}},"14":{"start":{"line":42,"column":8},"end":{"line":42,"column":41}},"15":{"start":{"line":43,"column":8},"end":{"line":43,"column":27}},"16":{"start":{"line":44,"column":8},"end":{"line":44,"column":49}},"17":{"start":{"line":45,"column":8},"end":{"line":45,"column":31}},"18":{"start":{"line":46,"column":8},"end":{"line":46,"column":35}},"19":{"start":{"line":47,"column":8},"end":{"line":47,"column":57}},"20":{"start":{"line":55,"column":31},"end":{"line":55,"column":32}},"21":{"start":{"line":56,"column":24},"end":{"line":56,"column":25}},"22":{"start":{"line":57,"column":33},"end":{"line":57,"column":36}},"23":{"start":{"line":58,"column":33},"end":{"line":58,"column":34}},"24":{"start":{"line":59,"column":8},"end":{"line":88,"column":9}},"25":{"start":{"line":60,"column":12},"end":{"line":60,"column":48}},"26":{"start":{"line":62,"column":13},"end":{"line":88,"column":9}},"27":{"start":{"line":63,"column":12},"end":{"line":63,"column":50}},"28":{"start":{"line":65,"column":13},"end":{"line":88,"column":9}},"29":{"start":{"line":66,"column":12},"end":{"line":66,"column":41}},"30":{"start":{"line":68,"column":13},"end":{"line":88,"column":9}},"31":{"start":{"line":69,"column":12},"end":{"line":69,"column":48}},"32":{"start":{"line":71,"column":13},"end":{"line":88,"column":9}},"33":{"start":{"line":72,"column":12},"end":{"line":72,"column":48}},"34":{"start":{"line":74,"column":13},"end":{"line":88,"column":9}},"35":{"start":{"line":75,"column":12},"end":{"line":75,"column":41}},"36":{"start":{"line":77,"column":13},"end":{"line":88,"column":9}},"37":{"start":{"line":78,"column":12},"end":{"line":78,"column":41}},"38":{"start":{"line":80,"column":13},"end":{"line":88,"column":9}},"39":{"start":{"line":81,"column":12},"end":{"line":81,"column":50}},"40":{"start":{"line":83,"column":13},"end":{"line":88,"column":9}},"41":{"start":{"line":84,"column":12},"end":{"line":84,"column":48}},"42":{"start":{"line":86,"column":13},"end":{"line":88,"column":9}},"43":{"start":{"line":87,"column":12},"end":{"line":87,"column":41}},"44":{"start":{"line":89,"column":24},"end":{"line":89,"column":73}},"45":{"start":{"line":90,"column":8},"end":{"line":90,"column":22}},"46":{"start":{"line":97,"column":23},"end":{"line":97,"column":55}},"47":{"start":{"line":98,"column":8},"end":{"line":98,"column":22}},"48":{"start":{"line":101,"column":8},"end":{"line":101,"column":30}},"49":{"start":{"line":104,"column":8},"end":{"line":104,"column":33}},"50":{"start":{"line":107,"column":8},"end":{"line":107,"column":26}},"51":{"start":{"line":110,"column":8},"end":{"line":110,"column":37}},"52":{"start":{"line":113,"column":8},"end":{"line":113,"column":28}},"53":{"start":{"line":116,"column":8},"end":{"line":116,"column":30}},"54":{"start":{"line":119,"column":8},"end":{"line":119,"column":41}},"55":{"start":{"line":126,"column":26},"end":{"line":126,"column":373}},"56":{"start":{"line":127,"column":27},"end":{"line":127,"column":330}},"57":{"start":{"line":128,"column":8},"end":{"line":128,"column":44}},"58":{"start":{"line":131,"column":0},"end":{"line":131,"column":20}}},"fnMap":{"0":{"name":"(anonymous_0)","decl":{"start":{"line":30,"column":4},"end":{"line":30,"column":5}},"loc":{"start":{"line":30,"column":184},"end":{"line":48,"column":5}},"line":30},"1":{"name":"(anonymous_1)","decl":{"start":{"line":54,"column":4},"end":{"line":54,"column":5}},"loc":{"start":{"line":54,"column":23},"end":{"line":91,"column":5}},"line":54},"2":{"name":"(anonymous_2)","decl":{"start":{"line":96,"column":4},"end":{"line":96,"column":5}},"loc":{"start":{"line":96,"column":23},"end":{"line":99,"column":5}},"line":96},"3":{"name":"(anonymous_3)","decl":{"start":{"line":100,"column":4},"end":{"line":100,"column":5}},"loc":{"start":{"line":100,"column":19},"end":{"line":102,"column":5}},"line":100},"4":{"name":"(anonymous_4)","decl":{"start":{"line":103,"column":4},"end":{"line":103,"column":5}},"loc":{"start":{"line":103,"column":22},"end":{"line":105,"column":5}},"line":103},"5":{"name":"(anonymous_5)","decl":{"start":{"line":106,"column":4},"end":{"line":106,"column":5}},"loc":{"start":{"line":106,"column":15},"end":{"line":108,"column":5}},"line":106},"6":{"name":"(anonymous_6)","decl":{"start":{"line":109,"column":4},"end":{"line":109,"column":5}},"loc":{"start":{"line":109,"column":26},"end":{"line":111,"column":5}},"line":109},"7":{"name":"(anonymous_7)","decl":{"start":{"line":112,"column":4},"end":{"line":112,"column":5}},"loc":{"start":{"line":112,"column":17},"end":{"line":114,"column":5}},"line":112},"8":{"name":"(anonymous_8)","decl":{"start":{"line":115,"column":4},"end":{"line":115,"column":5}},"loc":{"start":{"line":115,"column":19},"end":{"line":117,"column":5}},"line":115},"9":{"name":"(anonymous_9)","decl":{"start":{"line":118,"column":4},"end":{"line":118,"column":5}},"loc":{"start":{"line":118,"column":30},"end":{"line":120,"column":5}},"line":118},"10":{"name":"(anonymous_10)","decl":{"start":{"line":125,"column":4},"end":{"line":125,"column":5}},"loc":{"start":{"line":125,"column":20},"end":{"line":129,"column":5}},"line":125}},"branchMap":{"0":{"loc":{"start":{"line":59,"column":8},"end":{"line":88,"column":9}},"type":"if","locations":[{"start":{"line":59,"column":8},"end":{"line":88,"column":9}},{"start":{"line":59,"column":8},"end":{"line":88,"column":9}}],"line":59},"1":{"loc":{"start":{"line":59,"column":12},"end":{"line":59,"column":75}},"type":"binary-expr","locations":[{"start":{"line":59,"column":12},"end":{"line":59,"column":40}},{"start":{"line":59,"column":44},"end":{"line":59,"column":75}}],"line":59},"2":{"loc":{"start":{"line":62,"column":13},"end":{"line":88,"column":9}},"type":"if","locations":[{"start":{"line":62,"column":13},"end":{"line":88,"column":9}},{"start":{"line":62,"column":13},"end":{"line":88,"column":9}}],"line":62},"3":{"loc":{"start":{"line":62,"column":17},"end":{"line":62,"column":80}},"type":"binary-expr","locations":[{"start":{"line":62,"column":17},"end":{"line":62,"column":45}},{"start":{"line":62,"column":49},"end":{"line":62,"column":80}}],"line":62},"4":{"loc":{"start":{"line":65,"column":13},"end":{"line":88,"column":9}},"type":"if","locations":[{"start":{"line":65,"column":13},"end":{"line":88,"column":9}},{"start":{"line":65,"column":13},"end":{"line":88,"column":9}}],"line":65},"5":{"loc":{"start":{"line":65,"column":17},"end":{"line":65,"column":73}},"type":"binary-expr","locations":[{"start":{"line":65,"column":17},"end":{"line":65,"column":41}},{"start":{"line":65,"column":45},"end":{"line":65,"column":73}}],"line":65},"6":{"loc":{"start":{"line":68,"column":13},"end":{"line":88,"column":9}},"type":"if","locations":[{"start":{"line":68,"column":13},"end":{"line":88,"column":9}},{"start":{"line":68,"column":13},"end":{"line":88,"column":9}}],"line":68},"7":{"loc":{"start":{"line":68,"column":17},"end":{"line":68,"column":73}},"type":"binary-expr","locations":[{"start":{"line":68,"column":17},"end":{"line":68,"column":42}},{"start":{"line":68,"column":46},"end":{"line":68,"column":73}}],"line":68},"8":{"loc":{"start":{"line":71,"column":13},"end":{"line":88,"column":9}},"type":"if","locations":[{"start":{"line":71,"column":13},"end":{"line":88,"column":9}},{"start":{"line":71,"column":13},"end":{"line":88,"column":9}}],"line":71},"9":{"loc":{"start":{"line":71,"column":17},"end":{"line":71,"column":71}},"type":"binary-expr","locations":[{"start":{"line":71,"column":17},"end":{"line":71,"column":39}},{"start":{"line":71,"column":43},"end":{"line":71,"column":71}}],"line":71},"10":{"loc":{"start":{"line":74,"column":13},"end":{"line":88,"column":9}},"type":"if","locations":[{"start":{"line":74,"column":13},"end":{"line":88,"column":9}},{"start":{"line":74,"column":13},"end":{"line":88,"column":9}}],"line":74},"11":{"loc":{"start":{"line":74,"column":17},"end":{"line":74,"column":71}},"type":"binary-expr","locations":[{"start":{"line":74,"column":17},"end":{"line":74,"column":42}},{"start":{"line":74,"column":46},"end":{"line":74,"column":71}}],"line":74},"12":{"loc":{"start":{"line":77,"column":13},"end":{"line":88,"column":9}},"type":"if","locations":[{"start":{"line":77,"column":13},"end":{"line":88,"column":9}},{"start":{"line":77,"column":13},"end":{"line":88,"column":9}}],"line":77},"13":{"loc":{"start":{"line":77,"column":17},"end":{"line":77,"column":77}},"type":"binary-expr","locations":[{"start":{"line":77,"column":17},"end":{"line":77,"column":42}},{"start":{"line":77,"column":46},"end":{"line":77,"column":77}}],"line":77},"14":{"loc":{"start":{"line":80,"column":13},"end":{"line":88,"column":9}},"type":"if","locations":[{"start":{"line":80,"column":13},"end":{"line":88,"column":9}},{"start":{"line":80,"column":13},"end":{"line":88,"column":9}}],"line":80},"15":{"loc":{"start":{"line":80,"column":17},"end":{"line":80,"column":77}},"type":"binary-expr","locations":[{"start":{"line":80,"column":17},"end":{"line":80,"column":45}},{"start":{"line":80,"column":49},"end":{"line":80,"column":77}}],"line":80},"16":{"loc":{"start":{"line":83,"column":13},"end":{"line":88,"column":9}},"type":"if","locations":[{"start":{"line":83,"column":13},"end":{"line":88,"column":9}},{"start":{"line":83,"column":13},"end":{"line":88,"column":9}}],"line":83},"17":{"loc":{"start":{"line":83,"column":17},"end":{"line":83,"column":77}},"type":"binary-expr","locations":[{"start":{"line":83,"column":17},"end":{"line":83,"column":45}},{"start":{"line":83,"column":49},"end":{"line":83,"column":77}}],"line":83},"18":{"loc":{"start":{"line":86,"column":13},"end":{"line":88,"column":9}},"type":"if","locations":[{"start":{"line":86,"column":13},"end":{"line":88,"column":9}},{"start":{"line":86,"column":13},"end":{"line":88,"column":9}}],"line":86},"19":{"loc":{"start":{"line":86,"column":17},"end":{"line":86,"column":77}},"type":"binary-expr","locations":[{"start":{"line":86,"column":17},"end":{"line":86,"column":42}},{"start":{"line":86,"column":46},"end":{"line":86,"column":77}}],"line":86}},"s":{"0":1,"1":1,"2":1,"3":2,"4":2,"5":2,"6":2,"7":2,"8":2,"9":2,"10":2,"11":2,"12":2,"13":2,"14":2,"15":2,"16":2,"17":2,"18":2,"19":2,"20":4,"21":4,"22":4,"23":4,"24":4,"25":0,"26":4,"27":0,"28":4,"29":0,"30":4,"31":0,"32":4,"33":0,"34":4,"35":0,"36":4,"37":0,"38":4,"39":0,"40":4,"41":2,"42":2,"43":2,"44":4,"45":4,"46":2,"47":2,"48":2,"49":2,"50":2,"51":2,"52":2,"53":2,"54":2,"55":2,"56":2,"57":2,"58":1},"f":{"0":2,"1":4,"2":2,"3":2,"4":2,"5":2,"6":2,"7":2,"8":2,"9":2,"10":2},"b":{"0":[0,4],"1":[4,0],"2":[0,4],"3":[4,2],"4":[0,4],"5":[4,0],"6":[0,4],"7":[4,0],"8":[0,4],"9":[4,0],"10":[0,4],"11":[4,0],"12":[0,4],"13":[4,2],"14":[0,4],"15":[4,0],"16":[2,2],"17":[4,2],"18":[2,0],"19":[2,2]},"inputSourceMap":{"version":3,"file":"/home/usuario/ull-esit-inf-dsi-21-22-prct06-generics-solid-Pablo400/src/Jojo.ts","sources":["/home/usuario/ull-esit-inf-dsi-21-22-prct06-generics-solid-Pablo400/src/Jojo.ts"],"names":[],"mappings":";;;AAAA,gCAAgC;AAChC,kCAAkC;AAClC,4BAA4B;AAC5B,uCAAkC;AAElC;;GAEG;AACH,MAAa,IAAK,SAAQ,iBAAO;IAC/B;;;;;;;;;;;;;;;;;OAiBG;IACH,YAAsB,IAAa,EAAY,MAAe,EAClD,MAAe,EAAY,IAAa,EAAY,MAAe,EACnE,OAAgB,EAAY,QAAiB,EAAY,MAAe,EACxE,WAAoB,EAAY,SAAkB,EAAY,YAAqB,EAAY,KAAc,EAC7G,gBAAyB,EAAY,OAAgB,EAAY,SAAkB,EACnF,oBAA6B;QACvC,KAAK,CAAC,IAAI,EAAE,MAAM,EAAE,MAAM,EAAE,IAAI,EAAE,MAAM,EAAE,OAAO,EAAE,QAAQ,EAAE,MAAM,EAAE,WAAW,CAAC,CAAC;QAN9D,SAAI,GAAJ,IAAI,CAAS;QAAY,WAAM,GAAN,MAAM,CAAS;QAClD,WAAM,GAAN,MAAM,CAAS;QAAY,SAAI,GAAJ,IAAI,CAAS;QAAY,WAAM,GAAN,MAAM,CAAS;QACnE,YAAO,GAAP,OAAO,CAAS;QAAY,aAAQ,GAAR,QAAQ,CAAS;QAAY,WAAM,GAAN,MAAM,CAAS;QACxE,gBAAW,GAAX,WAAW,CAAS;QAAY,cAAS,GAAT,SAAS,CAAS;QAAY,iBAAY,GAAZ,YAAY,CAAS;QAAY,UAAK,GAAL,KAAK,CAAS;QAC7G,qBAAgB,GAAhB,gBAAgB,CAAS;QAAY,YAAO,GAAP,OAAO,CAAS;QAAY,cAAS,GAAT,SAAS,CAAS;QACnF,yBAAoB,GAApB,oBAAoB,CAAS;IAEzC,CAAC;IAED;;;;OAIG;IACH,SAAS,CAAC,OAAa;QACrB,MAAM,cAAc,GAAY,CAAC,CAAC;QAClC,MAAM,OAAO,GAAY,CAAC,CAAC;QAC3B,MAAM,gBAAgB,GAAY,GAAG,CAAC;QACtC,IAAI,kBAAkB,GAAG,CAAC,CAAC;QAE3B,IAAK,IAAI,CAAC,IAAI,IAAI,eAAe,IAAI,OAAO,CAAC,IAAI,IAAI,eAAe,EAAG;YACrE,kBAAkB,GAAG,cAAc,CAAC;SACrC;aAAM,IAAK,IAAI,CAAC,IAAI,IAAI,eAAe,IAAI,OAAO,CAAC,IAAI,IAAI,eAAe,EAAG;YAC5E,kBAAkB,GAAG,gBAAgB,CAAC;SACvC;aAAM,IAAK,IAAI,CAAC,IAAI,IAAI,WAAW,IAAI,OAAO,CAAC,IAAI,IAAI,YAAY,EAAG;YACrE,kBAAkB,GAAG,OAAO,CAAC;SAC9B;aAAM,IAAK,IAAI,CAAC,IAAI,IAAI,YAAY,IAAI,OAAO,CAAC,IAAI,IAAI,WAAW,EAAG;YACrE,kBAAkB,GAAG,cAAc,CAAC;SACrC;aAAM,IAAK,IAAI,CAAC,IAAI,IAAI,SAAS,IAAI,OAAO,CAAC,IAAI,IAAI,YAAY,EAAG;YACnE,kBAAkB,GAAG,cAAc,CAAC;SACrC;aAAM,IAAK,IAAI,CAAC,IAAI,IAAI,YAAY,IAAI,OAAO,CAAC,IAAI,IAAI,SAAS,EAAG;YACnE,kBAAkB,GAAG,OAAO,CAAC;SAC9B;aAAM,IAAK,IAAI,CAAC,IAAI,IAAI,YAAY,IAAI,OAAO,CAAC,IAAI,IAAI,eAAe,EAAG;YACzE,kBAAkB,GAAG,OAAO,CAAC;SAC9B;aAAM,IAAK,IAAI,CAAC,IAAI,IAAI,eAAe,IAAI,OAAO,CAAC,IAAI,IAAI,YAAY,EAAG;YACzE,kBAAkB,GAAG,gBAAgB,CAAC;SACvC;aAAM,IAAK,IAAI,CAAC,IAAI,IAAI,eAAe,IAAI,OAAO,CAAC,IAAI,IAAI,YAAY,EAAG;YACzE,kBAAkB,GAAG,cAAc,CAAC;SACrC;aAAM,IAAK,IAAI,CAAC,IAAI,IAAI,YAAY,IAAI,OAAO,CAAC,IAAI,IAAI,eAAe,EAAG;YACzE,kBAAkB,GAAG,OAAO,CAAC;SAC9B;QAED,MAAM,MAAM,GAAY,CAAC,CAAC,IAAI,CAAC,MAAM,GAAG,IAAI,CAAC,OAAO,CAAC,GAAG,kBAAkB,CAAC,CAAC;QAE5E,OAAO,MAAM,CAAC;IAChB,CAAC;IAED;;;OAGG;IACH,gBAAgB;QACd,MAAM,MAAM,GAAG,CAAC,IAAI,CAAC,MAAM,GAAG,IAAI,CAAC,OAAO,CAAC,GAAG,CAAC,CAAC;QAChD,OAAO,MAAM,CAAC;IAChB,CAAC;IAED,YAAY;QACV,OAAO,IAAI,CAAC,SAAS,CAAC;IACxB,CAAC;IAED,eAAe;QACb,OAAO,IAAI,CAAC,YAAY,CAAC;IAC3B,CAAC;IAED,QAAQ;QACN,OAAO,IAAI,CAAC,KAAK,CAAC;IACpB,CAAC;IAED,mBAAmB;QACjB,OAAO,IAAI,CAAC,gBAAgB,CAAC;IAC/B,CAAC;IAED,UAAU;QACR,OAAO,IAAI,CAAC,OAAO,CAAC;IACtB,CAAC;IAED,YAAY;QACV,OAAO,IAAI,CAAC,SAAS,CAAC;IACxB,CAAC;IAED,uBAAuB;QACrB,OAAO,IAAI,CAAC,oBAAoB,CAAC;IACnC,CAAC;IAED;;;OAGG;IACH,aAAa;QACX,MAAM,SAAS,GAAY,GAAG,IAAI,CAAC,OAAO,EAAE,2BAA2B,IAAI,CAAC,OAAO,EAAE,KAAK,IAAI,CAAC,OAAO,EAAE,SAAS,IAAI,CAAC,SAAS,EAAE,cAAc,IAAI,CAAC,SAAS,EAAE,gBAAgB,IAAI,CAAC,YAAY,EAAE,UAAU,IAAI,CAAC,SAAS,EAAE,sBAAsB,IAAI,CAAC,UAAU,EAAE,uBAAuB,IAAI,CAAC,WAAW,EAAE,0BAA0B,IAAI,CAAC,OAAO,EAAE,UAAU,IAAI,CAAC,SAAS,EAAE,QAAQ,CAAC;QACvX,MAAM,UAAU,GAAW,0DAA0D,IAAI,CAAC,eAAe,EAAE,yBAAyB,IAAI,CAAC,QAAQ,EAAE,0BAA0B,IAAI,CAAC,mBAAmB,EAAE,gBAAgB,IAAI,CAAC,UAAU,EAAE,kBAAkB,IAAI,CAAC,YAAY,EAAE,6BAA6B,IAAI,CAAC,uBAAuB,EAAE,EAAE,CAAC;QAC3U,OAAO,GAAG,SAAS,IAAI,UAAU,EAAE,CAAC;IACtC,CAAC;CACF;AAhHD,oBAgHC","sourcesContent":["/* eslint-disable valid-jsdoc */\n/* eslint-disable require-jsdoc */\n/* eslint-disable max-len */\nimport {Fighter} from './Fighter';\n\n/**\n * Contains the atributes of a Jojo character\n */\nexport class Jojo extends Fighter {\n  /**\n   * Recieves the Jojo character data\n   * @param name Jojo character name\n   * @param height Jojo character height\n   * @param weight Jojo character weight\n   * @param type Jojo character type\n   * @param attack Jojo character attack\n   * @param defense Jojo character defense\n   * @param velocity Jojo character velocity\n   * @param health Jojo character health\n   * @param standName Name of the Stand\n   * @param specialPower Special Power of the Stand\n   * @param range Range of the Stand\n   * @param destructivePower Destructive Power of the Stand\n   * @param stamina Stand Satamina of the Stand\n   * @param precision Stand Precision of the Stand\n   * @param developmentPotencial Development Potencial of the Stand\n   */\n  constructor(protected name : string, protected height : number,\n    protected weight : number, protected type : string, protected attack : number,\n    protected defense : number, protected velocity : number, protected health : number,\n    protected catchPhrase : string, protected standName : string, protected specialPower : string, protected range : string,\n    protected destructivePower : string, protected stamina : string, protected precision : string,\n    protected developmentPotencial : string) {\n    super(name, height, weight, type, attack, defense, velocity, health, catchPhrase);\n  }\n\n  /**\n   * This method calculates the stand damage of a jojo character with his type, this function only works on the Jojo Universe\n   * @param Fighter Jojo Fighter\n   * @returns The damage of a Jojo Fighter\n   */\n  getDamage(Fighter: Jojo): number {\n    const superEffective : number = 2;\n    const neutral : number = 1;\n    const notVeryEffective : number = 0.5;\n    let standEffectiveness = 0;\n\n    if ( this.type == 'Largo Alcance' && Fighter.type == 'Corto Alcance' ) {\n      standEffectiveness = superEffective;\n    } else if ( this.type == 'Corto Alcance' && Fighter.type == 'Largo Alcance' ) {\n      standEffectiveness = notVeryEffective;\n    } else if ( this.type == 'Humanoide' && Fighter.type == 'Artificial' ) {\n      standEffectiveness = neutral;\n    } else if ( this.type == 'Artificial' && Fighter.type == 'Humanoide' ) {\n      standEffectiveness = superEffective;\n    } else if ( this.type == 'Natural' && Fighter.type == 'Artificial' ) {\n      standEffectiveness = superEffective;\n    } else if ( this.type == 'Artificial' && Fighter.type == 'Natural' ) {\n      standEffectiveness = neutral;\n    } else if ( this.type == 'Automático' && Fighter.type == 'Control Total' ) {\n      standEffectiveness = neutral;\n    } else if ( this.type == 'Control Total' && Fighter.type == 'Automático' ) {\n      standEffectiveness = notVeryEffective;\n    } else if ( this.type == 'Corto Alcance' && Fighter.type == 'Automático' ) {\n      standEffectiveness = superEffective;\n    } else if ( this.type == 'Automático' && Fighter.type == 'Corto Alcance' ) {\n      standEffectiveness = neutral;\n    }\n\n    const damage : number = ((this.attack / this.defense) * standEffectiveness);\n\n    return damage;\n  }\n\n  /**\n   * This method calculates the stand damage of a jojo character on other Universe, the Jojo characters are more powerful in other universe\n   * @returns The general damage of a Stand User on other Universe\n   */\n  getGeneralDamage(): number {\n    const damage = (this.attack / this.defense) * 2;\n    return damage;\n  }\n\n  getStandName() {\n    return this.standName;\n  }\n\n  getSpecialPower() {\n    return this.specialPower;\n  }\n\n  getRange() {\n    return this.range;\n  }\n\n  getDestructivePower() {\n    return this.destructivePower;\n  }\n\n  getStamina() {\n    return this.stamina;\n  }\n\n  getPrecision() {\n    return this.precision;\n  }\n\n  getDevelopmentPotencial() {\n    return this.developmentPotencial;\n  }\n\n  /**\n   * Prints information of a Jojo Character\n   * @return Printed Jojo Character Information\n   */\n  printJojoData() {\n    const firstData : string = `${this.getName()} tiene un stand de tipo ${this.getType()}, ${this.getName()} pesa ${this.getWeight()} kg y mide ${this.getHeight()} m. Su stand ${this.getStandName()} tiene ${this.getAttack()} puntos de ataque, ${this.getDefense()} puntos de defensa, ${this.getVelocity()} puntos de velocidad y ${this.getName()} tiene ${this.getHealth()} vida.`;\n    const secondData : string= `Otros datos de interés del stand son su poder especial ${this.getSpecialPower()}, distancia de efecto ${this.getRange()}, su poder destructivo ${this.getDestructivePower()}, su stamina ${this.getStamina()}, su precisión ${this.getPrecision()} y su potencial de mejora ${this.getDevelopmentPotencial()}`;\n    return `${firstData} ${secondData}`;\n  }\n}\n"]},"_coverageSchema":"1a1c01bbd47fc00a2c39e90264f33305004495a9","hash":"81894ce2902dbb0d7d27c9a3721938c81d5ba03c","contentHash":"aa203f6b0d7d515226df860fda206a1eedc390c8c15d59b1c4334dec691330d5"},"/home/usuario/ull-esit-inf-dsi-21-22-prct06-generics-solid-Pablo400/src/Fighter.ts":{"path":"/home/usuario/ull-esit-inf-dsi-21-22-prct06-generics-solid-Pablo400/src/Fighter.ts","statementMap":{"0":{"start":{"line":5,"column":0},"end":{"line":5,"column":62}},"1":{"start":{"line":6,"column":0},"end":{"line":6,"column":25}},"2":{"start":{"line":23,"column":8},"end":{"line":23,"column":25}},"3":{"start":{"line":24,"column":8},"end":{"line":24,"column":29}},"4":{"start":{"line":25,"column":8},"end":{"line":25,"column":29}},"5":{"start":{"line":26,"column":8},"end":{"line":26,"column":25}},"6":{"start":{"line":27,"column":8},"end":{"line":27,"column":29}},"7":{"start":{"line":28,"column":8},"end":{"line":28,"column":31}},"8":{"start":{"line":29,"column":8},"end":{"line":29,"column":33}},"9":{"start":{"line":30,"column":8},"end":{"line":30,"column":29}},"10":{"start":{"line":31,"column":8},"end":{"line":31,"column":39}},"11":{"start":{"line":34,"column":8},"end":{"line":34,"column":25}},"12":{"start":{"line":37,"column":8},"end":{"line":37,"column":27}},"13":{"start":{"line":40,"column":8},"end":{"line":40,"column":27}},"14":{"start":{"line":43,"column":8},"end":{"line":43,"column":25}},"15":{"start":{"line":46,"column":8},"end":{"line":46,"column":27}},"16":{"start":{"line":49,"column":8},"end":{"line":49,"column":28}},"17":{"start":{"line":52,"column":8},"end":{"line":52,"column":29}},"18":{"start":{"line":55,"column":8},"end":{"line":55,"column":27}},"19":{"start":{"line":58,"column":8},"end":{"line":58,"column":32}},"20":{"start":{"line":61,"column":0},"end":{"line":61,"column":26}}},"fnMap":{"0":{"name":"(anonymous_0)","decl":{"start":{"line":22,"column":4},"end":{"line":22,"column":5}},"loc":{"start":{"line":22,"column":92},"end":{"line":32,"column":5}},"line":22},"1":{"name":"(anonymous_1)","decl":{"start":{"line":33,"column":4},"end":{"line":33,"column":5}},"loc":{"start":{"line":33,"column":14},"end":{"line":35,"column":5}},"line":33},"2":{"name":"(anonymous_2)","decl":{"start":{"line":36,"column":4},"end":{"line":36,"column":5}},"loc":{"start":{"line":36,"column":16},"end":{"line":38,"column":5}},"line":36},"3":{"name":"(anonymous_3)","decl":{"start":{"line":39,"column":4},"end":{"line":39,"column":5}},"loc":{"start":{"line":39,"column":16},"end":{"line":41,"column":5}},"line":39},"4":{"name":"(anonymous_4)","decl":{"start":{"line":42,"column":4},"end":{"line":42,"column":5}},"loc":{"start":{"line":42,"column":14},"end":{"line":44,"column":5}},"line":42},"5":{"name":"(anonymous_5)","decl":{"start":{"line":45,"column":4},"end":{"line":45,"column":5}},"loc":{"start":{"line":45,"column":16},"end":{"line":47,"column":5}},"line":45},"6":{"name":"(anonymous_6)","decl":{"start":{"line":48,"column":4},"end":{"line":48,"column":5}},"loc":{"start":{"line":48,"column":17},"end":{"line":50,"column":5}},"line":48},"7":{"name":"(anonymous_7)","decl":{"start":{"line":51,"column":4},"end":{"line":51,"column":5}},"loc":{"start":{"line":51,"column":18},"end":{"line":53,"column":5}},"line":51},"8":{"name":"(anonymous_8)","decl":{"start":{"line":54,"column":4},"end":{"line":54,"column":5}},"loc":{"start":{"line":54,"column":16},"end":{"line":56,"column":5}},"line":54},"9":{"name":"(anonymous_9)","decl":{"start":{"line":57,"column":4},"end":{"line":57,"column":5}},"loc":{"start":{"line":57,"column":21},"end":{"line":59,"column":5}},"line":57}},"branchMap":{},"s":{"0":1,"1":1,"2":4,"3":4,"4":4,"5":4,"6":4,"7":4,"8":4,"9":4,"10":4,"11":340,"12":4,"13":4,"14":4,"15":4,"16":4,"17":204,"18":16,"19":148,"20":1},"f":{"0":4,"1":340,"2":4,"3":4,"4":4,"5":4,"6":4,"7":204,"8":16,"9":148},"b":{},"inputSourceMap":{"version":3,"file":"/home/usuario/ull-esit-inf-dsi-21-22-prct06-generics-solid-Pablo400/src/Fighter.ts","sources":["/home/usuario/ull-esit-inf-dsi-21-22-prct06-generics-solid-Pablo400/src/Fighter.ts"],"names":[],"mappings":";AAAA,gCAAgC;AAChC,kCAAkC;AAClC,4BAA4B;;;AAE5B;;GAEG;AACH,MAAsB,OAAO;IAC3B;;;;;;;;;;OAUG;IACH,YAAsB,IAAa,EAAY,MAAe,EAClD,MAAe,EAAY,IAAa,EAAY,MAAe,EACnE,OAAgB,EAAY,QAAiB,EAAY,MAAe,EACxE,WAAoB;QAHV,SAAI,GAAJ,IAAI,CAAS;QAAY,WAAM,GAAN,MAAM,CAAS;QAClD,WAAM,GAAN,MAAM,CAAS;QAAY,SAAI,GAAJ,IAAI,CAAS;QAAY,WAAM,GAAN,MAAM,CAAS;QACnE,YAAO,GAAP,OAAO,CAAS;QAAY,aAAQ,GAAR,QAAQ,CAAS;QAAY,WAAM,GAAN,MAAM,CAAS;QACxE,gBAAW,GAAX,WAAW,CAAS;IAAI,CAAC;IAErC,OAAO;QACL,OAAO,IAAI,CAAC,IAAI,CAAC;IACnB,CAAC;IAED,SAAS;QACP,OAAO,IAAI,CAAC,MAAM,CAAC;IACrB,CAAC;IAED,SAAS;QACP,OAAO,IAAI,CAAC,MAAM,CAAC;IACrB,CAAC;IAED,OAAO;QACL,OAAO,IAAI,CAAC,IAAI,CAAC;IACnB,CAAC;IAED,SAAS;QACP,OAAO,IAAI,CAAC,MAAM,CAAC;IACrB,CAAC;IAED,UAAU;QACR,OAAO,IAAI,CAAC,OAAO,CAAC;IACtB,CAAC;IAED,WAAW;QACT,OAAO,IAAI,CAAC,QAAQ,CAAC;IACvB,CAAC;IAED,SAAS;QACP,OAAO,IAAI,CAAC,MAAM,CAAC;IACrB,CAAC;IAED,cAAc;QACZ,OAAO,IAAI,CAAC,WAAW,CAAC;IAC1B,CAAC;CAKF;AAxDD,0BAwDC","sourcesContent":["/* eslint-disable valid-jsdoc */\n/* eslint-disable require-jsdoc */\n/* eslint-disable max-len */\n\n/**\n * Abstract Fighter Class\n */\nexport abstract class Fighter {\n  /**\n   * Constructor Fighter Class\n   * @param name Character name\n   * @param height Character height\n   * @param weight Character weight\n   * @param type Character type\n   * @param attack Character attack\n   * @param defense Character defense\n   * @param velocity Character velocity\n   * @param health Character health\n   */\n  constructor(protected name : string, protected height : number,\n    protected weight : number, protected type : string, protected attack : number,\n    protected defense : number, protected velocity : number, protected health : number,\n    protected catchPhrase : string) { }\n\n  getName() {\n    return this.name;\n  }\n\n  getHeight() {\n    return this.height;\n  }\n\n  getWeight() {\n    return this.weight;\n  }\n\n  getType() {\n    return this.type;\n  }\n\n  getAttack() {\n    return this.attack;\n  }\n\n  getDefense() {\n    return this.defense;\n  }\n\n  getVelocity() {\n    return this.velocity;\n  }\n\n  getHealth() {\n    return this.health;\n  }\n\n  getCatchPhrase() {\n    return this.catchPhrase;\n  }\n\n  abstract getDamage(Fighter : any) : number;\n\n  abstract getGeneralDamage() : number;\n}\n"]},"_coverageSchema":"1a1c01bbd47fc00a2c39e90264f33305004495a9","hash":"bccc66bb80e8a8ec90f5d75b7e4f4eeaa4b619b0","contentHash":"10c4c8f73ab3d87a919af77f9372b0f32c24c7ee52a487c9dc75a91a99345b5f"},"/home/usuario/ull-esit-inf-dsi-21-22-prct06-generics-solid-Pablo400/src/Pokemon.ts":{"path":"/home/usuario/ull-esit-inf-dsi-21-22-prct06-generics-solid-Pablo400/src/Pokemon.ts","statementMap":{"0":{"start":{"line":2,"column":0},"end":{"line":2,"column":62}},"1":{"start":{"line":3,"column":0},"end":{"line":3,"column":25}},"2":{"start":{"line":7,"column":18},"end":{"line":7,"column":38}},"3":{"start":{"line":25,"column":8},"end":{"line":25,"column":90}},"4":{"start":{"line":26,"column":8},"end":{"line":26,"column":25}},"5":{"start":{"line":27,"column":8},"end":{"line":27,"column":29}},"6":{"start":{"line":28,"column":8},"end":{"line":28,"column":29}},"7":{"start":{"line":29,"column":8},"end":{"line":29,"column":25}},"8":{"start":{"line":30,"column":8},"end":{"line":30,"column":29}},"9":{"start":{"line":31,"column":8},"end":{"line":31,"column":31}},"10":{"start":{"line":32,"column":8},"end":{"line":32,"column":33}},"11":{"start":{"line":33,"column":8},"end":{"line":33,"column":29}},"12":{"start":{"line":34,"column":8},"end":{"line":34,"column":39}},"13":{"start":{"line":35,"column":8},"end":{"line":35,"column":45}},"14":{"start":{"line":38,"column":8},"end":{"line":38,"column":35}},"15":{"start":{"line":46,"column":30},"end":{"line":46,"column":31}},"16":{"start":{"line":47,"column":24},"end":{"line":47,"column":25}},"17":{"start":{"line":48,"column":33},"end":{"line":48,"column":36}},"18":{"start":{"line":49,"column":35},"end":{"line":49,"column":36}},"19":{"start":{"line":50,"column":8},"end":{"line":79,"column":9}},"20":{"start":{"line":51,"column":12},"end":{"line":51,"column":49}},"21":{"start":{"line":53,"column":13},"end":{"line":79,"column":9}},"22":{"start":{"line":54,"column":12},"end":{"line":54,"column":52}},"23":{"start":{"line":56,"column":13},"end":{"line":79,"column":9}},"24":{"start":{"line":57,"column":12},"end":{"line":57,"column":43}},"25":{"start":{"line":59,"column":13},"end":{"line":79,"column":9}},"26":{"start":{"line":60,"column":12},"end":{"line":60,"column":52}},"27":{"start":{"line":62,"column":13},"end":{"line":79,"column":9}},"28":{"start":{"line":63,"column":12},"end":{"line":63,"column":52}},"29":{"start":{"line":65,"column":13},"end":{"line":79,"column":9}},"30":{"start":{"line":66,"column":12},"end":{"line":66,"column":49}},"31":{"start":{"line":68,"column":13},"end":{"line":79,"column":9}},"32":{"start":{"line":69,"column":12},"end":{"line":69,"column":43}},"33":{"start":{"line":71,"column":13},"end":{"line":79,"column":9}},"34":{"start":{"line":72,"column":12},"end":{"line":72,"column":52}},"35":{"start":{"line":74,"column":13},"end":{"line":79,"column":9}},"36":{"start":{"line":75,"column":12},"end":{"line":75,"column":49}},"37":{"start":{"line":77,"column":13},"end":{"line":79,"column":9}},"38":{"start":{"line":78,"column":12},"end":{"line":78,"column":49}},"39":{"start":{"line":80,"column":24},"end":{"line":80,"column":75}},"40":{"start":{"line":81,"column":8},"end":{"line":81,"column":22}},"41":{"start":{"line":88,"column":24},"end":{"line":88,"column":50}},"42":{"start":{"line":89,"column":8},"end":{"line":89,"column":22}},"43":{"start":{"line":96,"column":8},"end":{"line":96,"column":325}},"44":{"start":{"line":99,"column":0},"end":{"line":99,"column":26}}},"fnMap":{"0":{"name":"(anonymous_0)","decl":{"start":{"line":24,"column":4},"end":{"line":24,"column":5}},"loc":{"start":{"line":24,"column":108},"end":{"line":36,"column":5}},"line":24},"1":{"name":"(anonymous_1)","decl":{"start":{"line":37,"column":4},"end":{"line":37,"column":5}},"loc":{"start":{"line":37,"column":24},"end":{"line":39,"column":5}},"line":37},"2":{"name":"(anonymous_2)","decl":{"start":{"line":45,"column":4},"end":{"line":45,"column":5}},"loc":{"start":{"line":45,"column":23},"end":{"line":82,"column":5}},"line":45},"3":{"name":"(anonymous_3)","decl":{"start":{"line":87,"column":4},"end":{"line":87,"column":5}},"loc":{"start":{"line":87,"column":23},"end":{"line":90,"column":5}},"line":87},"4":{"name":"(anonymous_4)","decl":{"start":{"line":95,"column":4},"end":{"line":95,"column":5}},"loc":{"start":{"line":95,"column":23},"end":{"line":97,"column":5}},"line":95}},"branchMap":{"0":{"loc":{"start":{"line":50,"column":8},"end":{"line":79,"column":9}},"type":"if","locations":[{"start":{"line":50,"column":8},"end":{"line":79,"column":9}},{"start":{"line":50,"column":8},"end":{"line":79,"column":9}}],"line":50},"1":{"loc":{"start":{"line":50,"column":12},"end":{"line":50,"column":60}},"type":"binary-expr","locations":[{"start":{"line":50,"column":12},"end":{"line":50,"column":32}},{"start":{"line":50,"column":36},"end":{"line":50,"column":60}}],"line":50},"2":{"loc":{"start":{"line":53,"column":13},"end":{"line":79,"column":9}},"type":"if","locations":[{"start":{"line":53,"column":13},"end":{"line":79,"column":9}},{"start":{"line":53,"column":13},"end":{"line":79,"column":9}}],"line":53},"3":{"loc":{"start":{"line":53,"column":17},"end":{"line":53,"column":63}},"type":"binary-expr","locations":[{"start":{"line":53,"column":17},"end":{"line":53,"column":37}},{"start":{"line":53,"column":41},"end":{"line":53,"column":63}}],"line":53},"4":{"loc":{"start":{"line":56,"column":13},"end":{"line":79,"column":9}},"type":"if","locations":[{"start":{"line":56,"column":13},"end":{"line":79,"column":9}},{"start":{"line":56,"column":13},"end":{"line":79,"column":9}}],"line":56},"5":{"loc":{"start":{"line":56,"column":17},"end":{"line":56,"column":68}},"type":"binary-expr","locations":[{"start":{"line":56,"column":17},"end":{"line":56,"column":37}},{"start":{"line":56,"column":41},"end":{"line":56,"column":68}}],"line":56},"6":{"loc":{"start":{"line":59,"column":13},"end":{"line":79,"column":9}},"type":"if","locations":[{"start":{"line":59,"column":13},"end":{"line":79,"column":9}},{"start":{"line":59,"column":13},"end":{"line":79,"column":9}}],"line":59},"7":{"loc":{"start":{"line":59,"column":17},"end":{"line":59,"column":64}},"type":"binary-expr","locations":[{"start":{"line":59,"column":17},"end":{"line":59,"column":36}},{"start":{"line":59,"column":40},"end":{"line":59,"column":64}}],"line":59},"8":{"loc":{"start":{"line":62,"column":13},"end":{"line":79,"column":9}},"type":"if","locations":[{"start":{"line":62,"column":13},"end":{"line":79,"column":9}},{"start":{"line":62,"column":13},"end":{"line":79,"column":9}}],"line":62},"9":{"loc":{"start":{"line":62,"column":17},"end":{"line":62,"column":67}},"type":"binary-expr","locations":[{"start":{"line":62,"column":17},"end":{"line":62,"column":36}},{"start":{"line":62,"column":40},"end":{"line":62,"column":67}}],"line":62},"10":{"loc":{"start":{"line":65,"column":13},"end":{"line":79,"column":9}},"type":"if","locations":[{"start":{"line":65,"column":13},"end":{"line":79,"column":9}},{"start":{"line":65,"column":13},"end":{"line":79,"column":9}}],"line":65},"11":{"loc":{"start":{"line":65,"column":17},"end":{"line":65,"column":63}},"type":"binary-expr","locations":[{"start":{"line":65,"column":17},"end":{"line":65,"column":36}},{"start":{"line":65,"column":40},"end":{"line":65,"column":63}}],"line":65},"12":{"loc":{"start":{"line":68,"column":13},"end":{"line":79,"column":9}},"type":"if","locations":[{"start":{"line":68,"column":13},"end":{"line":79,"column":9}},{"start":{"line":68,"column":13},"end":{"line":79,"column":9}}],"line":68},"13":{"loc":{"start":{"line":68,"column":17},"end":{"line":68,"column":69}},"type":"binary-expr","locations":[{"start":{"line":68,"column":17},"end":{"line":68,"column":38}},{"start":{"line":68,"column":42},"end":{"line":68,"column":69}}],"line":68},"14":{"loc":{"start":{"line":71,"column":13},"end":{"line":79,"column":9}},"type":"if","locations":[{"start":{"line":71,"column":13},"end":{"line":79,"column":9}},{"start":{"line":71,"column":13},"end":{"line":79,"column":9}}],"line":71},"15":{"loc":{"start":{"line":71,"column":17},"end":{"line":71,"column":65}},"type":"binary-expr","locations":[{"start":{"line":71,"column":17},"end":{"line":71,"column":38}},{"start":{"line":71,"column":42},"end":{"line":71,"column":65}}],"line":71},"16":{"loc":{"start":{"line":74,"column":13},"end":{"line":79,"column":9}},"type":"if","locations":[{"start":{"line":74,"column":13},"end":{"line":79,"column":9}},{"start":{"line":74,"column":13},"end":{"line":79,"column":9}}],"line":74},"17":{"loc":{"start":{"line":74,"column":17},"end":{"line":74,"column":64}},"type":"binary-expr","locations":[{"start":{"line":74,"column":17},"end":{"line":74,"column":38}},{"start":{"line":74,"column":42},"end":{"line":74,"column":64}}],"line":74},"18":{"loc":{"start":{"line":77,"column":13},"end":{"line":79,"column":9}},"type":"if","locations":[{"start":{"line":77,"column":13},"end":{"line":79,"column":9}},{"start":{"line":77,"column":13},"end":{"line":79,"column":9}}],"line":77},"19":{"loc":{"start":{"line":77,"column":17},"end":{"line":77,"column":67}},"type":"binary-expr","locations":[{"start":{"line":77,"column":17},"end":{"line":77,"column":41}},{"start":{"line":77,"column":45},"end":{"line":77,"column":67}}],"line":77}},"s":{"0":1,"1":1,"2":1,"3":2,"4":2,"5":2,"6":2,"7":2,"8":2,"9":2,"10":2,"11":2,"12":2,"13":2,"14":0,"15":4,"16":4,"17":4,"18":4,"19":4,"20":0,"21":4,"22":0,"23":4,"24":0,"25":4,"26":0,"27":4,"28":2,"29":2,"30":0,"31":2,"32":0,"33":2,"34":0,"35":2,"36":0,"37":2,"38":2,"39":4,"40":4,"41":2,"42":2,"43":2,"44":1},"f":{"0":2,"1":0,"2":4,"3":2,"4":2},"b":{"0":[0,4],"1":[4,0],"2":[0,4],"3":[4,0],"4":[0,4],"5":[4,0],"6":[0,4],"7":[4,2],"8":[2,2],"9":[4,2],"10":[0,2],"11":[2,0],"12":[0,2],"13":[2,0],"14":[0,2],"15":[2,0],"16":[0,2],"17":[2,0],"18":[2,0],"19":[2,2]},"inputSourceMap":{"version":3,"file":"/home/usuario/ull-esit-inf-dsi-21-22-prct06-generics-solid-Pablo400/src/Pokemon.ts","sources":["/home/usuario/ull-esit-inf-dsi-21-22-prct06-generics-solid-Pablo400/src/Pokemon.ts"],"names":[],"mappings":";;;AAAA,kCAAkC;AAClC,4BAA4B;AAC5B,gCAAgC;AAChC,uCAAkC;AAElC;;GAEG;AACH,MAAa,OAAQ,SAAQ,iBAAO;IAClC;;;;;;;;;;;OAWG;IACH,YAAsB,IAAa,EAAY,MAAe,EAClD,MAAe,EAAY,IAAa,EAAY,MAAe,EACnE,OAAgB,EAAY,QAAiB,EAAY,MAAe,EACxE,WAAoB,EAAY,cAAuB;QACjE,KAAK,CAAC,IAAI,EAAE,MAAM,EAAE,MAAM,EAAE,IAAI,EAAE,MAAM,EAAE,OAAO,EAAE,QAAQ,EAAE,MAAM,EAAE,WAAW,CAAC,CAAC;QAJ9D,SAAI,GAAJ,IAAI,CAAS;QAAY,WAAM,GAAN,MAAM,CAAS;QAClD,WAAM,GAAN,MAAM,CAAS;QAAY,SAAI,GAAJ,IAAI,CAAS;QAAY,WAAM,GAAN,MAAM,CAAS;QACnE,YAAO,GAAP,OAAO,CAAS;QAAY,aAAQ,GAAR,QAAQ,CAAS;QAAY,WAAM,GAAN,MAAM,CAAS;QACxE,gBAAW,GAAX,WAAW,CAAS;QAAY,mBAAc,GAAd,cAAc,CAAS;IAEnE,CAAC;IAED,iBAAiB;QACf,OAAO,IAAI,CAAC,cAAc,CAAC;IAC7B,CAAC;IAED;;;;OAIG;IACH,SAAS,CAAC,OAAiB;QACzB,MAAM,aAAa,GAAY,CAAC,CAAC;QACjC,MAAM,OAAO,GAAY,CAAC,CAAC;QAC3B,MAAM,gBAAgB,GAAY,GAAG,CAAC;QACtC,IAAI,oBAAoB,GAAG,CAAC,CAAC;QAE7B,IAAK,IAAI,CAAC,IAAI,IAAI,OAAO,IAAI,OAAO,CAAC,IAAI,IAAI,QAAQ,EAAG;YACtD,oBAAoB,GAAG,aAAa,CAAC;SACtC;aAAM,IAAK,IAAI,CAAC,IAAI,IAAI,OAAO,IAAI,OAAO,CAAC,IAAI,IAAI,MAAM,EAAG;YAC3D,oBAAoB,GAAG,gBAAgB,CAAC;SACzC;aAAM,IAAK,IAAI,CAAC,IAAI,IAAI,OAAO,IAAI,OAAO,CAAC,IAAI,IAAI,WAAW,EAAG;YAChE,oBAAoB,GAAG,OAAO,CAAC;SAChC;aAAM,IAAK,IAAI,CAAC,IAAI,IAAI,MAAM,IAAI,OAAO,CAAC,IAAI,IAAI,QAAQ,EAAG;YAC5D,oBAAoB,GAAG,gBAAgB,CAAC;SACzC;aAAM,IAAK,IAAI,CAAC,IAAI,IAAI,MAAM,IAAI,OAAO,CAAC,IAAI,IAAI,WAAW,EAAG;YAC/D,oBAAoB,GAAG,gBAAgB,CAAC;SACzC;aAAM,IAAK,IAAI,CAAC,IAAI,IAAI,MAAM,IAAI,OAAO,CAAC,IAAI,IAAI,OAAO,EAAG;YAC3D,oBAAoB,GAAG,aAAa,CAAC;SACtC;aAAM,IAAK,IAAI,CAAC,IAAI,IAAI,QAAQ,IAAI,OAAO,CAAC,IAAI,IAAI,WAAW,EAAG;YACjE,oBAAoB,GAAG,OAAO,CAAC;SAChC;aAAM,IAAK,IAAI,CAAC,IAAI,IAAI,QAAQ,IAAI,OAAO,CAAC,IAAI,IAAI,OAAO,EAAG;YAC7D,oBAAoB,GAAG,gBAAgB,CAAC;SACzC;aAAM,IAAK,IAAI,CAAC,IAAI,IAAI,QAAQ,IAAI,OAAO,CAAC,IAAI,IAAI,MAAM,EAAG;YAC5D,oBAAoB,GAAG,aAAa,CAAC;SACtC;aAAM,IAAK,IAAI,CAAC,IAAI,IAAI,WAAW,IAAI,OAAO,CAAC,IAAI,IAAI,MAAM,EAAG;YAC/D,oBAAoB,GAAG,aAAa,CAAC;SACtC;QAED,MAAM,MAAM,GAAY,CAAC,CAAC,IAAI,CAAC,MAAM,GAAG,IAAI,CAAC,OAAO,CAAC,GAAG,oBAAoB,CAAC,CAAC;QAE9E,OAAO,MAAM,CAAC;IAChB,CAAC;IAED;;;OAGG;IACH,gBAAgB;QACd,MAAM,MAAM,GAAG,CAAC,IAAI,CAAC,MAAM,GAAG,IAAI,CAAC,OAAO,CAAC,CAAC;QAC5C,OAAO,MAAM,CAAC;IAChB,CAAC;IAED;;;OAGG;IACH,gBAAgB;QACd,OAAO,MAAM,IAAI,CAAC,OAAO,EAAE,OAAO,IAAI,CAAC,cAAc,0BAA0B,IAAI,CAAC,OAAO,EAAE,UAAU,IAAI,CAAC,SAAS,EAAE,cAAc,IAAI,CAAC,SAAS,EAAE,YAAY,IAAI,CAAC,SAAS,EAAE,sBAAsB,IAAI,CAAC,UAAU,EAAE,uBAAuB,IAAI,CAAC,WAAW,EAAE,0BAA0B,IAAI,CAAC,SAAS,EAAE,iBAAiB,CAAC;IAC/T,CAAC;CACF;AA9ED,0BA8EC","sourcesContent":["/* eslint-disable require-jsdoc */\n/* eslint-disable max-len */\n/* eslint-disable valid-jsdoc */\nimport {Fighter} from './Fighter';\n\n/**\n * Contains all atributes of the Pokemon\n */\nexport class Pokemon extends Fighter {\n  /**\n   * Recieves the Pokemon data\n   * @param name Pokemon Name\n   * @param height Pokemon Height\n   * @param weight Pokemon Weight\n   * @param type Pokemon Type\n   * @param attack Pokemon Attack\n   * @param defense Pokemon Defense\n   * @param velocity Pokemon Velocity\n   * @param health Pokemon Health\n   * @param pokemonTrainer Pokemon Trainer Names\n   */\n  constructor(protected name : string, protected height : number,\n    protected weight : number, protected type : string, protected attack : number,\n    protected defense : number, protected velocity : number, protected health : number,\n    protected catchPhrase : string, protected pokemonTrainer : string) {\n    super(name, height, weight, type, attack, defense, velocity, health, catchPhrase);\n  }\n\n  getPokemonTrainer() {\n    return this.pokemonTrainer;\n  }\n\n  /**\n   * This method calculates the pokemon damage with his type, this function only works on the Pokemon Universe\n   * @param Fighter Second Pokemon Fighter\n   * @returns Damage of the Pokemon\n   */\n  getDamage(Fighter : Pokemon) : number {\n    const superEfective : number = 2;\n    const neutral : number = 1;\n    const notVeryEffective : number = 0.5;\n    let pokemonEffectiveness = 0;\n\n    if ( this.type == 'fuego' && Fighter.type == 'hierba' ) {\n      pokemonEffectiveness = superEfective;\n    } else if ( this.type == 'fuego' && Fighter.type == 'agua' ) {\n      pokemonEffectiveness = notVeryEffective;\n    } else if ( this.type == 'fuego' && Fighter.type == 'eléctrico' ) {\n      pokemonEffectiveness = neutral;\n    } else if ( this.type == 'agua' && Fighter.type == 'hierba' ) {\n      pokemonEffectiveness = notVeryEffective;\n    } else if ( this.type == 'agua' && Fighter.type == 'eléctrico' ) {\n      pokemonEffectiveness = notVeryEffective;\n    } else if ( this.type == 'agua' && Fighter.type == 'fuego' ) {\n      pokemonEffectiveness = superEfective;\n    } else if ( this.type == 'hierba' && Fighter.type == 'eléctrico' ) {\n      pokemonEffectiveness = neutral;\n    } else if ( this.type == 'hierba' && Fighter.type == 'fuego' ) {\n      pokemonEffectiveness = notVeryEffective;\n    } else if ( this.type == 'hierba' && Fighter.type == 'agua' ) {\n      pokemonEffectiveness = superEfective;\n    } else if ( this.type == 'eléctrico' && Fighter.type == 'agua' ) {\n      pokemonEffectiveness = superEfective;\n    }\n\n    const damage : number = ((this.attack / this.defense) * pokemonEffectiveness);\n\n    return damage;\n  }\n\n  /**\n   * This method calculates the pokemon damage on other Universe\n   * @returns The general damage of a Pokemon on other Universe\n   */\n  getGeneralDamage(): number {\n    const damage = (this.attack / this.defense);\n    return damage;\n  }\n\n  /**\n   * Prints information of a Pokemon\n   * @return Printed Pokemon Information\n   */\n  printPokemonData() {\n    return `El ${this.getName()} de ${this.pokemonTrainer} es un pokemon de tipo ${this.getType()}, pesa ${this.getWeight()} kg y mide ${this.getHeight()} m.Tiene ${this.getAttack()} puntos de ataque, ${this.getDefense()} puntos de defensa, ${this.getVelocity()} puntos de velocidad y ${this.getHealth()} puntos de vida`;\n  }\n}\n\n"]},"_coverageSchema":"1a1c01bbd47fc00a2c39e90264f33305004495a9","hash":"5e3b1a7454b6e53bf4c3a43d21b717176fa71175","contentHash":"04943574001032834a0c03fa9ebd2081b6e869e40e1c1d1d8853f5f358c34838"},"/home/usuario/ull-esit-inf-dsi-21-22-prct06-generics-solid-Pablo400/src/ejercicio-1.ts":{"path":"/home/usuario/ull-esit-inf-dsi-21-22-prct06-generics-solid-Pablo400/src/ejercicio-1.ts","statementMap":{"0":{"start":{"line":2,"column":0},"end":{"line":2,"column":62}},"1":{"start":{"line":3,"column":0},"end":{"line":3,"column":24}},"2":{"start":{"line":16,"column":26},"end":{"line":16,"column":27}},"3":{"start":{"line":17,"column":38},"end":{"line":17,"column":58}},"4":{"start":{"line":18,"column":38},"end":{"line":18,"column":58}},"5":{"start":{"line":19,"column":29},"end":{"line":19,"column":30}},"6":{"start":{"line":20,"column":29},"end":{"line":20,"column":30}},"7":{"start":{"line":21,"column":8},"end":{"line":28,"column":9}},"8":{"start":{"line":22,"column":12},"end":{"line":22,"column":58}},"9":{"start":{"line":23,"column":12},"end":{"line":23,"column":58}},"10":{"start":{"line":26,"column":12},"end":{"line":26,"column":57}},"11":{"start":{"line":27,"column":12},"end":{"line":27,"column":57}},"12":{"start":{"line":29,"column":8},"end":{"line":29,"column":94}},"13":{"start":{"line":30,"column":8},"end":{"line":30,"column":83}},"14":{"start":{"line":31,"column":8},"end":{"line":31,"column":83}},"15":{"start":{"line":32,"column":8},"end":{"line":34,"column":9}},"16":{"start":{"line":33,"column":12},"end":{"line":33,"column":61}},"17":{"start":{"line":35,"column":8},"end":{"line":73,"column":9}},"18":{"start":{"line":36,"column":12},"end":{"line":71,"column":13}},"19":{"start":{"line":37,"column":16},"end":{"line":37,"column":83}},"20":{"start":{"line":38,"column":16},"end":{"line":38,"column":91}},"21":{"start":{"line":39,"column":16},"end":{"line":44,"column":17}},"22":{"start":{"line":40,"column":20},"end":{"line":40,"column":68}},"23":{"start":{"line":43,"column":20},"end":{"line":43,"column":93}},"24":{"start":{"line":45,"column":16},"end":{"line":45,"column":83}},"25":{"start":{"line":46,"column":16},"end":{"line":46,"column":91}},"26":{"start":{"line":47,"column":16},"end":{"line":52,"column":17}},"27":{"start":{"line":48,"column":20},"end":{"line":48,"column":68}},"28":{"start":{"line":51,"column":20},"end":{"line":51,"column":93}},"29":{"start":{"line":54,"column":17},"end":{"line":71,"column":13}},"30":{"start":{"line":55,"column":16},"end":{"line":55,"column":83}},"31":{"start":{"line":56,"column":16},"end":{"line":56,"column":91}},"32":{"start":{"line":57,"column":16},"end":{"line":62,"column":17}},"33":{"start":{"line":58,"column":20},"end":{"line":58,"column":68}},"34":{"start":{"line":61,"column":20},"end":{"line":61,"column":93}},"35":{"start":{"line":63,"column":16},"end":{"line":63,"column":83}},"36":{"start":{"line":64,"column":16},"end":{"line":64,"column":91}},"37":{"start":{"line":65,"column":16},"end":{"line":70,"column":17}},"38":{"start":{"line":66,"column":20},"end":{"line":66,"column":68}},"39":{"start":{"line":69,"column":20},"end":{"line":69,"column":93}},"40":{"start":{"line":72,"column":12},"end":{"line":72,"column":26}},"41":{"start":{"line":74,"column":8},"end":{"line":82,"column":9}},"42":{"start":{"line":75,"column":12},"end":{"line":75,"column":131}},"43":{"start":{"line":77,"column":13},"end":{"line":82,"column":9}},"44":{"start":{"line":78,"column":12},"end":{"line":78,"column":131}},"45":{"start":{"line":81,"column":12},"end":{"line":81,"column":61}},"46":{"start":{"line":85,"column":0},"end":{"line":85,"column":24}}},"fnMap":{"0":{"name":"(anonymous_0)","decl":{"start":{"line":8,"column":4},"end":{"line":8,"column":5}},"loc":{"start":{"line":8,"column":18},"end":{"line":8,"column":21}},"line":8},"1":{"name":"(anonymous_1)","decl":{"start":{"line":15,"column":4},"end":{"line":15,"column":5}},"loc":{"start":{"line":15,"column":35},"end":{"line":83,"column":5}},"line":15}},"branchMap":{"0":{"loc":{"start":{"line":21,"column":8},"end":{"line":28,"column":9}},"type":"if","locations":[{"start":{"line":21,"column":8},"end":{"line":28,"column":9}},{"start":{"line":21,"column":8},"end":{"line":28,"column":9}}],"line":21},"1":{"loc":{"start":{"line":21,"column":12},"end":{"line":21,"column":126}},"type":"binary-expr","locations":[{"start":{"line":21,"column":12},"end":{"line":21,"column":35}},{"start":{"line":21,"column":39},"end":{"line":21,"column":62}},{"start":{"line":21,"column":66},"end":{"line":21,"column":94}},{"start":{"line":21,"column":98},"end":{"line":21,"column":126}}],"line":21},"2":{"loc":{"start":{"line":32,"column":8},"end":{"line":34,"column":9}},"type":"if","locations":[{"start":{"line":32,"column":8},"end":{"line":34,"column":9}},{"start":{"line":32,"column":8},"end":{"line":34,"column":9}}],"line":32},"3":{"loc":{"start":{"line":35,"column":15},"end":{"line":35,"column":75}},"type":"binary-expr","locations":[{"start":{"line":35,"column":15},"end":{"line":35,"column":43}},{"start":{"line":35,"column":47},"end":{"line":35,"column":75}}],"line":35},"4":{"loc":{"start":{"line":36,"column":12},"end":{"line":71,"column":13}},"type":"if","locations":[{"start":{"line":36,"column":12},"end":{"line":71,"column":13}},{"start":{"line":36,"column":12},"end":{"line":71,"column":13}}],"line":36},"5":{"loc":{"start":{"line":39,"column":16},"end":{"line":44,"column":17}},"type":"if","locations":[{"start":{"line":39,"column":16},"end":{"line":44,"column":17}},{"start":{"line":39,"column":16},"end":{"line":44,"column":17}}],"line":39},"6":{"loc":{"start":{"line":47,"column":16},"end":{"line":52,"column":17}},"type":"if","locations":[{"start":{"line":47,"column":16},"end":{"line":52,"column":17}},{"start":{"line":47,"column":16},"end":{"line":52,"column":17}}],"line":47},"7":{"loc":{"start":{"line":54,"column":17},"end":{"line":71,"column":13}},"type":"if","locations":[{"start":{"line":54,"column":17},"end":{"line":71,"column":13}},{"start":{"line":54,"column":17},"end":{"line":71,"column":13}}],"line":54},"8":{"loc":{"start":{"line":57,"column":16},"end":{"line":62,"column":17}},"type":"if","locations":[{"start":{"line":57,"column":16},"end":{"line":62,"column":17}},{"start":{"line":57,"column":16},"end":{"line":62,"column":17}}],"line":57},"9":{"loc":{"start":{"line":65,"column":16},"end":{"line":70,"column":17}},"type":"if","locations":[{"start":{"line":65,"column":16},"end":{"line":70,"column":17}},{"start":{"line":65,"column":16},"end":{"line":70,"column":17}}],"line":65},"10":{"loc":{"start":{"line":74,"column":8},"end":{"line":82,"column":9}},"type":"if","locations":[{"start":{"line":74,"column":8},"end":{"line":82,"column":9}},{"start":{"line":74,"column":8},"end":{"line":82,"column":9}}],"line":74},"11":{"loc":{"start":{"line":77,"column":13},"end":{"line":82,"column":9}},"type":"if","locations":[{"start":{"line":77,"column":13},"end":{"line":82,"column":9}},{"start":{"line":77,"column":13},"end":{"line":82,"column":9}}],"line":77}},"s":{"0":1,"1":1,"2":6,"3":6,"4":6,"5":6,"6":6,"7":6,"8":4,"9":4,"10":2,"11":2,"12":6,"13":6,"14":6,"15":6,"16":0,"17":6,"18":74,"19":48,"20":48,"21":48,"22":4,"23":44,"24":48,"25":48,"26":48,"27":0,"28":48,"29":26,"30":26,"31":26,"32":26,"33":0,"34":26,"35":26,"36":26,"37":26,"38":0,"39":26,"40":74,"41":6,"42":0,"43":6,"44":6,"45":0,"46":1},"f":{"0":1,"1":6},"b":{"0":[4,2],"1":[6,4,4,2],"2":[0,6],"3":[80,80],"4":[48,26],"5":[4,44],"6":[0,48],"7":[26,0],"8":[0,26],"9":[0,26],"10":[0,6],"11":[6,0]},"inputSourceMap":{"version":3,"file":"/home/usuario/ull-esit-inf-dsi-21-22-prct06-generics-solid-Pablo400/src/ejercicio-1.ts","sources":["/home/usuario/ull-esit-inf-dsi-21-22-prct06-generics-solid-Pablo400/src/ejercicio-1.ts"],"names":[],"mappings":";;;AAMA;;GAEG;AACH,MAAa,MAAM;IACjB,gBAAgB,CAAC;IAEjB;;;;;OAKG;IACH,UAAU,CAAC,QAAkB,EAAE,QAAkB;QAC/C,IAAI,WAAW,GAAG,CAAC,CAAC;QACpB,IAAI,uBAAuB,GAAG,QAAQ,CAAC,SAAS,EAAE,CAAC;QACnD,IAAI,uBAAuB,GAAG,QAAQ,CAAC,SAAS,EAAE,CAAC;QACnD,IAAI,cAAc,GAAG,CAAC,CAAC;QACvB,IAAI,cAAc,GAAG,CAAC,CAAC;QAEvB,IAAI,WAAW,IAAI,QAAQ,IAAI,WAAW,IAAI,QAAQ,IAAI,gBAAgB,IAAI,QAAQ,IAAI,gBAAgB,IAAI,QAAQ,EAAE;YACtH,cAAc,GAAG,QAAQ,CAAC,SAAS,CAAC,QAAQ,CAAC,CAAC;YAC9C,cAAc,GAAG,QAAQ,CAAC,SAAS,CAAC,QAAQ,CAAC,CAAC;SAC/C;aAAM;YACL,cAAc,GAAG,QAAQ,CAAC,gBAAgB,EAAE,CAAC;YAC7C,cAAc,GAAG,QAAQ,CAAC,gBAAgB,EAAE,CAAC;SAC9C;QAED,OAAO,CAAC,GAAG,CAAC,gBAAgB,QAAQ,CAAC,OAAO,EAAE,WAAW,QAAQ,CAAC,OAAO,EAAE,SAAS,CAAC,CAAC;QACtF,OAAO,CAAC,GAAG,CAAC,KAAK,QAAQ,CAAC,OAAO,EAAE,UAAU,uBAAuB,KAAK,CAAC,CAAC;QAC3E,OAAO,CAAC,GAAG,CAAC,KAAK,QAAQ,CAAC,OAAO,EAAE,UAAU,uBAAuB,KAAK,CAAC,CAAC;QAE3E,IAAI,QAAQ,KAAK,QAAQ,EAAE;YACzB,OAAO,yCAAyC,CAAC;SAClD;QAED,OAAO,uBAAuB,IAAI,CAAC,IAAI,uBAAuB,IAAI,CAAC,EAAE;YACnE,IAAI,QAAQ,CAAC,WAAW,EAAE,GAAG,QAAQ,CAAC,WAAW,EAAE,EAAE;gBACnD,uBAAuB,GAAG,uBAAuB,GAAG,cAAc,CAAC;gBAEnE,OAAO,CAAC,GAAG,CAAC,WAAW,QAAQ,CAAC,OAAO,EAAE,KAAK,QAAQ,CAAC,cAAc,EAAE,EAAE,CAAC,CAAC;gBAE3E,IAAK,uBAAuB,IAAI,CAAC,EAAG;oBAClC,OAAO,CAAC,GAAG,CAAC,GAAG,QAAQ,CAAC,OAAO,EAAE,aAAa,CAAC,CAAC;iBACjD;qBAAM;oBACL,OAAO,CAAC,GAAG,CAAC,GAAG,QAAQ,CAAC,OAAO,EAAE,UAAU,uBAAuB,KAAK,CAAC,CAAC;iBAC1E;gBAED,uBAAuB,GAAG,uBAAuB,GAAG,cAAc,CAAC;gBAEnE,OAAO,CAAC,GAAG,CAAC,WAAW,QAAQ,CAAC,OAAO,EAAE,KAAK,QAAQ,CAAC,cAAc,EAAE,EAAE,CAAC,CAAC;gBAE3E,IAAK,uBAAuB,IAAI,CAAC,EAAG;oBAClC,OAAO,CAAC,GAAG,CAAC,GAAG,QAAQ,CAAC,OAAO,EAAE,aAAa,CAAC,CAAC;iBACjD;qBAAM;oBACL,OAAO,CAAC,GAAG,CAAC,GAAG,QAAQ,CAAC,OAAO,EAAE,UAAU,uBAAuB,KAAK,CAAC,CAAC;iBAC1E;aACF;iBAAM,IAAI,QAAQ,CAAC,WAAW,EAAE,GAAG,QAAQ,CAAC,WAAW,EAAE,EAAE;gBAC1D,uBAAuB,GAAG,uBAAuB,GAAG,cAAc,CAAC;gBAEnE,OAAO,CAAC,GAAG,CAAC,WAAW,QAAQ,CAAC,OAAO,EAAE,KAAK,QAAQ,CAAC,cAAc,EAAE,EAAE,CAAC,CAAC;gBAE3E,IAAK,uBAAuB,IAAI,CAAC,EAAG;oBAClC,OAAO,CAAC,GAAG,CAAC,GAAG,QAAQ,CAAC,OAAO,EAAE,aAAa,CAAC,CAAC;iBACjD;qBAAM;oBACL,OAAO,CAAC,GAAG,CAAC,GAAG,QAAQ,CAAC,OAAO,EAAE,UAAU,uBAAuB,KAAK,CAAC,CAAC;iBAC1E;gBAED,uBAAuB,GAAG,uBAAuB,GAAG,cAAc,CAAC;gBAEnE,OAAO,CAAC,GAAG,CAAC,WAAW,QAAQ,CAAC,OAAO,EAAE,KAAK,QAAQ,CAAC,cAAc,EAAE,EAAE,CAAC,CAAC;gBAE3E,IAAK,uBAAuB,IAAI,CAAC,EAAG;oBAClC,OAAO,CAAC,GAAG,CAAC,GAAG,QAAQ,CAAC,OAAO,EAAE,aAAa,CAAC,CAAC;iBACjD;qBAAM;oBACL,OAAO,CAAC,GAAG,CAAC,GAAG,QAAQ,CAAC,OAAO,EAAE,UAAU,uBAAuB,KAAK,CAAC,CAAC;iBAC1E;aACF;YAED,WAAW,EAAE,CAAC;SACf;QAED,IAAI,uBAAuB,IAAI,CAAC,EAAE;YAChC,OAAO,mBAAmB,QAAQ,CAAC,OAAO,EAAE,MAAM,QAAQ,CAAC,OAAO,EAAE,0BAA0B,WAAW,aAAa,CAAC;SACxH;aAAM,IAAI,uBAAuB,IAAI,CAAC,EAAE;YACvC,OAAO,mBAAmB,QAAQ,CAAC,OAAO,EAAE,MAAM,QAAQ,CAAC,OAAO,EAAE,0BAA0B,WAAW,aAAa,CAAC;SACxH;aAAM;YACL,OAAO,yCAAyC,CAAC;SAClD;IACH,CAAC;CACF;AAtFD,wBAsFC;AAED;;;;;;;;;;;;;;mDAcmD","sourcesContent":["/* eslint-disable valid-jsdoc */\n/* eslint-disable max-len */\n/* eslint-disable require-jsdoc */\n/* eslint-disable no-unused-vars */\nimport {Fighter} from './Fighter';\n\n/**\n * Class that makes the combat between two fighters\n */\nexport class Combat {\n  constructor() { }\n\n  /**\n   * This function simulates a combat between two characters of diferent Universes\n   * @param Fighter1 First Fighter\n   * @param Fighter2 Second Fighter\n   * @returns The winner of the combat\n   */\n  startFight(Fighter1 : Fighter, Fighter2 : Fighter): string {\n    let combatTurns = 0;\n    let fighter1RemainingHealth = Fighter1.getHealth();\n    let fighter2RemainingHealth = Fighter2.getHealth();\n    let fighter1Damage = 0;\n    let fighter2Damage = 0;\n\n    if ('standName' in Fighter1 && 'standName' in Fighter2 || 'pokemonTrainer' in Fighter1 && 'pokemonTrainer' in Fighter2) {\n      fighter1Damage = Fighter1.getDamage(Fighter2);\n      fighter2Damage = Fighter2.getDamage(Fighter1);\n    } else {\n      fighter1Damage = Fighter1.getGeneralDamage();\n      fighter2Damage = Fighter2.getGeneralDamage();\n    }\n\n    console.log(`\\nCombate de ${Fighter1.getName()} contra ${Fighter2.getName()} !!!!!!`);\n    console.log(`\\n${Fighter1.getName()} tiene ${fighter1RemainingHealth} HP`);\n    console.log(`\\n${Fighter2.getName()} tiene ${fighter2RemainingHealth} HP`);\n\n    if (Fighter2 === Fighter1) {\n      return 'Esto es impresionante, han empatado !!!';\n    }\n\n    while (fighter1RemainingHealth >= 0 && fighter2RemainingHealth >= 0) {\n      if (Fighter1.getVelocity() > Fighter2.getVelocity()) {\n        fighter2RemainingHealth = fighter2RemainingHealth - fighter1Damage;\n\n        console.log(`\\nAtaca ${Fighter1.getName()}, ${Fighter1.getCatchPhrase()}`);\n\n        if ( fighter2RemainingHealth <= 0 ) {\n          console.log(`${Fighter2.getName()} tiene 0 HP`);\n        } else {\n          console.log(`${Fighter2.getName()} tiene ${fighter2RemainingHealth} HP`);\n        }\n\n        fighter1RemainingHealth = fighter1RemainingHealth - fighter2Damage;\n\n        console.log(`\\nAtaca ${Fighter2.getName()}, ${Fighter2.getCatchPhrase()}`);\n\n        if ( fighter1RemainingHealth <= 0 ) {\n          console.log(`${Fighter1.getName()} tiene 0 HP`);\n        } else {\n          console.log(`${Fighter1.getName()} tiene ${fighter1RemainingHealth} HP`);\n        }\n      } else if (Fighter1.getVelocity() < Fighter2.getVelocity()) {\n        fighter1RemainingHealth = fighter1RemainingHealth - fighter2Damage;\n\n        console.log(`\\nAtaca ${Fighter2.getName()}, ${Fighter2.getCatchPhrase()}`);\n\n        if ( fighter2RemainingHealth <= 0 ) {\n          console.log(`${Fighter2.getName()} tiene 0 HP`);\n        } else {\n          console.log(`${Fighter2.getName()} tiene ${fighter2RemainingHealth} HP`);\n        }\n\n        fighter2RemainingHealth = fighter2RemainingHealth - fighter1Damage;\n\n        console.log(`\\nAtaca ${Fighter1.getName()}, ${Fighter1.getCatchPhrase()}`);\n\n        if ( fighter1RemainingHealth <= 0 ) {\n          console.log(`${Fighter1.getName()} tiene 0 HP`);\n        } else {\n          console.log(`${Fighter1.getName()} tiene ${fighter1RemainingHealth} HP`);\n        }\n      }\n\n      combatTurns++;\n    }\n\n    if (fighter1RemainingHealth <= 0) {\n      return `\\nEl ganador es ${Fighter2.getName()} y ${Fighter1.getName()} ha sido derrotado, en ${combatTurns} turnos !!!`;\n    } else if (fighter2RemainingHealth <= 0) {\n      return `\\nEl ganador es ${Fighter1.getName()} y ${Fighter2.getName()} ha sido derrotado, en ${combatTurns} turnos !!!`;\n    } else {\n      return 'Esto es impresionante, han empatado !!!';\n    }\n  }\n}\n\n/* const Jotaro = new Jojo('Jotaro', 1.95, 81, 'Corto Alcance', 200, 50, 200, 100, 'Star Platinum', 'The World', 'C', 'A', 'A', 'A', 'A');\nconst Kira = new Jojo('Yoshikare Kira', 1.75, 65, 'Automático', 270, 40, 300, 100, 'Sheer Heart Attack', 'Heat-Seeking Detonation', 'C', 'A', 'A', 'A', 'A');\nconst Pikachu = new Pokemon('Pikachu', 0.4, 6, 'eléctrico', 55, 40, 90, 35, 'Ash');\nconst Totodile = new Pokemon('Totodile', 0.6, 9.5, 'agua', 65, 64, 43, 50, 'Ash');\n\nconsole.log(Jotaro.printJojoData());\nconsole.log(Pikachu.printPokemonData());\n\nconst Fighters = new SaveFighter();\n\nconsole.log(Fighters.saveFighter(Jotaro, Pikachu, Totodile));\n\nconst Battle = new Combat(Jotaro, Pikachu);\n\nconsole.log(Battle.startFight(Jotaro, Pikachu)); */\n\n"]},"_coverageSchema":"1a1c01bbd47fc00a2c39e90264f33305004495a9","hash":"65f48a13284d0e5511354a791a3180dc722da3ac","contentHash":"f0fc219a5625f8d666f8b54edd598b8f6027fc2d45bd6113a0f89c2d2eda9ed8"},"/home/usuario/ull-esit-inf-dsi-21-22-prct06-generics-solid-Pablo400/src/Series.ts":{"path":"/home/usuario/ull-esit-inf-dsi-21-22-prct06-generics-solid-Pablo400/src/Series.ts","statementMap":{"0":{"start":{"line":4,"column":0},"end":{"line":4,"column":62}},"1":{"start":{"line":5,"column":0},"end":{"line":5,"column":24}},"2":{"start":{"line":20,"column":8},"end":{"line":20,"column":25}},"3":{"start":{"line":21,"column":8},"end":{"line":21,"column":27}},"4":{"start":{"line":22,"column":8},"end":{"line":22,"column":25}},"5":{"start":{"line":23,"column":8},"end":{"line":23,"column":31}},"6":{"start":{"line":24,"column":8},"end":{"line":24,"column":33}},"7":{"start":{"line":25,"column":8},"end":{"line":25,"column":29}},"8":{"start":{"line":28,"column":8},"end":{"line":28,"column":25}},"9":{"start":{"line":31,"column":8},"end":{"line":31,"column":26}},"10":{"start":{"line":34,"column":8},"end":{"line":34,"column":25}},"11":{"start":{"line":37,"column":8},"end":{"line":37,"column":28}},"12":{"start":{"line":40,"column":8},"end":{"line":40,"column":29}},"13":{"start":{"line":43,"column":8},"end":{"line":43,"column":27}},"14":{"start":{"line":46,"column":0},"end":{"line":46,"column":24}}},"fnMap":{"0":{"name":"(anonymous_0)","decl":{"start":{"line":19,"column":4},"end":{"line":19,"column":5}},"loc":{"start":{"line":19,"column":62},"end":{"line":26,"column":5}},"line":19},"1":{"name":"(anonymous_1)","decl":{"start":{"line":27,"column":4},"end":{"line":27,"column":5}},"loc":{"start":{"line":27,"column":20},"end":{"line":29,"column":5}},"line":27},"2":{"name":"(anonymous_2)","decl":{"start":{"line":30,"column":4},"end":{"line":30,"column":5}},"loc":{"start":{"line":30,"column":21},"end":{"line":32,"column":5}},"line":30},"3":{"name":"(anonymous_3)","decl":{"start":{"line":33,"column":4},"end":{"line":33,"column":5}},"loc":{"start":{"line":33,"column":20},"end":{"line":35,"column":5}},"line":33},"4":{"name":"(anonymous_4)","decl":{"start":{"line":36,"column":4},"end":{"line":36,"column":5}},"loc":{"start":{"line":36,"column":16},"end":{"line":38,"column":5}},"line":36},"5":{"name":"(anonymous_5)","decl":{"start":{"line":39,"column":4},"end":{"line":39,"column":5}},"loc":{"start":{"line":39,"column":18},"end":{"line":41,"column":5}},"line":39},"6":{"name":"(anonymous_6)","decl":{"start":{"line":42,"column":4},"end":{"line":42,"column":5}},"loc":{"start":{"line":42,"column":22},"end":{"line":44,"column":5}},"line":42}},"branchMap":{},"s":{"0":1,"1":1,"2":2,"3":2,"4":2,"5":2,"6":2,"7":2,"8":4,"9":0,"10":4,"11":0,"12":0,"13":4,"14":1},"f":{"0":2,"1":4,"2":0,"3":4,"4":0,"5":0,"6":4},"b":{},"inputSourceMap":{"version":3,"file":"/home/usuario/ull-esit-inf-dsi-21-22-prct06-generics-solid-Pablo400/src/Series.ts","sources":["/home/usuario/ull-esit-inf-dsi-21-22-prct06-generics-solid-Pablo400/src/Series.ts"],"names":[],"mappings":";AAAA,gCAAgC;AAChC,kCAAkC;;;AAElC;;GAEG;AACH,MAAa,MAAM;IACjB;;;;;;;;OAQG;IACH,YAAoB,IAAa,EAAU,KAAc,EAC/C,IAAa,EAAU,OAAgB,EACvC,QAAiB,EAAU,MAAe;QAFhC,SAAI,GAAJ,IAAI,CAAS;QAAU,UAAK,GAAL,KAAK,CAAS;QAC/C,SAAI,GAAJ,IAAI,CAAS;QAAU,YAAO,GAAP,OAAO,CAAS;QACvC,aAAQ,GAAR,QAAQ,CAAS;QAAU,WAAM,GAAN,MAAM,CAAS;IAAG,CAAC;IAExD,aAAa;QACX,OAAO,IAAI,CAAC,IAAI,CAAC;IACnB,CAAC;IAED,cAAc;QACZ,OAAO,IAAI,CAAC,KAAK,CAAC;IACpB,CAAC;IAED,aAAa;QACX,OAAO,IAAI,CAAC,IAAI,CAAC;IACnB,CAAC;IAED,SAAS;QACP,OAAO,IAAI,CAAC,OAAO,CAAC;IACtB,CAAC;IAED,WAAW;QACT,OAAO,IAAI,CAAC,QAAQ,CAAC;IACvB,CAAC;IAED,eAAe;QACb,OAAO,IAAI,CAAC,MAAM,CAAC;IACrB,CAAC;CACF;AArCD,wBAqCC","sourcesContent":["/* eslint-disable valid-jsdoc */\n/* eslint-disable require-jsdoc */\n\n/**\n * Series Class that creates a Series object\n */\nexport class Series {\n  /**\n   * Series constructor\n   * @param name Series Name\n   * @param genre Series Genre\n   * @param year Series Year\n   * @param seasons Series Seasons\n   * @param episodes Series Episodes\n   * @param rating Series Rating\n   */\n  constructor(private name : string, private genre : string,\n    private year : number, private seasons : number,\n    private episodes : number, private rating : string) {}\n\n  getSeriesName() {\n    return this.name;\n  }\n\n  getSeriesGenre() {\n    return this.genre;\n  }\n\n  getSeriesYear() {\n    return this.year;\n  }\n\n  getSeason() {\n    return this.seasons;\n  }\n\n  getEpisodes() {\n    return this.episodes;\n  }\n\n  getSeriesRating() {\n    return this.rating;\n  }\n}\n"]},"_coverageSchema":"1a1c01bbd47fc00a2c39e90264f33305004495a9","hash":"fd3d367fd00a1ba1a55f6797493a81b93f5facca","contentHash":"24e76445880060c7a500670768ff1ad8a8cb01fdb4a37e73187c92f0d3495d6a"},"/home/usuario/ull-esit-inf-dsi-21-22-prct06-generics-solid-Pablo400/src/Movies.ts":{"path":"/home/usuario/ull-esit-inf-dsi-21-22-prct06-generics-solid-Pablo400/src/Movies.ts","statementMap":{"0":{"start":{"line":4,"column":0},"end":{"line":4,"column":62}},"1":{"start":{"line":5,"column":0},"end":{"line":5,"column":23}},"2":{"start":{"line":19,"column":8},"end":{"line":19,"column":25}},"3":{"start":{"line":20,"column":8},"end":{"line":20,"column":27}},"4":{"start":{"line":21,"column":8},"end":{"line":21,"column":25}},"5":{"start":{"line":22,"column":8},"end":{"line":22,"column":33}},"6":{"start":{"line":23,"column":8},"end":{"line":23,"column":29}},"7":{"start":{"line":26,"column":8},"end":{"line":26,"column":25}},"8":{"start":{"line":29,"column":8},"end":{"line":29,"column":26}},"9":{"start":{"line":32,"column":8},"end":{"line":32,"column":25}},"10":{"start":{"line":35,"column":8},"end":{"line":35,"column":29}},"11":{"start":{"line":38,"column":8},"end":{"line":38,"column":27}},"12":{"start":{"line":41,"column":0},"end":{"line":41,"column":22}}},"fnMap":{"0":{"name":"(anonymous_0)","decl":{"start":{"line":18,"column":4},"end":{"line":18,"column":5}},"loc":{"start":{"line":18,"column":53},"end":{"line":24,"column":5}},"line":18},"1":{"name":"(anonymous_1)","decl":{"start":{"line":25,"column":4},"end":{"line":25,"column":5}},"loc":{"start":{"line":25,"column":19},"end":{"line":27,"column":5}},"line":25},"2":{"name":"(anonymous_2)","decl":{"start":{"line":28,"column":4},"end":{"line":28,"column":5}},"loc":{"start":{"line":28,"column":20},"end":{"line":30,"column":5}},"line":28},"3":{"name":"(anonymous_3)","decl":{"start":{"line":31,"column":4},"end":{"line":31,"column":5}},"loc":{"start":{"line":31,"column":19},"end":{"line":33,"column":5}},"line":31},"4":{"name":"(anonymous_4)","decl":{"start":{"line":34,"column":4},"end":{"line":34,"column":5}},"loc":{"start":{"line":34,"column":23},"end":{"line":36,"column":5}},"line":34},"5":{"name":"(anonymous_5)","decl":{"start":{"line":37,"column":4},"end":{"line":37,"column":5}},"loc":{"start":{"line":37,"column":21},"end":{"line":39,"column":5}},"line":37}},"branchMap":{},"s":{"0":1,"1":1,"2":3,"3":3,"4":3,"5":3,"6":3,"7":4,"8":0,"9":4,"10":0,"11":4,"12":1},"f":{"0":3,"1":4,"2":0,"3":4,"4":0,"5":4},"b":{},"inputSourceMap":{"version":3,"file":"/home/usuario/ull-esit-inf-dsi-21-22-prct06-generics-solid-Pablo400/src/Movies.ts","sources":["/home/usuario/ull-esit-inf-dsi-21-22-prct06-generics-solid-Pablo400/src/Movies.ts"],"names":[],"mappings":";AAAA,gCAAgC;AAChC,kCAAkC;;;AAElC;;GAEG;AACH,MAAa,KAAK;IAChB;;;;;;;OAOG;IACH,YAAoB,IAAa,EAAU,KAAc,EAC/C,IAAa,EAAU,QAAiB,EACxC,MAAe;QAFL,SAAI,GAAJ,IAAI,CAAS;QAAU,UAAK,GAAL,KAAK,CAAS;QAC/C,SAAI,GAAJ,IAAI,CAAS;QAAU,aAAQ,GAAR,QAAQ,CAAS;QACxC,WAAM,GAAN,MAAM,CAAS;IAAG,CAAC;IAE7B,YAAY;QACV,OAAO,IAAI,CAAC,IAAI,CAAC;IACnB,CAAC;IAED,aAAa;QACX,OAAO,IAAI,CAAC,KAAK,CAAC;IACpB,CAAC;IAED,YAAY;QACV,OAAO,IAAI,CAAC,IAAI,CAAC;IACnB,CAAC;IAED,gBAAgB;QACd,OAAO,IAAI,CAAC,QAAQ,CAAC;IACvB,CAAC;IAED,cAAc;QACZ,OAAO,IAAI,CAAC,MAAM,CAAC;IACrB,CAAC;CACF;AAhCD,sBAgCC","sourcesContent":["/* eslint-disable valid-jsdoc */\n/* eslint-disable require-jsdoc */\n\n/**\n * Movie Class that creates a Movie object\n */\nexport class Movie {\n  /**\n   * Movie constructor\n   * @param name Movie Name\n   * @param genre Movie Genre\n   * @param year Movie Year\n   * @param duration Movie Duration\n   * @param rating Movie Rating\n   */\n  constructor(private name : string, private genre : string,\n    private year : number, private duration : number,\n    private rating : string) {}\n\n  getMovieName() {\n    return this.name;\n  }\n\n  getMovieGenre() {\n    return this.genre;\n  }\n\n  getMovieYear() {\n    return this.year;\n  }\n\n  getMovieDuration() {\n    return this.duration;\n  }\n\n  getMovieRating() {\n    return this.rating;\n  }\n}\n"]},"_coverageSchema":"1a1c01bbd47fc00a2c39e90264f33305004495a9","hash":"eca6a246199dcc22160b48113add28ce1408383c","contentHash":"93e26528119bc3b3ad3b2fa4ce1593b277d141320fcf44208610edde4752367b"},"/home/usuario/ull-esit-inf-dsi-21-22-prct06-generics-solid-Pablo400/src/Documentary.ts":{"path":"/home/usuario/ull-esit-inf-dsi-21-22-prct06-generics-solid-Pablo400/src/Documentary.ts","statementMap":{"0":{"start":{"line":5,"column":0},"end":{"line":5,"column":62}},"1":{"start":{"line":6,"column":0},"end":{"line":6,"column":29}},"2":{"start":{"line":20,"column":8},"end":{"line":20,"column":25}},"3":{"start":{"line":21,"column":8},"end":{"line":21,"column":25}},"4":{"start":{"line":22,"column":8},"end":{"line":22,"column":31}},"5":{"start":{"line":23,"column":8},"end":{"line":23,"column":33}},"6":{"start":{"line":24,"column":8},"end":{"line":24,"column":51}},"7":{"start":{"line":27,"column":8},"end":{"line":27,"column":25}},"8":{"start":{"line":30,"column":8},"end":{"line":30,"column":25}},"9":{"start":{"line":33,"column":8},"end":{"line":33,"column":28}},"10":{"start":{"line":36,"column":8},"end":{"line":36,"column":29}},"11":{"start":{"line":39,"column":8},"end":{"line":39,"column":38}},"12":{"start":{"line":42,"column":0},"end":{"line":42,"column":34}}},"fnMap":{"0":{"name":"(anonymous_0)","decl":{"start":{"line":19,"column":4},"end":{"line":19,"column":5}},"loc":{"start":{"line":19,"column":66},"end":{"line":25,"column":5}},"line":19},"1":{"name":"(anonymous_1)","decl":{"start":{"line":26,"column":4},"end":{"line":26,"column":5}},"loc":{"start":{"line":26,"column":25},"end":{"line":28,"column":5}},"line":26},"2":{"name":"(anonymous_2)","decl":{"start":{"line":29,"column":4},"end":{"line":29,"column":5}},"loc":{"start":{"line":29,"column":25},"end":{"line":31,"column":5}},"line":29},"3":{"name":"(anonymous_3)","decl":{"start":{"line":32,"column":4},"end":{"line":32,"column":5}},"loc":{"start":{"line":32,"column":28},"end":{"line":34,"column":5}},"line":32},"4":{"name":"(anonymous_4)","decl":{"start":{"line":35,"column":4},"end":{"line":35,"column":5}},"loc":{"start":{"line":35,"column":29},"end":{"line":37,"column":5}},"line":35},"5":{"name":"(anonymous_5)","decl":{"start":{"line":38,"column":4},"end":{"line":38,"column":5}},"loc":{"start":{"line":38,"column":27},"end":{"line":40,"column":5}},"line":38}},"branchMap":{},"s":{"0":1,"1":1,"2":2,"3":2,"4":2,"5":2,"6":2,"7":4,"8":4,"9":0,"10":0,"11":4,"12":1},"f":{"0":2,"1":4,"2":4,"3":0,"4":0,"5":4},"b":{},"inputSourceMap":{"version":3,"file":"/home/usuario/ull-esit-inf-dsi-21-22-prct06-generics-solid-Pablo400/src/Documentary.ts","sources":["/home/usuario/ull-esit-inf-dsi-21-22-prct06-generics-solid-Pablo400/src/Documentary.ts"],"names":[],"mappings":";AAAA,kCAAkC;AAClC,gCAAgC;AAChC,4BAA4B;;;AAE5B;;GAEG;AACH,MAAa,WAAW;IACtB;;;;;;;OAOG;IACH,YAAoB,IAAa,EAAU,IAAa,EAC9C,OAAgB,EAAU,QAAiB,EAAU,iBAA0B;QADrE,SAAI,GAAJ,IAAI,CAAS;QAAU,SAAI,GAAJ,IAAI,CAAS;QAC9C,YAAO,GAAP,OAAO,CAAS;QAAU,aAAQ,GAAR,QAAQ,CAAS;QAAU,sBAAiB,GAAjB,iBAAiB,CAAS;IAAG,CAAC;IAE7F,kBAAkB;QAChB,OAAO,IAAI,CAAC,IAAI,CAAC;IACnB,CAAC;IAED,kBAAkB;QAChB,OAAO,IAAI,CAAC,IAAI,CAAC;IACnB,CAAC;IAED,qBAAqB;QACnB,OAAO,IAAI,CAAC,OAAO,CAAC;IACtB,CAAC;IAED,sBAAsB;QACpB,OAAO,IAAI,CAAC,QAAQ,CAAC;IACvB,CAAC;IAED,oBAAoB;QAClB,OAAO,IAAI,CAAC,iBAAiB,CAAC;IAChC,CAAC;CACF;AA/BD,kCA+BC","sourcesContent":["/* eslint-disable require-jsdoc */\n/* eslint-disable valid-jsdoc */\n/* eslint-disable max-len */\n\n/**\n * Documentary Class that creates a Documentary object\n */\nexport class Documentary {\n  /**\n   * Documentary constructor\n   * @param name Documentary Name\n   * @param year Documentary Year of launch\n   * @param seasons Documentary Seasons\n   * @param episodes Documentary Episodes\n   * @param broadcastingMedia Documentary Broadcasting Media\n   */\n  constructor(private name : string, private year : number,\n    private seasons : number, private episodes : number, private broadcastingMedia : string) {}\n\n  getDocumentaryName() {\n    return this.name;\n  }\n\n  getDocumentaryYear() {\n    return this.year;\n  }\n\n  getDocumentarySeasons() {\n    return this.seasons;\n  }\n\n  getDocumentaryEpisodes() {\n    return this.episodes;\n  }\n\n  getBroadcastingMedia() {\n    return this.broadcastingMedia;\n  }\n}\n"]},"_coverageSchema":"1a1c01bbd47fc00a2c39e90264f33305004495a9","hash":"339864d7e25fea0efd2195bde8421d03b03ea1f1","contentHash":"da185f001f1fc7c22c8c57d82ee6643b55e6c0db5fad1916fff15a32a4a462af"},"/home/usuario/ull-esit-inf-dsi-21-22-prct06-generics-solid-Pablo400/src/ejercicio-2.ts":{"path":"/home/usuario/ull-esit-inf-dsi-21-22-prct06-generics-solid-Pablo400/src/ejercicio-2.ts","statementMap":{"0":{"start":{"line":2,"column":0},"end":{"line":2,"column":62}},"1":{"start":{"line":3,"column":0},"end":{"line":3,"column":92}},"2":{"start":{"line":4,"column":37},"end":{"line":4,"column":76}},"3":{"start":{"line":14,"column":8},"end":{"line":14,"column":35}},"4":{"start":{"line":23,"column":8},"end":{"line":23,"column":103}},"5":{"start":{"line":23,"column":64},"end":{"line":23,"column":101}},"6":{"start":{"line":31,"column":8},"end":{"line":31,"column":103}},"7":{"start":{"line":31,"column":64},"end":{"line":31,"column":101}},"8":{"start":{"line":39,"column":8},"end":{"line":39,"column":107}},"9":{"start":{"line":39,"column":64},"end":{"line":39,"column":105}},"10":{"start":{"line":42,"column":0},"end":{"line":42,"column":44}},"11":{"start":{"line":52,"column":8},"end":{"line":52,"column":35}},"12":{"start":{"line":61,"column":8},"end":{"line":61,"column":102}},"13":{"start":{"line":61,"column":64},"end":{"line":61,"column":100}},"14":{"start":{"line":69,"column":8},"end":{"line":69,"column":102}},"15":{"start":{"line":69,"column":64},"end":{"line":69,"column":100}},"16":{"start":{"line":77,"column":8},"end":{"line":77,"column":105}},"17":{"start":{"line":77,"column":64},"end":{"line":77,"column":103}},"18":{"start":{"line":80,"column":0},"end":{"line":80,"column":42}},"19":{"start":{"line":90,"column":8},"end":{"line":90,"column":35}},"20":{"start":{"line":99,"column":8},"end":{"line":99,"column":123}},"21":{"start":{"line":99,"column":69},"end":{"line":99,"column":121}},"22":{"start":{"line":107,"column":8},"end":{"line":107,"column":123}},"23":{"start":{"line":107,"column":69},"end":{"line":107,"column":121}},"24":{"start":{"line":115,"column":8},"end":{"line":115,"column":138}},"25":{"start":{"line":115,"column":69},"end":{"line":115,"column":136}},"26":{"start":{"line":118,"column":0},"end":{"line":118,"column":54}}},"fnMap":{"0":{"name":"(anonymous_0)","decl":{"start":{"line":13,"column":4},"end":{"line":13,"column":5}},"loc":{"start":{"line":13,"column":37},"end":{"line":15,"column":5}},"line":13},"1":{"name":"(anonymous_1)","decl":{"start":{"line":22,"column":4},"end":{"line":22,"column":5}},"loc":{"start":{"line":22,"column":47},"end":{"line":24,"column":5}},"line":22},"2":{"name":"(anonymous_2)","decl":{"start":{"line":23,"column":52},"end":{"line":23,"column":53}},"loc":{"start":{"line":23,"column":64},"end":{"line":23,"column":101}},"line":23},"3":{"name":"(anonymous_3)","decl":{"start":{"line":30,"column":4},"end":{"line":30,"column":5}},"loc":{"start":{"line":30,"column":47},"end":{"line":32,"column":5}},"line":30},"4":{"name":"(anonymous_4)","decl":{"start":{"line":31,"column":52},"end":{"line":31,"column":53}},"loc":{"start":{"line":31,"column":64},"end":{"line":31,"column":101}},"line":31},"5":{"name":"(anonymous_5)","decl":{"start":{"line":38,"column":4},"end":{"line":38,"column":5}},"loc":{"start":{"line":38,"column":51},"end":{"line":40,"column":5}},"line":38},"6":{"name":"(anonymous_6)","decl":{"start":{"line":39,"column":52},"end":{"line":39,"column":53}},"loc":{"start":{"line":39,"column":64},"end":{"line":39,"column":105}},"line":39},"7":{"name":"(anonymous_7)","decl":{"start":{"line":51,"column":4},"end":{"line":51,"column":5}},"loc":{"start":{"line":51,"column":37},"end":{"line":53,"column":5}},"line":51},"8":{"name":"(anonymous_8)","decl":{"start":{"line":60,"column":4},"end":{"line":60,"column":5}},"loc":{"start":{"line":60,"column":47},"end":{"line":62,"column":5}},"line":60},"9":{"name":"(anonymous_9)","decl":{"start":{"line":61,"column":52},"end":{"line":61,"column":53}},"loc":{"start":{"line":61,"column":64},"end":{"line":61,"column":100}},"line":61},"10":{"name":"(anonymous_10)","decl":{"start":{"line":68,"column":4},"end":{"line":68,"column":5}},"loc":{"start":{"line":68,"column":47},"end":{"line":70,"column":5}},"line":68},"11":{"name":"(anonymous_11)","decl":{"start":{"line":69,"column":52},"end":{"line":69,"column":53}},"loc":{"start":{"line":69,"column":64},"end":{"line":69,"column":100}},"line":69},"12":{"name":"(anonymous_12)","decl":{"start":{"line":76,"column":4},"end":{"line":76,"column":5}},"loc":{"start":{"line":76,"column":50},"end":{"line":78,"column":5}},"line":76},"13":{"name":"(anonymous_13)","decl":{"start":{"line":77,"column":52},"end":{"line":77,"column":53}},"loc":{"start":{"line":77,"column":64},"end":{"line":77,"column":103}},"line":77},"14":{"name":"(anonymous_14)","decl":{"start":{"line":89,"column":4},"end":{"line":89,"column":5}},"loc":{"start":{"line":89,"column":37},"end":{"line":91,"column":5}},"line":89},"15":{"name":"(anonymous_15)","decl":{"start":{"line":98,"column":4},"end":{"line":98,"column":5}},"loc":{"start":{"line":98,"column":52},"end":{"line":100,"column":5}},"line":98},"16":{"name":"(anonymous_16)","decl":{"start":{"line":99,"column":52},"end":{"line":99,"column":53}},"loc":{"start":{"line":99,"column":69},"end":{"line":99,"column":121}},"line":99},"17":{"name":"(anonymous_17)","decl":{"start":{"line":106,"column":4},"end":{"line":106,"column":5}},"loc":{"start":{"line":106,"column":52},"end":{"line":108,"column":5}},"line":106},"18":{"name":"(anonymous_18)","decl":{"start":{"line":107,"column":52},"end":{"line":107,"column":53}},"loc":{"start":{"line":107,"column":69},"end":{"line":107,"column":121}},"line":107},"19":{"name":"(anonymous_19)","decl":{"start":{"line":114,"column":4},"end":{"line":114,"column":5}},"loc":{"start":{"line":114,"column":78},"end":{"line":116,"column":5}},"line":114},"20":{"name":"(anonymous_20)","decl":{"start":{"line":115,"column":52},"end":{"line":115,"column":53}},"loc":{"start":{"line":115,"column":69},"end":{"line":115,"column":136}},"line":115}},"branchMap":{},"s":{"0":1,"1":1,"2":1,"3":1,"4":2,"5":4,"6":2,"7":4,"8":2,"9":4,"10":1,"11":1,"12":2,"13":4,"14":2,"15":4,"16":2,"17":4,"18":1,"19":1,"20":2,"21":4,"22":2,"23":4,"24":2,"25":4,"26":1},"f":{"0":1,"1":2,"2":4,"3":2,"4":4,"5":2,"6":4,"7":1,"8":2,"9":4,"10":2,"11":4,"12":2,"13":4,"14":1,"15":2,"16":4,"17":2,"18":4,"19":2,"20":4},"b":{},"inputSourceMap":{"version":3,"file":"/home/usuario/ull-esit-inf-dsi-21-22-prct06-generics-solid-Pablo400/src/ejercicio-2.ts","sources":["/home/usuario/ull-esit-inf-dsi-21-22-prct06-generics-solid-Pablo400/src/ejercicio-2.ts"],"names":[],"mappings":";;;AAMA,6EAAuE;AAEvE;;GAEG;AACH,MAAa,gBAAiB,SAAQ,sDAAiC;IACrE;;;OAGG;IACH,YAAY,mBAA8B;QACxC,KAAK,CAAC,mBAAmB,CAAC,CAAC;IAC7B,CAAC;IAAA,CAAC;IAEF;;;;OAIG;IACH,8BAA8B,CAAC,UAAkB;QAC/C,OAAO,IAAI,CAAC,sBAAsB,EAAE,CAAC,MAAM,CAAC,CAAC,MAA
[...]
"line":13,"column":19},"end":{"line":13,"column":72}},"type":"binary-expr","locations":[{"start":{"line":13,"column":19},"end":{"line":13,"column":40}},{"start":{"line":13,"column":45},"end":{"line":13,"column":71}}],"line":13},"1":{"loc":{"start":{"line":50,"column":8},"end":{"line":55,"column":9}},"type":"if","locations":[{"start":{"line":50,"column":8},"end":{"line":55,"column":9}},{"start":{"line":50,"column":8},"end":{"line":55,"column":9}}],"line":50}},"s":{"0":1,"1":1,"2":1,"3":1,"4":1,"5":1,"6":1,"7":1,"8":1,"9":1,"10":1,"11":2,"12":2,"13":1,"14":1,"15":0,"16":0,"17":0,"18":0,"19":1,"20":0,"21":1,"22":1,"23":1,"24":1,"25":1},"f":{"0":1,"1":1,"2":1,"3":2,"4":2,"5":1,"6":1,"7":0,"8":1,"9":0,"10":1},"b":{"0":[1,1],"1":[0,0]},"inputSourceMap":{"version":3,"file":"/home/usuario/ull-esit-inf-dsi-21-22-prct06-generics-solid-Pablo400/src/Practica-8/magazine.ts","sources":["/home/usuario/ull-esit-inf-dsi-21-22-prct06-generics-solid-Pablo400/src/Practica-8/magazine.ts"],"names":[],"mappings":";AAAA,4BAA4B;AAC5B,kCAAkC;;;AAKlC;;GAEG;AACH,IAAY,aAA0C;AAAtD,WAAY,aAAa;IAAE,yDAAU,CAAA;IAAE,iEAAc,CAAA;AAAA,CAAC,EAA1C,aAAa,GAAb,qBAAa,KAAb,qBAAa,QAA6B;AAAA,CAAC;AAEvD;;GAEG;AACH,MAAa,QAAQ;IAQnB,YAAoB,IAAY,EAAU,cAAsB,EAAU,QAAgB;QAAtE,SAAI,GAAJ,IAAI,CAAQ;QAAU,mBAAc,GAAd,cAAc,CAAQ;QAAU,aAAQ,GAAR,QAAQ,CAAQ;QAPlF,cAAS,GAAe,EAAE,CAAC;QAEnC;;WAEG;QACK,cAAS,GAAkB,aAAa,CAAC,QAAQ,CAAC;IAEmC,CAAC;IAE9F,OAAO;QACL,OAAO,IAAI,CAAC,IAAI,CAAC;IACnB,CAAC;IAED,iBAAiB;QACf,OAAO,IAAI,CAAC,cAAc,CAAC;IAC7B,CAAC;IAED,WAAW;QACT,OAAO,IAAI,CAAC,QAAQ,CAAC;IACvB,CAAC;IAED,YAAY;QACV,OAAO,IAAI,CAAC,SAAS,CAAC;IACxB,CAAC;IAED,iBAAiB;QACf,OAAO,IAAI,CAAC,SAAS,CAAC;IACxB,CAAC;IAED;;;OAGG;IACH,WAAW,CAAC,QAAkB;QAC5B,MAAM,KAAK,GAAG,IAAI,CAAC,SAAS,CAAC,OAAO,CAAC,QAAQ,CAAC,CAAC;QAC/C,IAAI,KAAK,KAAK,CAAC,CAAC,EAAE;YAChB,MAAM,IAAI,KAAK,CAAC,sCAAsC,CAAC,CAAC;SACzD;aAAM;YACL,IAAI,CAAC,SAAS,CAAC,MAAM,CAAC,KAAK,EAAE,CAAC,CAAC,CAAC;SACjC;IACH,CAAC;IAED;;OAEG;IACH,MAAM;QACJ,IAAI,CAAC,SAAS,CAAC,OAAO,CAAC,CAAC,QAAQ,EAAE,EAAE,CAAC,QAAQ,CAAC,MAAM,CAAC,IAAI,CAAC,CAAC,CAAC;IAC9D,CAAC;IAED;;;OAGG;IACH,WAAW;QACT,IAAI,CAAC,SAAS,GAAG,aAAa,CAAC,YAAY,CAAC;QAC5C,MAAM,SAAS,GAAG,4BAA4B,IAAI,CAAC,IAAI,eAAe,IAAI,CAAC,iBAAiB,EAAE,0BAA0B,IAAI,CAAC,WAAW,EAAE,EAAE,CAAC;QAC7I,IAAI,CAAC,MAAM,EAAE,CAAC;QACd,OAAO,SAAS,CAAC;IACnB,CAAC;CACF;AA5DD,4BA4DC","sourcesContent":["/* eslint-disable max-len */\n/* eslint-disable require-jsdoc */\n\nimport {Observable} from './Interfaces';\nimport {Observer} from './Interfaces';\n\n/**\n * Enum of the magazine event state\n */\nexport enum MagazineEvent {'NO_EVENT', 'NEW_MAGAZINE'};\n\n/**\n * Class magazine that creates a new magazine object\n */\nexport class Magazine implements Observable {\n  private observers: Observer[] = [];\n\n  /**\n   * Gets a event, in this a no_event\n   */\n  private eventType: MagazineEvent = MagazineEvent.NO_EVENT;\n\n  constructor(private name: string, private magazineNumber: number, private category: string) {}\n\n  getName() {\n    return this.name;\n  }\n\n  getMagazineNumber() {\n    return this.magazineNumber;\n  }\n\n  getCategory() {\n    return this.category;\n  }\n\n  getEventType() {\n    return this.eventType;\n  }\n\n  getObserversArray() {\n    return this.observers;\n  }\n\n  /**\n   * Unsubscribes any observer object of type magazine\n   * @param observer Observer type parameter to get unsubscribe\n   */\n  unsubscribe(observer: Observer) {\n    const index = this.observers.indexOf(observer);\n    if (index === -1) {\n      throw new Error('The observer has not been subscribed');\n    } else {\n      this.observers.splice(index, 1);\n    }\n  }\n\n  /**\n   * Notify if a new magazine is created\n   */\n  notify() {\n    this.observers.forEach((observer) => observer.update(this));\n  }\n\n  /**\n   * This method informs the new Launch of any magazine\n   * @returns Information of the magazine\n   */\n  onNewLaunch() {\n    this.eventType = MagazineEvent.NEW_MAGAZINE;\n    const newLaunch = `Se ha lanzado la revista ${this.name}, el número ${this.getMagazineNumber()} y con la categoria de ${this.getCategory()}`;\n    this.notify();\n    return newLaunch;\n  }\n}\n"]},"_coverageSchema":"1a1c01bbd47fc00a2c39e90264f33305004495a9","hash":"e1704a0ed689203e8ae0f6caaa140379c684b38d","contentHash":"733f8d8b0969a0994cd6a8f3e7eb63640aa66e024baed820973100b7e273be3a"},"/home/usuario/ull-esit-inf-dsi-21-22-prct06-generics-solid-Pablo400/src/Practica-8/subscriptor.ts":{"path":"/home/usuario/ull-esit-inf-dsi-21-22-prct06-generics-solid-Pablo400/src/Practica-8/subscriptor.ts","statementMap":{"0":{"start":{"line":5,"column":0},"end":{"line":5,"column":62}},"1":{"start":{"line":6,"column":0},"end":{"line":6,"column":29}},"2":{"start":{"line":12,"column":8},"end":{"line":12,"column":47}},"3":{"start":{"line":13,"column":8},"end":{"line":13,"column":35}},"4":{"start":{"line":19,"column":8},"end":{"line":24,"column":9}},"5":{"start":{"line":20,"column":12},"end":{"line":20,"column":72}},"6":{"start":{"line":23,"column":12},"end":{"line":23,"column":54}},"7":{"start":{"line":27,"column":0},"end":{"line":27,"column":34}}},"fnMap":{"0":{"name":"(anonymous_0)","decl":{"start":{"line":11,"column":4},"end":{"line":11,"column":5}},"loc":{"start":{"line":11,"column":44},"end":{"line":14,"column":5}},"line":11},"1":{"name":"(anonymous_1)","decl":{"start":{"line":18,"column":4},"end":{"line":18,"column":5}},"loc":{"start":{"line":18,"column":16},"end":{"line":25,"column":5}},"line":18}},"branchMap":{"0":{"loc":{"start":{"line":19,"column":8},"end":{"line":24,"column":9}},"type":"if","locations":[{"start":{"line":19,"column":8},"end":{"line":24,"column":9}},{"start":{"line":19,"column":8},"end":{"line":24,"column":9}}],"line":19}},"s":{"0":1,"1":1,"2":1,"3":1,"4":0,"5":0,"6":0,"7":1},"f":{"0":1,"1":0},"b":{"0":[0,0]},"inputSourceMap":{"version":3,"file":"/home/usuario/ull-esit-inf-dsi-21-22-prct06-generics-solid-Pablo400/src/Practica-8/subscriptor.ts","sources":["/home/usuario/ull-esit-inf-dsi-21-22-prct06-generics-solid-Pablo400/src/Practica-8/subscriptor.ts"],"names":[],"mappings":";AAAA,mCAAmC;AACnC,4BAA4B;AAC5B,kCAAkC;;;AAKlC;;GAEG;AACH,MAAa,WAAW;IACtB,YAAsB,eAAyB,EAAU,SAAqB;QAAxD,oBAAe,GAAf,eAAe,CAAU;QAAU,cAAS,GAAT,SAAS,CAAY;IAAG,CAAC;IAElF;;OAEG;IACH,SAAS;QACP,IAAI,IAAI,CAAC,SAAS,CAAC,QAAQ,CAAC,IAAI,CAAC,eAAe,CAAC,EAAE;YACjD,MAAM,IAAI,KAAK,CAAC,0CAA0C,CAAC,CAAC;SAC7D;aAAM;YACL,IAAI,CAAC,SAAS,CAAC,IAAI,CAAC,IAAI,CAAC,eAAe,CAAC,CAAC;SAC3C;IACH,CAAC;CACF;AAbD,kCAaC","sourcesContent":["/* eslint-disable no-unused-vars */\n/* eslint-disable max-len */\n/* eslint-disable require-jsdoc */\n\nimport {Subscribe} from './Interfaces';\nimport {Observer} from './Interfaces';\n\n/**\n * Subscriptor Class this class subscribe an object\n */\nexport class Subscriptor implements Subscribe {\n  constructor(protected newSubscription: Observer, private observers: Observer[]) {}\n\n  /**\n   * Method to subscribe an object\n   */\n  subscribe() {\n    if (this.observers.includes(this.newSubscription)) {\n      throw new Error('The observer had already been subscribed');\n    } else {\n      this.observers.push(this.newSubscription);\n    }\n  }\n}\n"]},"_coverageSchema":"1a1c01bbd47fc00a2c39e90264f33305004495a9","hash":"55fef25800e6fe40bd7ce79667a4c4f4a7a22e61","contentHash":"75a60aaa0a551e5f6431cc9e566cdbfe965b8b28690c59a77c6c8022dfdd4b9c"},"/home/usuario/ull-esit-inf-dsi-21-22-prct06-generics-solid-Pablo400/src/Practica-8/magazineObserver.ts":{"path":"/home/usuario/ull-esit-inf-dsi-21-22-prct06-generics-solid-Pablo400/src/Practica-8/magazineObserver.ts","statementMap":{"0":{"start":{"line":6,"column":0},"end":{"line":6,"column":62}},"1":{"start":{"line":7,"column":0},"end":{"line":7,"column":34}},"2":{"start":{"line":8,"column":19},"end":{"line":8,"column":40}},"3":{"start":{"line":9,"column":19},"end":{"line":9,"column":40}},"4":{"start":{"line":15,"column":8},"end":{"line":15,"column":25}},"5":{"start":{"line":16,"column":8},"end":{"line":16,"column":45}},"6":{"start":{"line":17,"column":8},"end":{"line":17,"column":33}},"7":{"start":{"line":20,"column":8},"end":{"line":20,"column":25}},"8":{"start":{"line":23,"column":8},"end":{"line":23,"column":35}},"9":{"start":{"line":26,"column":8},"end":{"line":26,"column":29}},"10":{"start":{"line":33,"column":8},"end":{"line":41,"column":9}},"11":{"start":{"line":34,"column":12},"end":{"line":40,"column":13}},"12":{"start":{"line":36,"column":20},"end":{"line":38,"column":56}},"13":{"start":{"line":39,"column":20},"end":{"line":39,"column":26}},"14":{"start":{"line":44,"column":0},"end":{"line":44,"column":44}}},"fnMap":{"0":{"name":"(anonymous_0)","decl":{"start":{"line":14,"column":4},"end":{"line":14,"column":5}},"loc":{"start":{"line":14,"column":48},"end":{"line":18,"column":5}},"line":14},"1":{"name":"(anonymous_1)","decl":{"start":{"line":19,"column":4},"end":{"line":19,"column":5}},"loc":{"start":{"line":19,"column":14},"end":{"line":21,"column":5}},"line":19},"2":{"name":"(anonymous_2)","decl":{"start":{"line":22,"column":4},"end":{"line":22,"column":5}},"loc":{"start":{"line":22,"column":24},"end":{"line":24,"column":5}},"line":22},"3":{"name":"(anonymous_3)","decl":{"start":{"line":25,"column":4},"end":{"line":25,"column":5}},"loc":{"start":{"line":25,"column":18},"end":{"line":27,"column":5}},"line":25},"4":{"name":"(anonymous_4)","decl":{"start":{"line":32,"column":4},"end":{"line":32,"column":5}},"loc":{"start":{"line":32,"column":23},"end":{"line":42,"column":5}},"line":32}},"branchMap":{"0":{"loc":{"start":{"line":33,"column":8},"end":{"line":41,"column":9}},"type":"if","locations":[{"start":{"line":33,"column":8},"end":{"line":41,"column":9}},{"start":{"line":33,"column":8},"end":{"line":41,"column":9}}],"line":33},"1":{"loc":{"start":{"line":34,"column":12},"end":{"line":40,"column":13}},"type":"switch","locations":[{"start":{"line":35,"column":16},"end":{"line":39,"column":26}}],"line":34}},"s":{"0":1,"1":1,"2":1,"3":1,"4":1,"5":1,"6":1,"7":1,"8":1,"9":1,"10":0,"11":0,"12":0,"13":0,"14":1},"f":{"0":1,"1":1,"2":1,"3":1,"4":0},"b":{"0":[0,0],"1":[0]},"inputSourceMap":{"version":3,"file":"/home/usuario/ull-esit-inf-dsi-21-22-prct06-generics-solid-Pablo400/src/Practica-8/magazineObserver.ts","sources":["/home/usuario/ull-esit-inf-dsi-21-22-prct06-generics-solid-Pablo400/src/Practica-8/magazineObserver.ts"],"names":[],"mappings":";AAAA,gCAAgC;AAChC,mCAAmC;AACnC,4BAA4B;AAC5B,kCAAkC;;;AAElC,yCAAoC;AAGpC,yCAAyC;AAEzC;;GAEG;AACH,MAAa,gBAAgB;IAC3B,YAAoB,IAAY,EAAU,cAAsB,EAAU,QAAgB;QAAtE,SAAI,GAAJ,IAAI,CAAQ;QAAU,mBAAc,GAAd,cAAc,CAAQ;QAAU,aAAQ,GAAR,QAAQ,CAAQ;IAC1F,CAAC;IAED,OAAO;QACL,OAAO,IAAI,CAAC,IAAI,CAAC;IACnB,CAAC;IAED,iBAAiB;QACf,OAAO,IAAI,CAAC,cAAc,CAAC;IAC7B,CAAC;IAED,WAAW;QACT,OAAO,IAAI,CAAC,QAAQ,CAAC;IACvB,CAAC;IAED;;;OAGG;IACH,MAAM,CAAC,UAAsB;QAC3B,IAAI,UAAU,YAAY,mBAAQ,EAAE;YAClC,QAAQ,UAAU,CAAC,YAAY,EAAE,EAAE;gBACjC,KAAK,wBAAa,CAAC,YAAY;oBAC7B,OAAO,CAAC,GAAG,CAAC,kCAAkC,IAAI,CAAC,IAAI,GAAG;wBAC9C,oCAAoC,UAAU,CAAC,OAAO,EAAE,GAAG;wBAC3D,8BAA8B,CAAC,CAAC;oBAC5C,MAAM;aACT;SACF;IACH,CAAC;CACF;AA/BD,4CA+BC","sourcesContent":["/* eslint-disable valid-jsdoc */\n/* eslint-disable no-unused-vars */\n/* eslint-disable max-len */\n/* eslint-disable require-jsdoc */\n\nimport {Magazine} from './magazine';\nimport {Observer} from './Interfaces';\nimport {Observable} from './Interfaces';\nimport {MagazineEvent} from './magazine';\n\n/**\n * Class observer of magazine class\n */\nexport class MagazineObserver implements Observer {\n  constructor(private name: string, private magazineNumber: number, private category: string) {\n  }\n\n  getName() {\n    return this.name;\n  }\n\n  getMagazineNumber() {\n    return this.magazineNumber;\n  }\n\n  getCategory() {\n    return this.category;\n  }\n\n  /**\n   * Updates the state of the magazine event\n   * @param observable Gets and observable object\n   */\n  update(observable: Observable) {\n    if (observable instanceof Magazine) {\n      switch (observable.getEventType()) {\n        case MagazineEvent.NEW_MAGAZINE:\n          console.log(`I am a MagazineObserver called ${this.name} ` +\n                      `and I have observed that agazine ${observable.getName()} ` +\n                      `have launched a new magazine`);\n          break;\n      }\n    }\n  }\n}\n"]},"_coverageSchema":"1a1c01bbd47fc00a2c39e90264f33305004495a9","hash":"ccb35956883dafa1a57e6b553cf5ebbfb27d6a26","contentHash":"cc28251c89d2addad5e748b1ffd2d149554e7574fab8fdd91c85c75574839361"},"/home/usuario/ull-esit-inf-dsi-21-22-prct06-generics-solid-Pablo400/src/ejercicio-1-PE101.ts":{"path":"/home/usuario/ull-esit-inf-dsi-21-22-prct06-generics-solid-Pablo400/src/ejercicio-1-PE101.ts","statementMap":{"0":{"start":{"line":6,"column":0},"end":{"line":6,"column":62}},"1":{"start":{"line":7,"column":0},"end":{"line":7,"column":30}},"2":{"start":{"line":18,"column":8},"end":{"line":20,"column":9}},"3":{"start":{"line":19,"column":12},"end":{"line":19,"column":61}},"4":{"start":{"line":21,"column":8},"end":{"line":21,"column":43}},"5":{"start":{"line":28,"column":8},"end":{"line":28,"column":29}},"6":{"start":{"line":37,"column":8},"end":{"line":37,"column":45}},"7":{"start":{"line":46,"column":8},"end":{"line":46,"column":63}},"8":{"start":{"line":49,"column":0},"end":{"line":49,"column":36}}},"fnMap":{"0":{"name":"(anonymous_0)","decl":{"start":{"line":12,"column":4},"end":{"line":12,"column":5}},"loc":{"start":{"line":12,"column":18},"end":{"line":12,"column":21}},"line":12},"1":{"name":"(anonymous_1)","decl":{"start":{"line":17,"column":4},"end":{"line":17,"column":5}},"loc":{"start":{"line":17,"column":30},"end":{"line":22,"column":5}},"line":17},"2":{"name":"(anonymous_2)","decl":{"start":{"line":27,"column":4},"end":{"line":27,"column":5}},"loc":{"start":{"line":27,"column":24},"end":{"line":29,"column":5}},"line":27},"3":{"name":"(anonymous_3)","decl":{"start":{"line":36,"column":4},"end":{"line":36,"column":5}},"loc":{"start":{"line":36,"column":30},"end":{"line":38,"column":5}},"line":36},"4":{"name":"(anonymous_4)","decl":{"start":{"line":45,"column":4},"end":{"line":45,"column":5}},"loc":{"start":{"line":45,"column":33},"end":{"line":47,"column":5}},"line":45}},"branchMap":{"0":{"loc":{"start":{"line":18,"column":8},"end":{"line":20,"column":9}},"type":"if","locations":[{"start":{"line":18,"column":8},"end":{"line":20,"column":9}},{"start":{"line":18,"column":8},"end":{"line":20,"column":9}}],"line":18}},"s":{"0":1,"1":1,"2":2,"3":1,"4":2,"5":2,"6":2,"7":6,"8":1},"f":{"0":1,"1":2,"2":2,"3":2,"4":6},"b":{"0":[1,1]},"inputSourceMap":{"version":3,"file":"/home/usuario/ull-esit-inf-dsi-21-22-prct06-generics-solid-Pablo400/src/ejercicio-1-PE101.ts","sources":["/home/usuario/ull-esit-inf-dsi-21-22-prct06-generics-solid-Pablo400/src/ejercicio-1-PE101.ts"],"names":[],"mappings":";AAAA,gCAAgC;AAChC,mCAAmC;AACnC,kCAAkC;AAClC,6BAA6B;;;AAE7B;;GAEG;AACH,MAAa,YAAY;IAGvB,gBAAwB,CAAC;IAEzB;;;OAGG;IACI,MAAM,CAAC,gBAAgB;QAC5B,IAAI,CAAC,YAAY,CAAC,cAAc,EAAE;YAChC,YAAY,CAAC,cAAc,GAAG,IAAI,YAAY,EAAE,CAAC;SAClD;QACD,OAAO,YAAY,CAAC,cAAc,CAAC;IACrC,CAAC;IAED;;;OAGG;IACH,iBAAiB;QACf,OAAO,IAAI,CAAC,MAAM,EAAE,CAAC;IACvB,CAAC;IAED;;;;;OAKG;IACH,mBAAmB,CAAC,CAAU,EAAE,CAAU;QACxC,OAAO,CAAC,IAAI,CAAC,MAAM,EAAE,GAAG,CAAC,CAAC,GAAG,CAAC,CAAC,CAAC,GAAG,CAAC,CAAC;IACvC,CAAC;IAED;;;;;OAKG;IACH,sBAAsB,CAAC,CAAU,EAAE,CAAU;QAC3C,OAAO,IAAI,CAAC,KAAK,CAAC,CAAC,IAAI,CAAC,MAAM,EAAE,GAAG,CAAC,CAAC,CAAC,GAAG,CAAC,CAAC,GAAG,CAAC,CAAC,CAAC,GAAG,CAAC,CAAC,CAAC;IACzD,CAAC;CACF;AA3CD,oCA2CC","sourcesContent":["/* eslint-disable valid-jsdoc */\n/* eslint-disable no-unused-vars */\n/* eslint-disable require-jsdoc */\n/* eslint-disable eol-last */\n\n/**\n * Class of RandomNumber\n */\nexport class RandomNumber {\n  private static randomInstance : RandomNumber;\n\n  private constructor() { }\n\n  /**\n   * A random instance of a Random Number\n   * @return A new instance or the same instance\n   */\n  public static getRandomInsance() : RandomNumber {\n    if (!RandomNumber.randomInstance) {\n      RandomNumber.randomInstance = new RandomNumber();\n    }\n    return RandomNumber.randomInstance;\n  }\n\n  /**\n   * Gets any aleatory number\n   * @return Aleatory number between 0 an 1\n   */\n  getAleatoryNumber() {\n    return Math.random();\n  }\n\n  /**\n   * This method gets an interval an retuns a float aleatory number\n   * @param n The less value\n   * @param m The max value\n   * @return A float aleatory number\n   */\n  floatAleatoryNumber(n : number, m : number) {\n    return (Math.random() * (m - n)) + n;\n  }\n\n  /**\n   * This method gets an interval an retuns a integrer aleatory number\n   * @param n The less value\n   * @param m The max value\n   * @return Inetegrer aleatory number\n   */\n  integrerAleatoryNumber(n : number, m : number) {\n    return Math.floor((Math.random() * ((m - n) + 1)) + n);\n  }\n}\n"]},"_coverageSchema":"1a1c01bbd47fc00a2c39e90264f33305004495a9","hash":"0b9f27ba99f1f9a176f89f38325e6eb918e5f089","contentHash":"8dfb19b3c66e821ca13e9557d09cf844d45b5fb439e12343f96a7492724ad4a8"},"/home/usuario/ull-esit-inf-dsi-21-22-prct06-generics-solid-Pablo400/src/ejercicio-2-PE101.ts":{"path":"/home/usuario/ull-esit-inf-dsi-21-22-prct06-generics-solid-Pablo400/src/ejercicio-2-PE101.ts","statementMap":{"0":{"start":{"line":5,"column":0},"end":{"line":5,"column":62}},"1":{"start":{"line":6,"column":0},"end":{"line":6,"column":43}},"2":{"start":{"line":16,"column":8},"end":{"line":16,"column":56}},"3":{"start":{"line":23,"column":8},"end":{"line":23,"column":44}},"4":{"start":{"line":30,"column":8},"end":{"line":30,"column":45}},"5":{"start":{"line":33,"column":0},"end":{"line":33,"column":62}}},"fnMap":{"0":{"name":"(anonymous_0)","decl":{"start":{"line":15,"column":4},"end":{"line":15,"column":5}},"loc":{"start":{"line":15,"column":36},"end":{"line":17,"column":5}},"line":15},"1":{"name":"(anonymous_1)","decl":{"start":{"line":22,"column":4},"end":{"line":22,"column":5}},"loc":{"start":{"line":22,"column":33},"end":{"line":24,"column":5}},"line":22},"2":{"name":"(anonymous_2)","decl":{"start":{"line":29,"column":4},"end":{"line":29,"column":5}},"loc":{"start":{"line":29,"column":24},"end":{"line":31,"column":5}},"line":29}},"branchMap":{},"s":{"0":1,"1":1,"2":1,"3":1,"4":1,"5":1},"f":{"0":1,"1":1,"2":1},"b":{},"inputSourceMap":{"version":3,"file":"/home/usuario/ull-esit-inf-dsi-21-22-prct06-generics-solid-Pablo400/src/ejercicio-2-PE101.ts","sources":["/home/usuario/ull-esit-inf-dsi-21-22-prct06-generics-solid-Pablo400/src/ejercicio-2-PE101.ts"],"names":[],"mappings":";AAAA,gCAAgC;AAChC,4BAA4B;AAC5B,kCAAkC;;;AAElC;;GAEG;AACH,MAAa,yBAAyB;IAGpC;;;OAGG;IACH,YAAY,GAAG,eAA0B;QACvC,IAAI,CAAC,eAAe,GAAG,IAAI,GAAG,CAAC,eAAe,CAAC,CAAC;IAClD,CAAC;IAED;;;OAGG;IACH,iBAAiB,CAAC,SAAkB;QAClC,IAAI,CAAC,eAAe,CAAC,GAAG,CAAC,SAAS,CAAC,CAAC;IACtC,CAAC;IAED;;;OAGG;IACH,CAAC,MAAM,CAAC,QAAQ,CAAC;QACf,OAAO,IAAI,CAAC,eAAe,CAAC,MAAM,EAAE,CAAC;IACvC,CAAC;CACF;AA1BD,8DA0BC","sourcesContent":["/* eslint-disable valid-jsdoc */\n/* eslint-disable max-len */\n/* eslint-disable require-jsdoc */\n\n/**\n * Random number Collection\n */\nexport class RandomNumberSetCollection implements Iterable<number> {\n  private aleatoryNumbers : Set<number>;\n\n  /**\n   * Constructor of the random number set collection\n   * @param aleatoryNumbers Gets an aleatory numbers array\n   */\n  constructor(...aleatoryNumbers : number[]) {\n    this.aleatoryNumbers = new Set(aleatoryNumbers);\n  }\n\n  /**\n   * Adds any aleatory number\n   * @param newNumber Any aleatory number\n   */\n  addAleatoryNumber(newNumber : number) {\n    this.aleatoryNumbers.add(newNumber);\n  }\n\n  /**\n   * Iterable method that allows to iterate any object\n   * @returns The value of any random number\n   */\n  [Symbol.iterator](): Iterator<number> {\n    return this.aleatoryNumbers.values();\n  }\n}\n"]},"_coverageSchema":"1a1c01bbd47fc00a2c39e90264f33305004495a9","hash":"bdd18b91fb98eae4d4190658826d1616a34aeb4a","contentHash":"41e9510f0f5be8732ba6e17229754e5a5c130ae71ba7c63d9963984ec6955842"}}