{"/home/usuario/ull-esit-inf-dsi-21-22-prct06-generics-solid-Pablo400/code-pr06/src/SaveFighter.ts":{"path":"/home/usuario/ull-esit-inf-dsi-21-22-prct06-generics-solid-Pablo400/code-pr06/src/SaveFighter.ts","statementMap":{"0":{"start":{"line":3,"column":0},"end":{"line":3,"column":62}},"1":{"start":{"line":4,"column":0},"end":{"line":4,"column":29}},"2":{"start":{"line":20,"column":28},"end":{"line":20,"column":30}},"3":{"start":{"line":21,"column":8},"end":{"line":23,"column":11}},"4":{"start":{"line":22,"column":12},"end":{"line":22,"column":38}},"5":{"start":{"line":24,"column":8},"end":{"line":24,"column":27}},"6":{"start":{"line":27,"column":0},"end":{"line":27,"column":34}}},"fnMap":{"0":{"name":"(anonymous_0)","decl":{"start":{"line":12,"column":4},"end":{"line":12,"column":5}},"loc":{"start":{"line":12,"column":18},"end":{"line":12,"column":21}},"line":12},"1":{"name":"(anonymous_1)","decl":{"start":{"line":19,"column":4},"end":{"line":19,"column":5}},"loc":{"start":{"line":19,"column":28},"end":{"line":25,"column":5}},"line":19},"2":{"name":"(anonymous_2)","decl":{"start":{"line":21,"column":24},"end":{"line":21,"column":25}},"loc":{"start":{"line":21,"column":37},"end":{"line":23,"column":9}},"line":21}},"branchMap":{},"s":{"0":1,"1":1,"2":4,"3":4,"4":12,"5":4,"6":1},"f":{"0":1,"1":4,"2":12},"b":{},"inputSourceMap":{"version":3,"file":"/home/usuario/ull-esit-inf-dsi-21-22-prct06-generics-solid-Pablo400/code-pr06/src/SaveFighter.ts","sources":["/home/usuario/ull-esit-inf-dsi-21-22-prct06-generics-solid-Pablo400/code-pr06/src/SaveFighter.ts"],"names":[],"mappings":";AAAA,gCAAgC;;;AAEhC;;GAEG;AACH,MAAa,WAAW;IACtB;;OAEG;IACH,gBAAe,CAAC;IAAA,CAAC;IAEjB;;;;OAIG;IACH,WAAW,CAAC,GAAG,OAAoB;QACjC,MAAM,WAAW,GAAgB,EAAE,CAAC;QACpC,OAAO,CAAC,OAAO,CAAC,CAAC,OAAO,EAAE,EAAE;YAC1B,WAAW,CAAC,IAAI,CAAC,OAAO,CAAC,CAAC;QAC5B,CAAC,CAAC,CAAC;QAEH,OAAO,WAAW,CAAC;IACrB,CAAC;CACF;AAnBD,kCAmBC","sourcesContent":["/* eslint-disable valid-jsdoc */\n\n/**\n * Save each fighter Data\n */\nexport class SaveFighter<Universe> {\n  /**\n   * Constructor of Save Fighter\n   */\n  constructor() {};\n\n  /**\n   * Save Any Fighter data\n   * @param Fighter Any fighter\n   * @return Array with all fighters data\n   */\n  saveFighter(...Fighter : Universe[]) {\n    const fighterSave : Universe[] = [];\n    Fighter.forEach((fighter) => {\n      fighterSave.push(fighter);\n    });\n\n    return fighterSave;\n  }\n}\n"]},"_coverageSchema":"1a1c01bbd47fc00a2c39e90264f33305004495a9","hash":"6239a7d93287e6bd5cfcc3a758fd298808fddc97","contentHash":"0d5c6413de73370c8e7fea4bd04ef621a1e84f91607c88fd3562bcd46af0577a"},"/home/usuario/ull-esit-inf-dsi-21-22-prct06-generics-solid-Pablo400/code-pr06/src/Jojo.ts":{"path":"/home/usuario/ull-esit-inf-dsi-21-22-prct06-generics-solid-Pablo400/code-pr06/src/Jojo.ts","statementMap":{"0":{"start":{"line":2,"column":0},"end":{"line":2,"column":62}},"1":{"start":{"line":3,"column":0},"end":{"line":3,"column":22}},"2":{"start":{"line":7,"column":18},"end":{"line":7,"column":38}},"3":{"start":{"line":31,"column":8},"end":{"line":31,"column":90}},"4":{"start":{"line":32,"column":8},"end":{"line":32,"column":25}},"5":{"start":{"line":33,"column":8},"end":{"line":33,"column":29}},"6":{"start":{"line":34,"column":8},"end":{"line":34,"column":29}},"7":{"start":{"line":35,"column":8},"end":{"line":35,"column":25}},"8":{"start":{"line":36,"column":8},"end":{"line":36,"column":29}},"9":{"start":{"line":37,"column":8},"end":{"line":37,"column":31}},"10":{"start":{"line":38,"column":8},"end":{"line":38,"column":33}},"11":{"start":{"line":39,"column":8},"end":{"line":39,"column":29}},"12":{"start":{"line":40,"column":8},"end":{"line":40,"column":39}},"13":{"start":{"line":41,"column":8},"end":{"line":41,"column":35}},"14":{"start":{"line":42,"column":8},"end":{"line":42,"column":41}},"15":{"start":{"line":43,"column":8},"end":{"line":43,"column":27}},"16":{"start":{"line":44,"column":8},"end":{"line":44,"column":49}},"17":{"start":{"line":45,"column":8},"end":{"line":45,"column":31}},"18":{"start":{"line":46,"column":8},"end":{"line":46,"column":35}},"19":{"start":{"line":47,"column":8},"end":{"line":47,"column":57}},"20":{"start":{"line":55,"column":31},"end":{"line":55,"column":32}},"21":{"start":{"line":56,"column":24},"end":{"line":56,"column":25}},"22":{"start":{"line":57,"column":33},"end":{"line":57,"column":36}},"23":{"start":{"line":58,"column":33},"end":{"line":58,"column":34}},"24":{"start":{"line":59,"column":8},"end":{"line":88,"column":9}},"25":{"start":{"line":60,"column":12},"end":{"line":60,"column":48}},"26":{"start":{"line":62,"column":13},"end":{"line":88,"column":9}},"27":{"start":{"line":63,"column":12},"end":{"line":63,"column":50}},"28":{"start":{"line":65,"column":13},"end":{"line":88,"column":9}},"29":{"start":{"line":66,"column":12},"end":{"line":66,"column":41}},"30":{"start":{"line":68,"column":13},"end":{"line":88,"column":9}},"31":{"start":{"line":69,"column":12},"end":{"line":69,"column":48}},"32":{"start":{"line":71,"column":13},"end":{"line":88,"column":9}},"33":{"start":{"line":72,"column":12},"end":{"line":72,"column":48}},"34":{"start":{"line":74,"column":13},"end":{"line":88,"column":9}},"35":{"start":{"line":75,"column":12},"end":{"line":75,"column":41}},"36":{"start":{"line":77,"column":13},"end":{"line":88,"column":9}},"37":{"start":{"line":78,"column":12},"end":{"line":78,"column":41}},"38":{"start":{"line":80,"column":13},"end":{"line":88,"column":9}},"39":{"start":{"line":81,"column":12},"end":{"line":81,"column":50}},"40":{"start":{"line":83,"column":13},"end":{"line":88,"column":9}},"41":{"start":{"line":84,"column":12},"end":{"line":84,"column":48}},"42":{"start":{"line":86,"column":13},"end":{"line":88,"column":9}},"43":{"start":{"line":87,"column":12},"end":{"line":87,"column":41}},"44":{"start":{"line":89,"column":24},"end":{"line":89,"column":73}},"45":{"start":{"line":90,"column":8},"end":{"line":90,"column":22}},"46":{"start":{"line":97,"column":23},"end":{"line":97,"column":55}},"47":{"start":{"line":98,"column":8},"end":{"line":98,"column":22}},"48":{"start":{"line":101,"column":8},"end":{"line":101,"column":30}},"49":{"start":{"line":104,"column":8},"end":{"line":104,"column":33}},"50":{"start":{"line":107,"column":8},"end":{"line":107,"column":26}},"51":{"start":{"line":110,"column":8},"end":{"line":110,"column":37}},"52":{"start":{"line":113,"column":8},"end":{"line":113,"column":28}},"53":{"start":{"line":116,"column":8},"end":{"line":116,"column":30}},"54":{"start":{"line":119,"column":8},"end":{"line":119,"column":41}},"55":{"start":{"line":126,"column":26},"end":{"line":126,"column":373}},"56":{"start":{"line":127,"column":27},"end":{"line":127,"column":330}},"57":{"start":{"line":128,"column":8},"end":{"line":128,"column":44}},"58":{"start":{"line":131,"column":0},"end":{"line":131,"column":20}}},"fnMap":{"0":{"name":"(anonymous_0)","decl":{"start":{"line":30,"column":4},"end":{"line":30,"column":5}},"loc":{"start":{"line":30,"column":184},"end":{"line":48,"column":5}},"line":30},"1":{"name":"(anonymous_1)","decl":{"start":{"line":54,"column":4},"end":{"line":54,"column":5}},"loc":{"start":{"line":54,"column":23},"end":{"line":91,"column":5}},"line":54},"2":{"name":"(anonymous_2)","decl":{"start":{"line":96,"column":4},"end":{"line":96,"column":5}},"loc":{"start":{"line":96,"column":23},"end":{"line":99,"column":5}},"line":96},"3":{"name":"(anonymous_3)","decl":{"start":{"line":100,"column":4},"end":{"line":100,"column":5}},"loc":{"start":{"line":100,"column":19},"end":{"line":102,"column":5}},"line":100},"4":{"name":"(anonymous_4)","decl":{"start":{"line":103,"column":4},"end":{"line":103,"column":5}},"loc":{"start":{"line":103,"column":22},"end":{"line":105,"column":5}},"line":103},"5":{"name":"(anonymous_5)","decl":{"start":{"line":106,"column":4},"end":{"line":106,"column":5}},"loc":{"start":{"line":106,"column":15},"end":{"line":108,"column":5}},"line":106},"6":{"name":"(anonymous_6)","decl":{"start":{"line":109,"column":4},"end":{"line":109,"column":5}},"loc":{"start":{"line":109,"column":26},"end":{"line":111,"column":5}},"line":109},"7":{"name":"(anonymous_7)","decl":{"start":{"line":112,"column":4},"end":{"line":112,"column":5}},"loc":{"start":{"line":112,"column":17},"end":{"line":114,"column":5}},"line":112},"8":{"name":"(anonymous_8)","decl":{"start":{"line":115,"column":4},"end":{"line":115,"column":5}},"loc":{"start":{"line":115,"column":19},"end":{"line":117,"column":5}},"line":115},"9":{"name":"(anonymous_9)","decl":{"start":{"line":118,"column":4},"end":{"line":118,"column":5}},"loc":{"start":{"line":118,"column":30},"end":{"line":120,"column":5}},"line":118},"10":{"name":"(anonymous_10)","decl":{"start":{"line":125,"column":4},"end":{"line":125,"column":5}},"loc":{"start":{"line":125,"column":20},"end":{"line":129,"column":5}},"line":125}},"branchMap":{"0":{"loc":{"start":{"line":59,"column":8},"end":{"line":88,"column":9}},"type":"if","locations":[{"start":{"line":59,"column":8},"end":{"line":88,"column":9}},{"start":{"line":59,"column":8},"end":{"line":88,"column":9}}],"line":59},"1":{"loc":{"start":{"line":59,"column":12},"end":{"line":59,"column":75}},"type":"binary-expr","locations":[{"start":{"line":59,"column":12},"end":{"line":59,"column":40}},{"start":{"line":59,"column":44},"end":{"line":59,"column":75}}],"line":59},"2":{"loc":{"start":{"line":62,"column":13},"end":{"line":88,"column":9}},"type":"if","locations":[{"start":{"line":62,"column":13},"end":{"line":88,"column":9}},{"start":{"line":62,"column":13},"end":{"line":88,"column":9}}],"line":62},"3":{"loc":{"start":{"line":62,"column":17},"end":{"line":62,"column":80}},"type":"binary-expr","locations":[{"start":{"line":62,"column":17},"end":{"line":62,"column":45}},{"start":{"line":62,"column":49},"end":{"line":62,"column":80}}],"line":62},"4":{"loc":{"start":{"line":65,"column":13},"end":{"line":88,"column":9}},"type":"if","locations":[{"start":{"line":65,"column":13},"end":{"line":88,"column":9}},{"start":{"line":65,"column":13},"end":{"line":88,"column":9}}],"line":65},"5":{"loc":{"start":{"line":65,"column":17},"end":{"line":65,"column":73}},"type":"binary-expr","locations":[{"start":{"line":65,"column":17},"end":{"line":65,"column":41}},{"start":{"line":65,"column":45},"end":{"line":65,"column":73}}],"line":65},"6":{"loc":{"start":{"line":68,"column":13},"end":{"line":88,"column":9}},"type":"if","locations":[{"start":{"line":68,"column":13},"end":{"line":88,"column":9}},{"start":{"line":68,"column":13},"end":{"line":88,"column":9}}],"line":68},"7":{"loc":{"start":{"line":68,"column":17},"end":{"line":68,"column":73}},"type":"binary-expr","locations":[{"start":{"line":68,"column":17},"end":{"line":68,"column":42}},{"start":{"line":68,"column":46},"end":{"line":68,"column":73}}],"line":68},"8":{"loc":{"start":{"line":71,"column":13},"end":{"line":88,"column":9}},"type":"if","locations":[{"start":{"line":71,"column":13},"end":{"line":88,"column":9}},{"start":{"line":71,"column":13},"end":{"line":88,"column":9}}],"line":71},"9":{"loc":{"start":{"line":71,"column":17},"end":{"line":71,"column":71}},"type":"binary-expr","locations":[{"start":{"line":71,"column":17},"end":{"line":71,"column":39}},{"start":{"line":71,"column":43},"end":{"line":71,"column":71}}],"line":71},"10":{"loc":{"start":{"line":74,"column":13},"end":{"line":88,"column":9}},"type":"if","locations":[{"start":{"line":74,"column":13},"end":{"line":88,"column":9}},{"start":{"line":74,"column":13},"end":{"line":88,"column":9}}],"line":74},"11":{"loc":{"start":{"line":74,"column":17},"end":{"line":74,"column":71}},"type":"binary-expr","locations":[{"start":{"line":74,"column":17},"end":{"line":74,"column":42}},{"start":{"line":74,"column":46},"end":{"line":74,"column":71}}],"line":74},"12":{"loc":{"start":{"line":77,"column":13},"end":{"line":88,"column":9}},"type":"if","locations":[{"start":{"line":77,"column":13},"end":{"line":88,"column":9}},{"start":{"line":77,"column":13},"end":{"line":88,"column":9}}],"line":77},"13":{"loc":{"start":{"line":77,"column":17},"end":{"line":77,"column":77}},"type":"binary-expr","locations":[{"start":{"line":77,"column":17},"end":{"line":77,"column":42}},{"start":{"line":77,"column":46},"end":{"line":77,"column":77}}],"line":77},"14":{"loc":{"start":{"line":80,"column":13},"end":{"line":88,"column":9}},"type":"if","locations":[{"start":{"line":80,"column":13},"end":{"line":88,"column":9}},{"start":{"line":80,"column":13},"end":{"line":88,"column":9}}],"line":80},"15":{"loc":{"start":{"line":80,"column":17},"end":{"line":80,"column":77}},"type":"binary-expr","locations":[{"start":{"line":80,"column":17},"end":{"line":80,"column":45}},{"start":{"line":80,"column":49},"end":{"line":80,"column":77}}],"line":80},"16":{"loc":{"start":{"line":83,"column":13},"end":{"line":88,"column":9}},"type":"if","locations":[{"start":{"line":83,"column":13},"end":{"line":88,"column":9}},{"start":{"line":83,"column":13},"end":{"line":88,"column":9}}],"line":83},"17":{"loc":{"start":{"line":83,"column":17},"end":{"line":83,"column":77}},"type":"binary-expr","locations":[{"start":{"line":83,"column":17},"end":{"line":83,"column":45}},{"start":{"line":83,"column":49},"end":{"line":83,"column":77}}],"line":83},"18":{"loc":{"start":{"line":86,"column":13},"end":{"line":88,"column":9}},"type":"if","locations":[{"start":{"line":86,"column":13},"end":{"line":88,"column":9}},{"start":{"line":86,"column":13},"end":{"line":88,"column":9}}],"line":86},"19":{"loc":{"start":{"line":86,"column":17},"end":{"line":86,"column":77}},"type":"binary-expr","locations":[{"start":{"line":86,"column":17},"end":{"line":86,"column":42}},{"start":{"line":86,"column":46},"end":{"line":86,"column":77}}],"line":86}},"s":{"0":1,"1":1,"2":1,"3":2,"4":2,"5":2,"6":2,"7":2,"8":2,"9":2,"10":2,"11":2,"12":2,"13":2,"14":2,"15":2,"16":2,"17":2,"18":2,"19":2,"20":4,"21":4,"22":4,"23":4,"24":4,"25":0,"26":4,"27":0,"28":4,"29":0,"30":4,"31":0,"32":4,"33":0,"34":4,"35":0,"36":4,"37":0,"38":4,"39":0,"40":4,"41":2,"42":2,"43":2,"44":4,"45":4,"46":2,"47":2,"48":2,"49":2,"50":2,"51":2,"52":2,"53":2,"54":2,"55":2,"56":2,"57":2,"58":1},"f":{"0":2,"1":4,"2":2,"3":2,"4":2,"5":2,"6":2,"7":2,"8":2,"9":2,"10":2},"b":{"0":[0,4],"1":[4,0],"2":[0,4],"3":[4,2],"4":[0,4],"5":[4,0],"6":[0,4],"7":[4,0],"8":[0,4],"9":[4,0],"10":[0,4],"11":[4,0],"12":[0,4],"13":[4,2],"14":[0,4],"15":[4,0],"16":[2,2],"17":[4,2],"18":[2,0],"19":[2,2]},"inputSourceMap":{"version":3,"file":"/home/usuario/ull-esit-inf-dsi-21-22-prct06-generics-solid-Pablo400/code-pr06/src/Jojo.ts","sources":["/home/usuario/ull-esit-inf-dsi-21-22-prct06-generics-solid-Pablo400/code-pr06/src/Jojo.ts"],"names":[],"mappings":";;;AAAA,gCAAgC;AAChC,kCAAkC;AAClC,4BAA4B;AAC5B,uCAAkC;AAElC;;GAEG;AACH,MAAa,IAAK,SAAQ,iBAAO;IAC/B;;;;;;;;;;;;;;;;;OAiBG;IACH,YAAsB,IAAa,EAAY,MAAe,EAClD,MAAe,EAAY,IAAa,EAAY,MAAe,EACnE,OAAgB,EAAY,QAAiB,EAAY,MAAe,EACxE,WAAoB,EAAY,SAAkB,EAAY,YAAqB,EAAY,KAAc,EAC7G,gBAAyB,EAAY,OAAgB,EAAY,SAAkB,EACnF,oBAA6B;QACvC,KAAK,CAAC,IAAI,EAAE,MAAM,EAAE,MAAM,EAAE,IAAI,EAAE,MAAM,EAAE,OAAO,EAAE,QAAQ,EAAE,MAAM,EAAE,WAAW,CAAC,CAAC;QAN9D,SAAI,GAAJ,IAAI,CAAS;QAAY,WAAM,GAAN,MAAM,CAAS;QAClD,WAAM,GAAN,MAAM,CAAS;QAAY,SAAI,GAAJ,IAAI,CAAS;QAAY,WAAM,GAAN,MAAM,CAAS;QACnE,YAAO,GAAP,OAAO,CAAS;QAAY,aAAQ,GAAR,QAAQ,CAAS;QAAY,WAAM,GAAN,MAAM,CAAS;QACxE,gBAAW,GAAX,WAAW,CAAS;QAAY,cAAS,GAAT,SAAS,CAAS;QAAY,iBAAY,GAAZ,YAAY,CAAS;QAAY,UAAK,GAAL,KAAK,CAAS;QAC7G,qBAAgB,GAAhB,gBAAgB,CAAS;QAAY,YAAO,GAAP,OAAO,CAAS;QAAY,cAAS,GAAT,SAAS,CAAS;QACnF,yBAAoB,GAApB,oBAAoB,CAAS;IAEzC,CAAC;IAED;;;;OAIG;IACH,SAAS,CAAC,OAAa;QACrB,MAAM,cAAc,GAAY,CAAC,CAAC;QAClC,MAAM,OAAO,GAAY,CAAC,CAAC;QAC3B,MAAM,gBAAgB,GAAY,GAAG,CAAC;QACtC,IAAI,kBAAkB,GAAG,CAAC,CAAC;QAE3B,IAAK,IAAI,CAAC,IAAI,IAAI,eAAe,IAAI,OAAO,CAAC,IAAI,IAAI,eAAe,EAAG;YACrE,kBAAkB,GAAG,cAAc,CAAC;SACrC;aAAM,IAAK,IAAI,CAAC,IAAI,IAAI,eAAe,IAAI,OAAO,CAAC,IAAI,IAAI,eAAe,EAAG;YAC5E,kBAAkB,GAAG,gBAAgB,CAAC;SACvC;aAAM,IAAK,IAAI,CAAC,IAAI,IAAI,WAAW,IAAI,OAAO,CAAC,IAAI,IAAI,YAAY,EAAG;YACrE,kBAAkB,GAAG,OAAO,CAAC;SAC9B;aAAM,IAAK,IAAI,CAAC,IAAI,IAAI,YAAY,IAAI,OAAO,CAAC,IAAI,IAAI,WAAW,EAAG;YACrE,kBAAkB,GAAG,cAAc,CAAC;SACrC;aAAM,IAAK,IAAI,CAAC,IAAI,IAAI,SAAS,IAAI,OAAO,CAAC,IAAI,IAAI,YAAY,EAAG;YACnE,kBAAkB,GAAG,cAAc,CAAC;SACrC;aAAM,IAAK,IAAI,CAAC,IAAI,IAAI,YAAY,IAAI,OAAO,CAAC,IAAI,IAAI,SAAS,EAAG;YACnE,kBAAkB,GAAG,OAAO,CAAC;SAC9B;aAAM,IAAK,IAAI,CAAC,IAAI,IAAI,YAAY,IAAI,OAAO,CAAC,IAAI,IAAI,eAAe,EAAG;YACzE,kBAAkB,GAAG,OAAO,CAAC;SAC9B;aAAM,IAAK,IAAI,CAAC,IAAI,IAAI,eAAe,IAAI,OAAO,CAAC,IAAI,IAAI,YAAY,EAAG;YACzE,kBAAkB,GAAG,gBAAgB,CAAC;SACvC;aAAM,IAAK,IAAI,CAAC,IAAI,IAAI,eAAe,IAAI,OAAO,CAAC,IAAI,IAAI,YAAY,EAAG;YACzE,kBAAkB,GAAG,cAAc,CAAC;SACrC;aAAM,IAAK,IAAI,CAAC,IAAI,IAAI,YAAY,IAAI,OAAO,CAAC,IAAI,IAAI,eAAe,EAAG;YACzE,kBAAkB,GAAG,OAAO,CAAC;SAC9B;QAED,MAAM,MAAM,GAAY,CAAC,CAAC,IAAI,CAAC,MAAM,GAAG,IAAI,CAAC,OAAO,CAAC,GAAG,kBAAkB,CAAC,CAAC;QAE5E,OAAO,MAAM,CAAC;IAChB,CAAC;IAED;;;OAGG;IACH,gBAAgB;QACd,MAAM,MAAM,GAAG,CAAC,IAAI,CAAC,MAAM,GAAG,IAAI,CAAC,OAAO,CAAC,GAAG,CAAC,CAAC;QAChD,OAAO,MAAM,CAAC;IAChB,CAAC;IAED,YAAY;QACV,OAAO,IAAI,CAAC,SAAS,CAAC;IACxB,CAAC;IAED,eAAe;QACb,OAAO,IAAI,CAAC,YAAY,CAAC;IAC3B,CAAC;IAED,QAAQ;QACN,OAAO,IAAI,CAAC,KAAK,CAAC;IACpB,CAAC;IAED,mBAAmB;QACjB,OAAO,IAAI,CAAC,gBAAgB,CAAC;IAC/B,CAAC;IAED,UAAU;QACR,OAAO,IAAI,CAAC,OAAO,CAAC;IACtB,CAAC;IAED,YAAY;QACV,OAAO,IAAI,CAAC,SAAS,CAAC;IACxB,CAAC;IAED,uBAAuB;QACrB,OAAO,IAAI,CAAC,oBAAoB,CAAC;IACnC,CAAC;IAED;;;OAGG;IACH,aAAa;QACX,MAAM,SAAS,GAAY,GAAG,IAAI,CAAC,OAAO,EAAE,2BAA2B,IAAI,CAAC,OAAO,EAAE,KAAK,IAAI,CAAC,OAAO,EAAE,SAAS,IAAI,CAAC,SAAS,EAAE,cAAc,IAAI,CAAC,SAAS,EAAE,gBAAgB,IAAI,CAAC,YAAY,EAAE,UAAU,IAAI,CAAC,SAAS,EAAE,sBAAsB,IAAI,CAAC,UAAU,EAAE,uBAAuB,IAAI,CAAC,WAAW,EAAE,0BAA0B,IAAI,CAAC,OAAO,EAAE,UAAU,IAAI,CAAC,SAAS,EAAE,QAAQ,CAAC;QACvX,MAAM,UAAU,GAAW,0DAA0D,IAAI,CAAC,eAAe,EAAE,yBAAyB,IAAI,CAAC,QAAQ,EAAE,0BAA0B,IAAI,CAAC,mBAAmB,EAAE,gBAAgB,IAAI,CAAC,UAAU,EAAE,kBAAkB,IAAI,CAAC,YAAY,EAAE,6BAA6B,IAAI,CAAC,uBAAuB,EAAE,EAAE,CAAC;QAC3U,OAAO,GAAG,SAAS,IAAI,UAAU,EAAE,CAAC;IACtC,CAAC;CACF;AAhHD,oBAgHC","sourcesContent":["/* eslint-disable valid-jsdoc */\n/* eslint-disable require-jsdoc */\n/* eslint-disable max-len */\nimport {Fighter} from './Fighter';\n\n/**\n * Contains the atributes of a Jojo character\n */\nexport class Jojo extends Fighter {\n  /**\n   * Recieves the Jojo character data\n   * @param name Jojo character name\n   * @param height Jojo character height\n   * @param weight Jojo character weight\n   * @param type Jojo character type\n   * @param attack Jojo character attack\n   * @param defense Jojo character defense\n   * @param velocity Jojo character velocity\n   * @param health Jojo character health\n   * @param standName Name of the Stand\n   * @param specialPower Special Power of the Stand\n   * @param range Range of the Stand\n   * @param destructivePower Destructive Power of the Stand\n   * @param stamina Stand Satamina of the Stand\n   * @param precision Stand Precision of the Stand\n   * @param developmentPotencial Development Potencial of the Stand\n   */\n  constructor(protected name : string, protected height : number,\n    protected weight : number, protected type : string, protected attack : number,\n    protected defense : number, protected velocity : number, protected health : number,\n    protected catchPhrase : string, protected standName : string, protected specialPower : string, protected range : string,\n    protected destructivePower : string, protected stamina : string, protected precision : string,\n    protected developmentPotencial : string) {\n    super(name, height, weight, type, attack, defense, velocity, health, catchPhrase);\n  }\n\n  /**\n   * This method calculates the stand damage of a jojo character with his type, this function only works on the Jojo Universe\n   * @param Fighter Jojo Fighter\n   * @returns The damage of a Jojo Fighter\n   */\n  getDamage(Fighter: Jojo): number {\n    const superEffective : number = 2;\n    const neutral : number = 1;\n    const notVeryEffective : number = 0.5;\n    let standEffectiveness = 0;\n\n    if ( this.type == 'Largo Alcance' && Fighter.type == 'Corto Alcance' ) {\n      standEffectiveness = superEffective;\n    } else if ( this.type == 'Corto Alcance' && Fighter.type == 'Largo Alcance' ) {\n      standEffectiveness = notVeryEffective;\n    } else if ( this.type == 'Humanoide' && Fighter.type == 'Artificial' ) {\n      standEffectiveness = neutral;\n    } else if ( this.type == 'Artificial' && Fighter.type == 'Humanoide' ) {\n      standEffectiveness = superEffective;\n    } else if ( this.type == 'Natural' && Fighter.type == 'Artificial' ) {\n      standEffectiveness = superEffective;\n    } else if ( this.type == 'Artificial' && Fighter.type == 'Natural' ) {\n      standEffectiveness = neutral;\n    } else if ( this.type == 'Automático' && Fighter.type == 'Control Total' ) {\n      standEffectiveness = neutral;\n    } else if ( this.type == 'Control Total' && Fighter.type == 'Automático' ) {\n      standEffectiveness = notVeryEffective;\n    } else if ( this.type == 'Corto Alcance' && Fighter.type == 'Automático' ) {\n      standEffectiveness = superEffective;\n    } else if ( this.type == 'Automático' && Fighter.type == 'Corto Alcance' ) {\n      standEffectiveness = neutral;\n    }\n\n    const damage : number = ((this.attack / this.defense) * standEffectiveness);\n\n    return damage;\n  }\n\n  /**\n   * This method calculates the stand damage of a jojo character on other Universe, the Jojo characters are more powerful in other universe\n   * @returns The general damage of a Stand User on other Universe\n   */\n  getGeneralDamage(): number {\n    const damage = (this.attack / this.defense) * 2;\n    return damage;\n  }\n\n  getStandName() {\n    return this.standName;\n  }\n\n  getSpecialPower() {\n    return this.specialPower;\n  }\n\n  getRange() {\n    return this.range;\n  }\n\n  getDestructivePower() {\n    return this.destructivePower;\n  }\n\n  getStamina() {\n    return this.stamina;\n  }\n\n  getPrecision() {\n    return this.precision;\n  }\n\n  getDevelopmentPotencial() {\n    return this.developmentPotencial;\n  }\n\n  /**\n   * Prints information of a Jojo Character\n   * @return Printed Jojo Character Information\n   */\n  printJojoData() {\n    const firstData : string = `${this.getName()} tiene un stand de tipo ${this.getType()}, ${this.getName()} pesa ${this.getWeight()} kg y mide ${this.getHeight()} m. Su stand ${this.getStandName()} tiene ${this.getAttack()} puntos de ataque, ${this.getDefense()} puntos de defensa, ${this.getVelocity()} puntos de velocidad y ${this.getName()} tiene ${this.getHealth()} vida.`;\n    const secondData : string= `Otros datos de interés del stand son su poder especial ${this.getSpecialPower()}, distancia de efecto ${this.getRange()}, su poder destructivo ${this.getDestructivePower()}, su stamina ${this.getStamina()}, su precisión ${this.getPrecision()} y su potencial de mejora ${this.getDevelopmentPotencial()}`;\n    return `${firstData} ${secondData}`;\n  }\n}\n"]},"_coverageSchema":"1a1c01bbd47fc00a2c39e90264f33305004495a9","hash":"97528e540ec8b512ad98f7731c3e8ecf5fd4e46d","contentHash":"70c4c3607a127b8fe04971575d296d2bf1d24af8f4f19f8e0f459ee2c69bdc21"},"/home/usuario/ull-esit-inf-dsi-21-22-prct06-generics-solid-Pablo400/code-pr06/src/Fighter.ts":{"path":"/home/usuario/ull-esit-inf-dsi-21-22-prct06-generics-solid-Pablo400/code-pr06/src/Fighter.ts","statementMap":{"0":{"start":{"line":5,"column":0},"end":{"line":5,"column":62}},"1":{"start":{"line":6,"column":0},"end":{"line":6,"column":25}},"2":{"start":{"line":23,"column":8},"end":{"line":23,"column":25}},"3":{"start":{"line":24,"column":8},"end":{"line":24,"column":29}},"4":{"start":{"line":25,"column":8},"end":{"line":25,"column":29}},"5":{"start":{"line":26,"column":8},"end":{"line":26,"column":25}},"6":{"start":{"line":27,"column":8},"end":{"line":27,"column":29}},"7":{"start":{"line":28,"column":8},"end":{"line":28,"column":31}},"8":{"start":{"line":29,"column":8},"end":{"line":29,"column":33}},"9":{"start":{"line":30,"column":8},"end":{"line":30,"column":29}},"10":{"start":{"line":31,"column":8},"end":{"line":31,"column":39}},"11":{"start":{"line":34,"column":8},"end":{"line":34,"column":25}},"12":{"start":{"line":37,"column":8},"end":{"line":37,"column":27}},"13":{"start":{"line":40,"column":8},"end":{"line":40,"column":27}},"14":{"start":{"line":43,"column":8},"end":{"line":43,"column":25}},"15":{"start":{"line":46,"column":8},"end":{"line":46,"column":27}},"16":{"start":{"line":49,"column":8},"end":{"line":49,"column":28}},"17":{"start":{"line":52,"column":8},"end":{"line":52,"column":29}},"18":{"start":{"line":55,"column":8},"end":{"line":55,"column":27}},"19":{"start":{"line":58,"column":8},"end":{"line":58,"column":32}},"20":{"start":{"line":61,"column":0},"end":{"line":61,"column":26}}},"fnMap":{"0":{"name":"(anonymous_0)","decl":{"start":{"line":22,"column":4},"end":{"line":22,"column":5}},"loc":{"start":{"line":22,"column":92},"end":{"line":32,"column":5}},"line":22},"1":{"name":"(anonymous_1)","decl":{"start":{"line":33,"column":4},"end":{"line":33,"column":5}},"loc":{"start":{"line":33,"column":14},"end":{"line":35,"column":5}},"line":33},"2":{"name":"(anonymous_2)","decl":{"start":{"line":36,"column":4},"end":{"line":36,"column":5}},"loc":{"start":{"line":36,"column":16},"end":{"line":38,"column":5}},"line":36},"3":{"name":"(anonymous_3)","decl":{"start":{"line":39,"column":4},"end":{"line":39,"column":5}},"loc":{"start":{"line":39,"column":16},"end":{"line":41,"column":5}},"line":39},"4":{"name":"(anonymous_4)","decl":{"start":{"line":42,"column":4},"end":{"line":42,"column":5}},"loc":{"start":{"line":42,"column":14},"end":{"line":44,"column":5}},"line":42},"5":{"name":"(anonymous_5)","decl":{"start":{"line":45,"column":4},"end":{"line":45,"column":5}},"loc":{"start":{"line":45,"column":16},"end":{"line":47,"column":5}},"line":45},"6":{"name":"(anonymous_6)","decl":{"start":{"line":48,"column":4},"end":{"line":48,"column":5}},"loc":{"start":{"line":48,"column":17},"end":{"line":50,"column":5}},"line":48},"7":{"name":"(anonymous_7)","decl":{"start":{"line":51,"column":4},"end":{"line":51,"column":5}},"loc":{"start":{"line":51,"column":18},"end":{"line":53,"column":5}},"line":51},"8":{"name":"(anonymous_8)","decl":{"start":{"line":54,"column":4},"end":{"line":54,"column":5}},"loc":{"start":{"line":54,"column":16},"end":{"line":56,"column":5}},"line":54},"9":{"name":"(anonymous_9)","decl":{"start":{"line":57,"column":4},"end":{"line":57,"column":5}},"loc":{"start":{"line":57,"column":21},"end":{"line":59,"column":5}},"line":57}},"branchMap":{},"s":{"0":1,"1":1,"2":4,"3":4,"4":4,"5":4,"6":4,"7":4,"8":4,"9":4,"10":4,"11":340,"12":4,"13":4,"14":4,"15":4,"16":4,"17":204,"18":16,"19":148,"20":1},"f":{"0":4,"1":340,"2":4,"3":4,"4":4,"5":4,"6":4,"7":204,"8":16,"9":148},"b":{},"inputSourceMap":{"version":3,"file":"/home/usuario/ull-esit-inf-dsi-21-22-prct06-generics-solid-Pablo400/code-pr06/src/Fighter.ts","sources":["/home/usuario/ull-esit-inf-dsi-21-22-prct06-generics-solid-Pablo400/code-pr06/src/Fighter.ts"],"names":[],"mappings":";AAAA,gCAAgC;AAChC,kCAAkC;AAClC,4BAA4B;;;AAE5B;;GAEG;AACH,MAAsB,OAAO;IAC3B;;;;;;;;;;OAUG;IACH,YAAsB,IAAa,EAAY,MAAe,EAClD,MAAe,EAAY,IAAa,EAAY,MAAe,EACnE,OAAgB,EAAY,QAAiB,EAAY,MAAe,EACxE,WAAoB;QAHV,SAAI,GAAJ,IAAI,CAAS;QAAY,WAAM,GAAN,MAAM,CAAS;QAClD,WAAM,GAAN,MAAM,CAAS;QAAY,SAAI,GAAJ,IAAI,CAAS;QAAY,WAAM,GAAN,MAAM,CAAS;QACnE,YAAO,GAAP,OAAO,CAAS;QAAY,aAAQ,GAAR,QAAQ,CAAS;QAAY,WAAM,GAAN,MAAM,CAAS;QACxE,gBAAW,GAAX,WAAW,CAAS;IAAI,CAAC;IAErC,OAAO;QACL,OAAO,IAAI,CAAC,IAAI,CAAC;IACnB,CAAC;IAED,SAAS;QACP,OAAO,IAAI,CAAC,MAAM,CAAC;IACrB,CAAC;IAED,SAAS;QACP,OAAO,IAAI,CAAC,MAAM,CAAC;IACrB,CAAC;IAED,OAAO;QACL,OAAO,IAAI,CAAC,IAAI,CAAC;IACnB,CAAC;IAED,SAAS;QACP,OAAO,IAAI,CAAC,MAAM,CAAC;IACrB,CAAC;IAED,UAAU;QACR,OAAO,IAAI,CAAC,OAAO,CAAC;IACtB,CAAC;IAED,WAAW;QACT,OAAO,IAAI,CAAC,QAAQ,CAAC;IACvB,CAAC;IAED,SAAS;QACP,OAAO,IAAI,CAAC,MAAM,CAAC;IACrB,CAAC;IAED,cAAc;QACZ,OAAO,IAAI,CAAC,WAAW,CAAC;IAC1B,CAAC;CAKF;AAxDD,0BAwDC","sourcesContent":["/* eslint-disable valid-jsdoc */\n/* eslint-disable require-jsdoc */\n/* eslint-disable max-len */\n\n/**\n * Abstract Fighter Class\n */\nexport abstract class Fighter {\n  /**\n   * Constructor Fighter Class\n   * @param name Character name\n   * @param height Character height\n   * @param weight Character weight\n   * @param type Character type\n   * @param attack Character attack\n   * @param defense Character defense\n   * @param velocity Character velocity\n   * @param health Character health\n   */\n  constructor(protected name : string, protected height : number,\n    protected weight : number, protected type : string, protected attack : number,\n    protected defense : number, protected velocity : number, protected health : number,\n    protected catchPhrase : string) { }\n\n  getName() {\n    return this.name;\n  }\n\n  getHeight() {\n    return this.height;\n  }\n\n  getWeight() {\n    return this.weight;\n  }\n\n  getType() {\n    return this.type;\n  }\n\n  getAttack() {\n    return this.attack;\n  }\n\n  getDefense() {\n    return this.defense;\n  }\n\n  getVelocity() {\n    return this.velocity;\n  }\n\n  getHealth() {\n    return this.health;\n  }\n\n  getCatchPhrase() {\n    return this.catchPhrase;\n  }\n\n  abstract getDamage(Fighter : any) : number;\n\n  abstract getGeneralDamage() : number;\n}\n"]},"_coverageSchema":"1a1c01bbd47fc00a2c39e90264f33305004495a9","hash":"47556d0dfad0008338acecb8885962f03f05ac9c","contentHash":"38c51826121cdc7111aab5f4707fc2a83d1f0b685c429846530aee1835d6c6c2"},"/home/usuario/ull-esit-inf-dsi-21-22-prct06-generics-solid-Pablo400/code-pr06/src/Pokemon.ts":{"path":"/home/usuario/ull-esit-inf-dsi-21-22-prct06-generics-solid-Pablo400/code-pr06/src/Pokemon.ts","statementMap":{"0":{"start":{"line":2,"column":0},"end":{"line":2,"column":62}},"1":{"start":{"line":3,"column":0},"end":{"line":3,"column":25}},"2":{"start":{"line":7,"column":18},"end":{"line":7,"column":38}},"3":{"start":{"line":25,"column":8},"end":{"line":25,"column":90}},"4":{"start":{"line":26,"column":8},"end":{"line":26,"column":25}},"5":{"start":{"line":27,"column":8},"end":{"line":27,"column":29}},"6":{"start":{"line":28,"column":8},"end":{"line":28,"column":29}},"7":{"start":{"line":29,"column":8},"end":{"line":29,"column":25}},"8":{"start":{"line":30,"column":8},"end":{"line":30,"column":29}},"9":{"start":{"line":31,"column":8},"end":{"line":31,"column":31}},"10":{"start":{"line":32,"column":8},"end":{"line":32,"column":33}},"11":{"start":{"line":33,"column":8},"end":{"line":33,"column":29}},"12":{"start":{"line":34,"column":8},"end":{"line":34,"column":39}},"13":{"start":{"line":35,"column":8},"end":{"line":35,"column":45}},"14":{"start":{"line":38,"column":8},"end":{"line":38,"column":35}},"15":{"start":{"line":46,"column":30},"end":{"line":46,"column":31}},"16":{"start":{"line":47,"column":24},"end":{"line":47,"column":25}},"17":{"start":{"line":48,"column":33},"end":{"line":48,"column":36}},"18":{"start":{"line":49,"column":35},"end":{"line":49,"column":36}},"19":{"start":{"line":50,"column":8},"end":{"line":79,"column":9}},"20":{"start":{"line":51,"column":12},"end":{"line":51,"column":49}},"21":{"start":{"line":53,"column":13},"end":{"line":79,"column":9}},"22":{"start":{"line":54,"column":12},"end":{"line":54,"column":52}},"23":{"start":{"line":56,"column":13},"end":{"line":79,"column":9}},"24":{"start":{"line":57,"column":12},"end":{"line":57,"column":43}},"25":{"start":{"line":59,"column":13},"end":{"line":79,"column":9}},"26":{"start":{"line":60,"column":12},"end":{"line":60,"column":52}},"27":{"start":{"line":62,"column":13},"end":{"line":79,"column":9}},"28":{"start":{"line":63,"column":12},"end":{"line":63,"column":52}},"29":{"start":{"line":65,"column":13},"end":{"line":79,"column":9}},"30":{"start":{"line":66,"column":12},"end":{"line":66,"column":49}},"31":{"start":{"line":68,"column":13},"end":{"line":79,"column":9}},"32":{"start":{"line":69,"column":12},"end":{"line":69,"column":43}},"33":{"start":{"line":71,"column":13},"end":{"line":79,"column":9}},"34":{"start":{"line":72,"column":12},"end":{"line":72,"column":52}},"35":{"start":{"line":74,"column":13},"end":{"line":79,"column":9}},"36":{"start":{"line":75,"column":12},"end":{"line":75,"column":49}},"37":{"start":{"line":77,"column":13},"end":{"line":79,"column":9}},"38":{"start":{"line":78,"column":12},"end":{"line":78,"column":49}},"39":{"start":{"line":80,"column":24},"end":{"line":80,"column":75}},"40":{"start":{"line":81,"column":8},"end":{"line":81,"column":22}},"41":{"start":{"line":88,"column":24},"end":{"line":88,"column":50}},"42":{"start":{"line":89,"column":8},"end":{"line":89,"column":22}},"43":{"start":{"line":96,"column":8},"end":{"line":96,"column":325}},"44":{"start":{"line":99,"column":0},"end":{"line":99,"column":26}}},"fnMap":{"0":{"name":"(anonymous_0)","decl":{"start":{"line":24,"column":4},"end":{"line":24,"column":5}},"loc":{"start":{"line":24,"column":108},"end":{"line":36,"column":5}},"line":24},"1":{"name":"(anonymous_1)","decl":{"start":{"line":37,"column":4},"end":{"line":37,"column":5}},"loc":{"start":{"line":37,"column":24},"end":{"line":39,"column":5}},"line":37},"2":{"name":"(anonymous_2)","decl":{"start":{"line":45,"column":4},"end":{"line":45,"column":5}},"loc":{"start":{"line":45,"column":23},"end":{"line":82,"column":5}},"line":45},"3":{"name":"(anonymous_3)","decl":{"start":{"line":87,"column":4},"end":{"line":87,"column":5}},"loc":{"start":{"line":87,"column":23},"end":{"line":90,"column":5}},"line":87},"4":{"name":"(anonymous_4)","decl":{"start":{"line":95,"column":4},"end":{"line":95,"column":5}},"loc":{"start":{"line":95,"column":23},"end":{"line":97,"column":5}},"line":95}},"branchMap":{"0":{"loc":{"start":{"line":50,"column":8},"end":{"line":79,"column":9}},"type":"if","locations":[{"start":{"line":50,"column":8},"end":{"line":79,"column":9}},{"start":{"line":50,"column":8},"end":{"line":79,"column":9}}],"line":50},"1":{"loc":{"start":{"line":50,"column":12},"end":{"line":50,"column":60}},"type":"binary-expr","locations":[{"start":{"line":50,"column":12},"end":{"line":50,"column":32}},{"start":{"line":50,"column":36},"end":{"line":50,"column":60}}],"line":50},"2":{"loc":{"start":{"line":53,"column":13},"end":{"line":79,"column":9}},"type":"if","locations":[{"start":{"line":53,"column":13},"end":{"line":79,"column":9}},{"start":{"line":53,"column":13},"end":{"line":79,"column":9}}],"line":53},"3":{"loc":{"start":{"line":53,"column":17},"end":{"line":53,"column":63}},"type":"binary-expr","locations":[{"start":{"line":53,"column":17},"end":{"line":53,"column":37}},{"start":{"line":53,"column":41},"end":{"line":53,"column":63}}],"line":53},"4":{"loc":{"start":{"line":56,"column":13},"end":{"line":79,"column":9}},"type":"if","locations":[{"start":{"line":56,"column":13},"end":{"line":79,"column":9}},{"start":{"line":56,"column":13},"end":{"line":79,"column":9}}],"line":56},"5":{"loc":{"start":{"line":56,"column":17},"end":{"line":56,"column":68}},"type":"binary-expr","locations":[{"start":{"line":56,"column":17},"end":{"line":56,"column":37}},{"start":{"line":56,"column":41},"end":{"line":56,"column":68}}],"line":56},"6":{"loc":{"start":{"line":59,"column":13},"end":{"line":79,"column":9}},"type":"if","locations":[{"start":{"line":59,"column":13},"end":{"line":79,"column":9}},{"start":{"line":59,"column":13},"end":{"line":79,"column":9}}],"line":59},"7":{"loc":{"start":{"line":59,"column":17},"end":{"line":59,"column":64}},"type":"binary-expr","locations":[{"start":{"line":59,"column":17},"end":{"line":59,"column":36}},{"start":{"line":59,"column":40},"end":{"line":59,"column":64}}],"line":59},"8":{"loc":{"start":{"line":62,"column":13},"end":{"line":79,"column":9}},"type":"if","locations":[{"start":{"line":62,"column":13},"end":{"line":79,"column":9}},{"start":{"line":62,"column":13},"end":{"line":79,"column":9}}],"line":62},"9":{"loc":{"start":{"line":62,"column":17},"end":{"line":62,"column":67}},"type":"binary-expr","locations":[{"start":{"line":62,"column":17},"end":{"line":62,"column":36}},{"start":{"line":62,"column":40},"end":{"line":62,"column":67}}],"line":62},"10":{"loc":{"start":{"line":65,"column":13},"end":{"line":79,"column":9}},"type":"if","locations":[{"start":{"line":65,"column":13},"end":{"line":79,"column":9}},{"start":{"line":65,"column":13},"end":{"line":79,"column":9}}],"line":65},"11":{"loc":{"start":{"line":65,"column":17},"end":{"line":65,"column":63}},"type":"binary-expr","locations":[{"start":{"line":65,"column":17},"end":{"line":65,"column":36}},{"start":{"line":65,"column":40},"end":{"line":65,"column":63}}],"line":65},"12":{"loc":{"start":{"line":68,"column":13},"end":{"line":79,"column":9}},"type":"if","locations":[{"start":{"line":68,"column":13},"end":{"line":79,"column":9}},{"start":{"line":68,"column":13},"end":{"line":79,"column":9}}],"line":68},"13":{"loc":{"start":{"line":68,"column":17},"end":{"line":68,"column":69}},"type":"binary-expr","locations":[{"start":{"line":68,"column":17},"end":{"line":68,"column":38}},{"start":{"line":68,"column":42},"end":{"line":68,"column":69}}],"line":68},"14":{"loc":{"start":{"line":71,"column":13},"end":{"line":79,"column":9}},"type":"if","locations":[{"start":{"line":71,"column":13},"end":{"line":79,"column":9}},{"start":{"line":71,"column":13},"end":{"line":79,"column":9}}],"line":71},"15":{"loc":{"start":{"line":71,"column":17},"end":{"line":71,"column":65}},"type":"binary-expr","locations":[{"start":{"line":71,"column":17},"end":{"line":71,"column":38}},{"start":{"line":71,"column":42},"end":{"line":71,"column":65}}],"line":71},"16":{"loc":{"start":{"line":74,"column":13},"end":{"line":79,"column":9}},"type":"if","locations":[{"start":{"line":74,"column":13},"end":{"line":79,"column":9}},{"start":{"line":74,"column":13},"end":{"line":79,"column":9}}],"line":74},"17":{"loc":{"start":{"line":74,"column":17},"end":{"line":74,"column":64}},"type":"binary-expr","locations":[{"start":{"line":74,"column":17},"end":{"line":74,"column":38}},{"start":{"line":74,"column":42},"end":{"line":74,"column":64}}],"line":74},"18":{"loc":{"start":{"line":77,"column":13},"end":{"line":79,"column":9}},"type":"if","locations":[{"start":{"line":77,"column":13},"end":{"line":79,"column":9}},{"start":{"line":77,"column":13},"end":{"line":79,"column":9}}],"line":77},"19":{"loc":{"start":{"line":77,"column":17},"end":{"line":77,"column":67}},"type":"binary-expr","locations":[{"start":{"line":77,"column":17},"end":{"line":77,"column":41}},{"start":{"line":77,"column":45},"end":{"line":77,"column":67}}],"line":77}},"s":{"0":1,"1":1,"2":1,"3":2,"4":2,"5":2,"6":2,"7":2,"8":2,"9":2,"10":2,"11":2,"12":2,"13":2,"14":0,"15":4,"16":4,"17":4,"18":4,"19":4,"20":0,"21":4,"22":0,"23":4,"24":0,"25":4,"26":0,"27":4,"28":2,"29":2,"30":0,"31":2,"32":0,"33":2,"34":0,"35":2,"36":0,"37":2,"38":2,"39":4,"40":4,"41":2,"42":2,"43":2,"44":1},"f":{"0":2,"1":0,"2":4,"3":2,"4":2},"b":{"0":[0,4],"1":[4,0],"2":[0,4],"3":[4,0],"4":[0,4],"5":[4,0],"6":[0,4],"7":[4,2],"8":[2,2],"9":[4,2],"10":[0,2],"11":[2,0],"12":[0,2],"13":[2,0],"14":[0,2],"15":[2,0],"16":[0,2],"17":[2,0],"18":[2,0],"19":[2,2]},"inputSourceMap":{"version":3,"file":"/home/usuario/ull-esit-inf-dsi-21-22-prct06-generics-solid-Pablo400/code-pr06/src/Pokemon.ts","sources":["/home/usuario/ull-esit-inf-dsi-21-22-prct06-generics-solid-Pablo400/code-pr06/src/Pokemon.ts"],"names":[],"mappings":";;;AAAA,kCAAkC;AAClC,4BAA4B;AAC5B,gCAAgC;AAChC,uCAAkC;AAElC;;GAEG;AACH,MAAa,OAAQ,SAAQ,iBAAO;IAClC;;;;;;;;;;;OAWG;IACH,YAAsB,IAAa,EAAY,MAAe,EAClD,MAAe,EAAY,IAAa,EAAY,MAAe,EACnE,OAAgB,EAAY,QAAiB,EAAY,MAAe,EACxE,WAAoB,EAAY,cAAuB;QACjE,KAAK,CAAC,IAAI,EAAE,MAAM,EAAE,MAAM,EAAE,IAAI,EAAE,MAAM,EAAE,OAAO,EAAE,QAAQ,EAAE,MAAM,EAAE,WAAW,CAAC,CAAC;QAJ9D,SAAI,GAAJ,IAAI,CAAS;QAAY,WAAM,GAAN,MAAM,CAAS;QAClD,WAAM,GAAN,MAAM,CAAS;QAAY,SAAI,GAAJ,IAAI,CAAS;QAAY,WAAM,GAAN,MAAM,CAAS;QACnE,YAAO,GAAP,OAAO,CAAS;QAAY,aAAQ,GAAR,QAAQ,CAAS;QAAY,WAAM,GAAN,MAAM,CAAS;QACxE,gBAAW,GAAX,WAAW,CAAS;QAAY,mBAAc,GAAd,cAAc,CAAS;IAEnE,CAAC;IAED,iBAAiB;QACf,OAAO,IAAI,CAAC,cAAc,CAAC;IAC7B,CAAC;IAED;;;;OAIG;IACH,SAAS,CAAC,OAAiB;QACzB,MAAM,aAAa,GAAY,CAAC,CAAC;QACjC,MAAM,OAAO,GAAY,CAAC,CAAC;QAC3B,MAAM,gBAAgB,GAAY,GAAG,CAAC;QACtC,IAAI,oBAAoB,GAAG,CAAC,CAAC;QAE7B,IAAK,IAAI,CAAC,IAAI,IAAI,OAAO,IAAI,OAAO,CAAC,IAAI,IAAI,QAAQ,EAAG;YACtD,oBAAoB,GAAG,aAAa,CAAC;SACtC;aAAM,IAAK,IAAI,CAAC,IAAI,IAAI,OAAO,IAAI,OAAO,CAAC,IAAI,IAAI,MAAM,EAAG;YAC3D,oBAAoB,GAAG,gBAAgB,CAAC;SACzC;aAAM,IAAK,IAAI,CAAC,IAAI,IAAI,OAAO,IAAI,OAAO,CAAC,IAAI,IAAI,WAAW,EAAG;YAChE,oBAAoB,GAAG,OAAO,CAAC;SAChC;aAAM,IAAK,IAAI,CAAC,IAAI,IAAI,MAAM,IAAI,OAAO,CAAC,IAAI,IAAI,QAAQ,EAAG;YAC5D,oBAAoB,GAAG,gBAAgB,CAAC;SACzC;aAAM,IAAK,IAAI,CAAC,IAAI,IAAI,MAAM,IAAI,OAAO,CAAC,IAAI,IAAI,WAAW,EAAG;YAC/D,oBAAoB,GAAG,gBAAgB,CAAC;SACzC;aAAM,IAAK,IAAI,CAAC,IAAI,IAAI,MAAM,IAAI,OAAO,CAAC,IAAI,IAAI,OAAO,EAAG;YAC3D,oBAAoB,GAAG,aAAa,CAAC;SACtC;aAAM,IAAK,IAAI,CAAC,IAAI,IAAI,QAAQ,IAAI,OAAO,CAAC,IAAI,IAAI,WAAW,EAAG;YACjE,oBAAoB,GAAG,OAAO,CAAC;SAChC;aAAM,IAAK,IAAI,CAAC,IAAI,IAAI,QAAQ,IAAI,OAAO,CAAC,IAAI,IAAI,OAAO,EAAG;YAC7D,oBAAoB,GAAG,gBAAgB,CAAC;SACzC;aAAM,IAAK,IAAI,CAAC,IAAI,IAAI,QAAQ,IAAI,OAAO,CAAC,IAAI,IAAI,MAAM,EAAG;YAC5D,oBAAoB,GAAG,aAAa,CAAC;SACtC;aAAM,IAAK,IAAI,CAAC,IAAI,IAAI,WAAW,IAAI,OAAO,CAAC,IAAI,IAAI,MAAM,EAAG;YAC/D,oBAAoB,GAAG,aAAa,CAAC;SACtC;QAED,MAAM,MAAM,GAAY,CAAC,CAAC,IAAI,CAAC,MAAM,GAAG,IAAI,CAAC,OAAO,CAAC,GAAG,oBAAoB,CAAC,CAAC;QAE9E,OAAO,MAAM,CAAC;IAChB,CAAC;IAED;;;OAGG;IACH,gBAAgB;QACd,MAAM,MAAM,GAAG,CAAC,IAAI,CAAC,MAAM,GAAG,IAAI,CAAC,OAAO,CAAC,CAAC;QAC5C,OAAO,MAAM,CAAC;IAChB,CAAC;IAED;;;OAGG;IACH,gBAAgB;QACd,OAAO,MAAM,IAAI,CAAC,OAAO,EAAE,OAAO,IAAI,CAAC,cAAc,0BAA0B,IAAI,CAAC,OAAO,EAAE,UAAU,IAAI,CAAC,SAAS,EAAE,cAAc,IAAI,CAAC,SAAS,EAAE,YAAY,IAAI,CAAC,SAAS,EAAE,sBAAsB,IAAI,CAAC,UAAU,EAAE,uBAAuB,IAAI,CAAC,WAAW,EAAE,0BAA0B,IAAI,CAAC,SAAS,EAAE,iBAAiB,CAAC;IAC/T,CAAC;CACF;AA9ED,0BA8EC","sourcesContent":["/* eslint-disable require-jsdoc */\n/* eslint-disable max-len */\n/* eslint-disable valid-jsdoc */\nimport {Fighter} from './Fighter';\n\n/**\n * Contains all atributes of the Pokemon\n */\nexport class Pokemon extends Fighter {\n  /**\n   * Recieves the Pokemon data\n   * @param name Pokemon Name\n   * @param height Pokemon Height\n   * @param weight Pokemon Weight\n   * @param type Pokemon Type\n   * @param attack Pokemon Attack\n   * @param defense Pokemon Defense\n   * @param velocity Pokemon Velocity\n   * @param health Pokemon Health\n   * @param pokemonTrainer Pokemon Trainer Names\n   */\n  constructor(protected name : string, protected height : number,\n    protected weight : number, protected type : string, protected attack : number,\n    protected defense : number, protected velocity : number, protected health : number,\n    protected catchPhrase : string, protected pokemonTrainer : string) {\n    super(name, height, weight, type, attack, defense, velocity, health, catchPhrase);\n  }\n\n  getPokemonTrainer() {\n    return this.pokemonTrainer;\n  }\n\n  /**\n   * This method calculates the pokemon damage with his type, this function only works on the Pokemon Universe\n   * @param Fighter Second Pokemon Fighter\n   * @returns Damage of the Pokemon\n   */\n  getDamage(Fighter : Pokemon) : number {\n    const superEfective : number = 2;\n    const neutral : number = 1;\n    const notVeryEffective : number = 0.5;\n    let pokemonEffectiveness = 0;\n\n    if ( this.type == 'fuego' && Fighter.type == 'hierba' ) {\n      pokemonEffectiveness = superEfective;\n    } else if ( this.type == 'fuego' && Fighter.type == 'agua' ) {\n      pokemonEffectiveness = notVeryEffective;\n    } else if ( this.type == 'fuego' && Fighter.type == 'eléctrico' ) {\n      pokemonEffectiveness = neutral;\n    } else if ( this.type == 'agua' && Fighter.type == 'hierba' ) {\n      pokemonEffectiveness = notVeryEffective;\n    } else if ( this.type == 'agua' && Fighter.type == 'eléctrico' ) {\n      pokemonEffectiveness = notVeryEffective;\n    } else if ( this.type == 'agua' && Fighter.type == 'fuego' ) {\n      pokemonEffectiveness = superEfective;\n    } else if ( this.type == 'hierba' && Fighter.type == 'eléctrico' ) {\n      pokemonEffectiveness = neutral;\n    } else if ( this.type == 'hierba' && Fighter.type == 'fuego' ) {\n      pokemonEffectiveness = notVeryEffective;\n    } else if ( this.type == 'hierba' && Fighter.type == 'agua' ) {\n      pokemonEffectiveness = superEfective;\n    } else if ( this.type == 'eléctrico' && Fighter.type == 'agua' ) {\n      pokemonEffectiveness = superEfective;\n    }\n\n    const damage : number = ((this.attack / this.defense) * pokemonEffectiveness);\n\n    return damage;\n  }\n\n  /**\n   * This method calculates the pokemon damage on other Universe\n   * @returns The general damage of a Pokemon on other Universe\n   */\n  getGeneralDamage(): number {\n    const damage = (this.attack / this.defense);\n    return damage;\n  }\n\n  /**\n   * Prints information of a Pokemon\n   * @return Printed Pokemon Information\n   */\n  printPokemonData() {\n    return `El ${this.getName()} de ${this.pokemonTrainer} es un pokemon de tipo ${this.getType()}, pesa ${this.getWeight()} kg y mide ${this.getHeight()} m.Tiene ${this.getAttack()} puntos de ataque, ${this.getDefense()} puntos de defensa, ${this.getVelocity()} puntos de velocidad y ${this.getHealth()} puntos de vida`;\n  }\n}\n\n"]},"_coverageSchema":"1a1c01bbd47fc00a2c39e90264f33305004495a9","hash":"86ba03f9e302e635262d548f98c6aeb95906fd26","contentHash":"0a9971ab8163761d064f48265b6264118883cc89e83ce5986795695481c8aab6"},"/home/usuario/ull-esit-inf-dsi-21-22-prct06-generics-solid-Pablo400/code-pr06/src/ejercicio-1.ts":{"path":"/home/usuario/ull-esit-inf-dsi-21-22-prct06-generics-solid-Pablo400/code-pr06/src/ejercicio-1.ts","statementMap":{"0":{"start":{"line":2,"column":0},"end":{"line":2,"column":62}},"1":{"start":{"line":3,"column":0},"end":{"line":3,"column":24}},"2":{"start":{"line":16,"column":26},"end":{"line":16,"column":27}},"3":{"start":{"line":17,"column":38},"end":{"line":17,"column":58}},"4":{"start":{"line":18,"column":38},"end":{"line":18,"column":58}},"5":{"start":{"line":19,"column":29},"end":{"line":19,"column":30}},"6":{"start":{"line":20,"column":29},"end":{"line":20,"column":30}},"7":{"start":{"line":21,"column":8},"end":{"line":32,"column":9}},"8":{"start":{"line":22,"column":12},"end":{"line":22,"column":58}},"9":{"start":{"line":23,"column":12},"end":{"line":23,"column":58}},"10":{"start":{"line":25,"column":13},"end":{"line":32,"column":9}},"11":{"start":{"line":26,"column":12},"end":{"line":26,"column":58}},"12":{"start":{"line":27,"column":12},"end":{"line":27,"column":58}},"13":{"start":{"line":30,"column":12},"end":{"line":30,"column":57}},"14":{"start":{"line":31,"column":12},"end":{"line":31,"column":57}},"15":{"start":{"line":33,"column":8},"end":{"line":33,"column":94}},"16":{"start":{"line":34,"column":8},"end":{"line":34,"column":83}},"17":{"start":{"line":35,"column":8},"end":{"line":35,"column":83}},"18":{"start":{"line":36,"column":8},"end":{"line":38,"column":9}},"19":{"start":{"line":37,"column":12},"end":{"line":37,"column":61}},"20":{"start":{"line":39,"column":8},"end":{"line":77,"column":9}},"21":{"start":{"line":40,"column":12},"end":{"line":75,"column":13}},"22":{"start":{"line":41,"column":16},"end":{"line":41,"column":83}},"23":{"start":{"line":42,"column":16},"end":{"line":42,"column":91}},"24":{"start":{"line":43,"column":16},"end":{"line":48,"column":17}},"25":{"start":{"line":44,"column":20},"end":{"line":44,"column":68}},"26":{"start":{"line":47,"column":20},"end":{"line":47,"column":93}},"27":{"start":{"line":49,"column":16},"end":{"line":49,"column":83}},"28":{"start":{"line":50,"column":16},"end":{"line":50,"column":91}},"29":{"start":{"line":51,"column":16},"end":{"line":56,"column":17}},"30":{"start":{"line":52,"column":20},"end":{"line":52,"column":68}},"31":{"start":{"line":55,"column":20},"end":{"line":55,"column":93}},"32":{"start":{"line":58,"column":17},"end":{"line":75,"column":13}},"33":{"start":{"line":59,"column":16},"end":{"line":59,"column":83}},"34":{"start":{"line":60,"column":16},"end":{"line":60,"column":91}},"35":{"start":{"line":61,"column":16},"end":{"line":66,"column":17}},"36":{"start":{"line":62,"column":20},"end":{"line":62,"column":68}},"37":{"start":{"line":65,"column":20},"end":{"line":65,"column":93}},"38":{"start":{"line":67,"column":16},"end":{"line":67,"column":83}},"39":{"start":{"line":68,"column":16},"end":{"line":68,"column":91}},"40":{"start":{"line":69,"column":16},"end":{"line":74,"column":17}},"41":{"start":{"line":70,"column":20},"end":{"line":70,"column":68}},"42":{"start":{"line":73,"column":20},"end":{"line":73,"column":93}},"43":{"start":{"line":76,"column":12},"end":{"line":76,"column":26}},"44":{"start":{"line":78,"column":8},"end":{"line":86,"column":9}},"45":{"start":{"line":79,"column":12},"end":{"line":79,"column":131}},"46":{"start":{"line":81,"column":13},"end":{"line":86,"column":9}},"47":{"start":{"line":82,"column":12},"end":{"line":82,"column":131}},"48":{"start":{"line":85,"column":12},"end":{"line":85,"column":61}},"49":{"start":{"line":89,"column":0},"end":{"line":89,"column":24}}},"fnMap":{"0":{"name":"(anonymous_0)","decl":{"start":{"line":8,"column":4},"end":{"line":8,"column":5}},"loc":{"start":{"line":8,"column":18},"end":{"line":8,"column":21}},"line":8},"1":{"name":"(anonymous_1)","decl":{"start":{"line":15,"column":4},"end":{"line":15,"column":5}},"loc":{"start":{"line":15,"column":35},"end":{"line":87,"column":5}},"line":15}},"branchMap":{"0":{"loc":{"start":{"line":21,"column":8},"end":{"line":32,"column":9}},"type":"if","locations":[{"start":{"line":21,"column":8},"end":{"line":32,"column":9}},{"start":{"line":21,"column":8},"end":{"line":32,"column":9}}],"line":21},"1":{"loc":{"start":{"line":21,"column":12},"end":{"line":21,"column":62}},"type":"binary-expr","locations":[{"start":{"line":21,"column":12},"end":{"line":21,"column":35}},{"start":{"line":21,"column":39},"end":{"line":21,"column":62}}],"line":21},"2":{"loc":{"start":{"line":25,"column":13},"end":{"line":32,"column":9}},"type":"if","locations":[{"start":{"line":25,"column":13},"end":{"line":32,"column":9}},{"start":{"line":25,"column":13},"end":{"line":32,"column":9}}],"line":25},"3":{"loc":{"start":{"line":25,"column":17},"end":{"line":25,"column":77}},"type":"binary-expr","locations":[{"start":{"line":25,"column":17},"end":{"line":25,"column":45}},{"start":{"line":25,"column":49},"end":{"line":25,"column":77}}],"line":25},"4":{"loc":{"start":{"line":36,"column":8},"end":{"line":38,"column":9}},"type":"if","locations":[{"start":{"line":36,"column":8},"end":{"line":38,"column":9}},{"start":{"line":36,"column":8},"end":{"line":38,"column":9}}],"line":36},"5":{"loc":{"start":{"line":39,"column":15},"end":{"line":39,"column":75}},"type":"binary-expr","locations":[{"start":{"line":39,"column":15},"end":{"line":39,"column":43}},{"start":{"line":39,"column":47},"end":{"line":39,"column":75}}],"line":39},"6":{"loc":{"start":{"line":40,"column":12},"end":{"line":75,"column":13}},"type":"if","locations":[{"start":{"line":40,"column":12},"end":{"line":75,"column":13}},{"start":{"line":40,"column":12},"end":{"line":75,"column":13}}],"line":40},"7":{"loc":{"start":{"line":43,"column":16},"end":{"line":48,"column":17}},"type":"if","locations":[{"start":{"line":43,"column":16},"end":{"line":48,"column":17}},{"start":{"line":43,"column":16},"end":{"line":48,"column":17}}],"line":43},"8":{"loc":{"start":{"line":51,"column":16},"end":{"line":56,"column":17}},"type":"if","locations":[{"start":{"line":51,"column":16},"end":{"line":56,"column":17}},{"start":{"line":51,"column":16},"end":{"line":56,"column":17}}],"line":51},"9":{"loc":{"start":{"line":58,"column":17},"end":{"line":75,"column":13}},"type":"if","locations":[{"start":{"line":58,"column":17},"end":{"line":75,"column":13}},{"start":{"line":58,"column":17},"end":{"line":75,"column":13}}],"line":58},"10":{"loc":{"start":{"line":61,"column":16},"end":{"line":66,"column":17}},"type":"if","locations":[{"start":{"line":61,"column":16},"end":{"line":66,"column":17}},{"start":{"line":61,"column":16},"end":{"line":66,"column":17}}],"line":61},"11":{"loc":{"start":{"line":69,"column":16},"end":{"line":74,"column":17}},"type":"if","locations":[{"start":{"line":69,"column":16},"end":{"line":74,"column":17}},{"start":{"line":69,"column":16},"end":{"line":74,"column":17}}],"line":69},"12":{"loc":{"start":{"line":78,"column":8},"end":{"line":86,"column":9}},"type":"if","locations":[{"start":{"line":78,"column":8},"end":{"line":86,"column":9}},{"start":{"line":78,"column":8},"end":{"line":86,"column":9}}],"line":78},"13":{"loc":{"start":{"line":81,"column":13},"end":{"line":86,"column":9}},"type":"if","locations":[{"start":{"line":81,"column":13},"end":{"line":86,"column":9}},{"start":{"line":81,"column":13},"end":{"line":86,"column":9}}],"line":81}},"s":{"0":1,"1":1,"2":6,"3":6,"4":6,"5":6,"6":6,"7":6,"8":2,"9":2,"10":4,"11":2,"12":2,"13":2,"14":2,"15":6,"16":6,"17":6,"18":6,"19":0,"20":6,"21":74,"22":48,"23":48,"24":48,"25":4,"26":44,"27":48,"28":48,"29":48,"30":0,"31":48,"32":26,"33":26,"34":26,"35":26,"36":0,"37":26,"38":26,"39":26,"40":26,"41":0,"42":26,"43":74,"44":6,"45":0,"46":6,"47":6,"48":0,"49":1},"f":{"0":1,"1":6},"b":{"0":[2,4],"1":[6,4],"2":[2,2],"3":[4,2],"4":[0,6],"5":[80,80],"6":[48,26],"7":[4,44],"8":[0,48],"9":[26,0],"10":[0,26],"11":[0,26],"12":[0,6],"13":[6,0]},"inputSourceMap":{"version":3,"file":"/home/usuario/ull-esit-inf-dsi-21-22-prct06-generics-solid-Pablo400/code-pr06/src/ejercicio-1.ts","sources":["/home/usuario/ull-esit-inf-dsi-21-22-prct06-generics-solid-Pablo400/code-pr06/src/ejercicio-1.ts"],"names":[],"mappings":";;;AAMA;;GAEG;AACH,MAAa,MAAM;IACjB,gBAAgB,CAAC;IAEjB;;;;;OAKG;IACH,UAAU,CAAC,QAAkB,EAAE,QAAkB;QAC/C,IAAI,WAAW,GAAG,CAAC,CAAC;QACpB,IAAI,uBAAuB,GAAG,QAAQ,CAAC,SAAS,EAAE,CAAC;QACnD,IAAI,uBAAuB,GAAG,QAAQ,CAAC,SAAS,EAAE,CAAC;QACnD,IAAI,cAAc,GAAG,CAAC,CAAC;QACvB,IAAI,cAAc,GAAG,CAAC,CAAC;QAEvB,IAAI,WAAW,IAAI,QAAQ,IAAI,WAAW,IAAI,QAAQ,EAAE;YACtD,cAAc,GAAG,QAAQ,CAAC,SAAS,CAAC,QAAQ,CAAC,CAAC;YAC9C,cAAc,GAAG,QAAQ,CAAC,SAAS,CAAC,QAAQ,CAAC,CAAC;SAC/C;aAAM,IAAI,gBAAgB,IAAI,QAAQ,IAAI,gBAAgB,IAAI,QAAQ,EAAE;YACvE,cAAc,GAAG,QAAQ,CAAC,SAAS,CAAC,QAAQ,CAAC,CAAC;YAC9C,cAAc,GAAG,QAAQ,CAAC,SAAS,CAAC,QAAQ,CAAC,CAAC;SAC/C;aAAM;YACL,cAAc,GAAG,QAAQ,CAAC,gBAAgB,EAAE,CAAC;YAC7C,cAAc,GAAG,QAAQ,CAAC,gBAAgB,EAAE,CAAC;SAC9C;QAED,OAAO,CAAC,GAAG,CAAC,gBAAgB,QAAQ,CAAC,OAAO,EAAE,WAAW,QAAQ,CAAC,OAAO,EAAE,SAAS,CAAC,CAAC;QACtF,OAAO,CAAC,GAAG,CAAC,KAAK,QAAQ,CAAC,OAAO,EAAE,UAAU,uBAAuB,KAAK,CAAC,CAAC;QAC3E,OAAO,CAAC,GAAG,CAAC,KAAK,QAAQ,CAAC,OAAO,EAAE,UAAU,uBAAuB,KAAK,CAAC,CAAC;QAE3E,IAAI,QAAQ,KAAK,QAAQ,EAAE;YACzB,OAAO,yCAAyC,CAAC;SAClD;QAED,OAAO,uBAAuB,IAAI,CAAC,IAAI,uBAAuB,IAAI,CAAC,EAAE;YACnE,IAAI,QAAQ,CAAC,WAAW,EAAE,GAAG,QAAQ,CAAC,WAAW,EAAE,EAAE;gBACnD,uBAAuB,GAAG,uBAAuB,GAAG,cAAc,CAAC;gBAEnE,OAAO,CAAC,GAAG,CAAC,WAAW,QAAQ,CAAC,OAAO,EAAE,KAAK,QAAQ,CAAC,cAAc,EAAE,EAAE,CAAC,CAAC;gBAE3E,IAAK,uBAAuB,IAAI,CAAC,EAAG;oBAClC,OAAO,CAAC,GAAG,CAAC,GAAG,QAAQ,CAAC,OAAO,EAAE,aAAa,CAAC,CAAC;iBACjD;qBAAM;oBACL,OAAO,CAAC,GAAG,CAAC,GAAG,QAAQ,CAAC,OAAO,EAAE,UAAU,uBAAuB,KAAK,CAAC,CAAC;iBAC1E;gBAED,uBAAuB,GAAG,uBAAuB,GAAG,cAAc,CAAC;gBAEnE,OAAO,CAAC,GAAG,CAAC,WAAW,QAAQ,CAAC,OAAO,EAAE,KAAK,QAAQ,CAAC,cAAc,EAAE,EAAE,CAAC,CAAC;gBAE3E,IAAK,uBAAuB,IAAI,CAAC,EAAG;oBAClC,OAAO,CAAC,GAAG,CAAC,GAAG,QAAQ,CAAC,OAAO,EAAE,aAAa,CAAC,CAAC;iBACjD;qBAAM;oBACL,OAAO,CAAC,GAAG,CAAC,GAAG,QAAQ,CAAC,OAAO,EAAE,UAAU,uBAAuB,KAAK,CAAC,CAAC;iBAC1E;aACF;iBAAM,IAAI,QAAQ,CAAC,WAAW,EAAE,GAAG,QAAQ,CAAC,WAAW,EAAE,EAAE;gBAC1D,uBAAuB,GAAG,uBAAuB,GAAG,cAAc,CAAC;gBAEnE,OAAO,CAAC,GAAG,CAAC,WAAW,QAAQ,CAAC,OAAO,EAAE,KAAK,QAAQ,CAAC,cAAc,EAAE,EAAE,CAAC,CAAC;gBAE3E,IAAK,uBAAuB,IAAI,CAAC,EAAG;oBAClC,OAAO,CAAC,GAAG,CAAC,GAAG,QAAQ,CAAC,OAAO,EAAE,aAAa,CAAC,CAAC;iBACjD;qBAAM;oBACL,OAAO,CAAC,GAAG,CAAC,GAAG,QAAQ,CAAC,OAAO,EAAE,UAAU,uBAAuB,KAAK,CAAC,CAAC;iBAC1E;gBAED,uBAAuB,GAAG,uBAAuB,GAAG,cAAc,CAAC;gBAEnE,OAAO,CAAC,GAAG,CAAC,WAAW,QAAQ,CAAC,OAAO,EAAE,KAAK,QAAQ,CAAC,cAAc,EAAE,EAAE,CAAC,CAAC;gBAE3E,IAAK,uBAAuB,IAAI,CAAC,EAAG;oBAClC,OAAO,CAAC,GAAG,CAAC,GAAG,QAAQ,CAAC,OAAO,EAAE,aAAa,CAAC,CAAC;iBACjD;qBAAM;oBACL,OAAO,CAAC,GAAG,CAAC,GAAG,QAAQ,CAAC,OAAO,EAAE,UAAU,uBAAuB,KAAK,CAAC,CAAC;iBAC1E;aACF;YAED,WAAW,EAAE,CAAC;SACf;QAED,IAAI,uBAAuB,IAAI,CAAC,EAAE;YAChC,OAAO,mBAAmB,QAAQ,CAAC,OAAO,EAAE,MAAM,QAAQ,CAAC,OAAO,EAAE,0BAA0B,WAAW,aAAa,CAAC;SACxH;aAAM,IAAI,uBAAuB,IAAI,CAAC,EAAE;YACvC,OAAO,mBAAmB,QAAQ,CAAC,OAAO,EAAE,MAAM,QAAQ,CAAC,OAAO,EAAE,0BAA0B,WAAW,aAAa,CAAC;SACxH;aAAM;YACL,OAAO,yCAAyC,CAAC;SAClD;IACH,CAAC;CACF;AAzFD,wBAyFC;AAED;;;;;;;;;;;;;;mDAcmD","sourcesContent":["/* eslint-disable valid-jsdoc */\n/* eslint-disable max-len */\n/* eslint-disable require-jsdoc */\n/* eslint-disable no-unused-vars */\nimport {Fighter} from './Fighter';\n\n/**\n * Class that makes the combat between two fighters\n */\nexport class Combat {\n  constructor() { }\n\n  /**\n   * This function simulates a combat between two characters of diferent Universes\n   * @param Fighter1 First Fighter\n   * @param Fighter2 Second Fighter\n   * @returns The winner of the combat\n   */\n  startFight(Fighter1 : Fighter, Fighter2 : Fighter): string {\n    let combatTurns = 0;\n    let fighter1RemainingHealth = Fighter1.getHealth();\n    let fighter2RemainingHealth = Fighter2.getHealth();\n    let fighter1Damage = 0;\n    let fighter2Damage = 0;\n\n    if ('standName' in Fighter1 && 'standName' in Fighter2) {\n      fighter1Damage = Fighter1.getDamage(Fighter2);\n      fighter2Damage = Fighter2.getDamage(Fighter1);\n    } else if ('pokemonTrainer' in Fighter1 && 'pokemonTrainer' in Fighter2) {\n      fighter1Damage = Fighter1.getDamage(Fighter2);\n      fighter2Damage = Fighter2.getDamage(Fighter1);\n    } else {\n      fighter1Damage = Fighter1.getGeneralDamage();\n      fighter2Damage = Fighter2.getGeneralDamage();\n    }\n\n    console.log(`\\nCombate de ${Fighter1.getName()} contra ${Fighter2.getName()} !!!!!!`);\n    console.log(`\\n${Fighter1.getName()} tiene ${fighter1RemainingHealth} HP`);\n    console.log(`\\n${Fighter2.getName()} tiene ${fighter2RemainingHealth} HP`);\n\n    if (Fighter2 === Fighter1) {\n      return 'Esto es impresionante, han empatado !!!';\n    }\n\n    while (fighter1RemainingHealth >= 0 && fighter2RemainingHealth >= 0) {\n      if (Fighter1.getVelocity() > Fighter2.getVelocity()) {\n        fighter2RemainingHealth = fighter2RemainingHealth - fighter1Damage;\n\n        console.log(`\\nAtaca ${Fighter1.getName()}, ${Fighter1.getCatchPhrase()}`);\n\n        if ( fighter2RemainingHealth <= 0 ) {\n          console.log(`${Fighter2.getName()} tiene 0 HP`);\n        } else {\n          console.log(`${Fighter2.getName()} tiene ${fighter2RemainingHealth} HP`);\n        }\n\n        fighter1RemainingHealth = fighter1RemainingHealth - fighter2Damage;\n\n        console.log(`\\nAtaca ${Fighter2.getName()}, ${Fighter2.getCatchPhrase()}`);\n\n        if ( fighter1RemainingHealth <= 0 ) {\n          console.log(`${Fighter1.getName()} tiene 0 HP`);\n        } else {\n          console.log(`${Fighter1.getName()} tiene ${fighter1RemainingHealth} HP`);\n        }\n      } else if (Fighter1.getVelocity() < Fighter2.getVelocity()) {\n        fighter1RemainingHealth = fighter1RemainingHealth - fighter2Damage;\n\n        console.log(`\\nAtaca ${Fighter2.getName()}, ${Fighter2.getCatchPhrase()}`);\n\n        if ( fighter2RemainingHealth <= 0 ) {\n          console.log(`${Fighter2.getName()} tiene 0 HP`);\n        } else {\n          console.log(`${Fighter2.getName()} tiene ${fighter2RemainingHealth} HP`);\n        }\n\n        fighter2RemainingHealth = fighter2RemainingHealth - fighter1Damage;\n\n        console.log(`\\nAtaca ${Fighter1.getName()}, ${Fighter1.getCatchPhrase()}`);\n\n        if ( fighter1RemainingHealth <= 0 ) {\n          console.log(`${Fighter1.getName()} tiene 0 HP`);\n        } else {\n          console.log(`${Fighter1.getName()} tiene ${fighter1RemainingHealth} HP`);\n        }\n      }\n\n      combatTurns++;\n    }\n\n    if (fighter1RemainingHealth <= 0) {\n      return `\\nEl ganador es ${Fighter2.getName()} y ${Fighter1.getName()} ha sido derrotado, en ${combatTurns} turnos !!!`;\n    } else if (fighter2RemainingHealth <= 0) {\n      return `\\nEl ganador es ${Fighter1.getName()} y ${Fighter2.getName()} ha sido derrotado, en ${combatTurns} turnos !!!`;\n    } else {\n      return 'Esto es impresionante, han empatado !!!';\n    }\n  }\n}\n\n/* const Jotaro = new Jojo('Jotaro', 1.95, 81, 'Corto Alcance', 200, 50, 200, 100, 'Star Platinum', 'The World', 'C', 'A', 'A', 'A', 'A');\nconst Kira = new Jojo('Yoshikare Kira', 1.75, 65, 'Automático', 270, 40, 300, 100, 'Sheer Heart Attack', 'Heat-Seeking Detonation', 'C', 'A', 'A', 'A', 'A');\nconst Pikachu = new Pokemon('Pikachu', 0.4, 6, 'eléctrico', 55, 40, 90, 35, 'Ash');\nconst Totodile = new Pokemon('Totodile', 0.6, 9.5, 'agua', 65, 64, 43, 50, 'Ash');\n\nconsole.log(Jotaro.printJojoData());\nconsole.log(Pikachu.printPokemonData());\n\nconst Fighters = new SaveFighter();\n\nconsole.log(Fighters.saveFighter(Jotaro, Pikachu, Totodile));\n\nconst Battle = new Combat(Jotaro, Pikachu);\n\nconsole.log(Battle.startFight(Jotaro, Pikachu)); */\n\n"]},"_coverageSchema":"1a1c01bbd47fc00a2c39e90264f33305004495a9","hash":"8afbdff53106c15841d8b98b366d4daadfd9ecb5","contentHash":"eed271e6d3b9d5d2fd16f9759de7f09dd66d0911a3f6c2413aaa43bbc988b6f7"},"/home/usuario/ull-esit-inf-dsi-21-22-prct06-generics-solid-Pablo400/code-pr06/src/Series.ts":{"path":"/home/usuario/ull-esit-inf-dsi-21-22-prct06-generics-solid-Pablo400/code-pr06/src/Series.ts","statementMap":{"0":{"start":{"line":2,"column":0},"end":{"line":2,"column":62}},"1":{"start":{"line":3,"column":0},"end":{"line":3,"column":24}},"2":{"start":{"line":7,"column":8},"end":{"line":7,"column":25}},"3":{"start":{"line":8,"column":8},"end":{"line":8,"column":27}},"4":{"start":{"line":9,"column":8},"end":{"line":9,"column":25}},"5":{"start":{"line":10,"column":8},"end":{"line":10,"column":31}},"6":{"start":{"line":11,"column":8},"end":{"line":11,"column":33}},"7":{"start":{"line":12,"column":8},"end":{"line":12,"column":29}},"8":{"start":{"line":15,"column":8},"end":{"line":15,"column":25}},"9":{"start":{"line":18,"column":8},"end":{"line":18,"column":26}},"10":{"start":{"line":21,"column":8},"end":{"line":21,"column":25}},"11":{"start":{"line":24,"column":8},"end":{"line":24,"column":28}},"12":{"start":{"line":27,"column":8},"end":{"line":27,"column":29}},"13":{"start":{"line":30,"column":8},"end":{"line":30,"column":27}},"14":{"start":{"line":33,"column":0},"end":{"line":33,"column":24}}},"fnMap":{"0":{"name":"(anonymous_0)","decl":{"start":{"line":6,"column":4},"end":{"line":6,"column":5}},"loc":{"start":{"line":6,"column":62},"end":{"line":13,"column":5}},"line":6},"1":{"name":"(anonymous_1)","decl":{"start":{"line":14,"column":4},"end":{"line":14,"column":5}},"loc":{"start":{"line":14,"column":20},"end":{"line":16,"column":5}},"line":14},"2":{"name":"(anonymous_2)","decl":{"start":{"line":17,"column":4},"end":{"line":17,"column":5}},"loc":{"start":{"line":17,"column":21},"end":{"line":19,"column":5}},"line":17},"3":{"name":"(anonymous_3)","decl":{"start":{"line":20,"column":4},"end":{"line":20,"column":5}},"loc":{"start":{"line":20,"column":20},"end":{"line":22,"column":5}},"line":20},"4":{"name":"(anonymous_4)","decl":{"start":{"line":23,"column":4},"end":{"line":23,"column":5}},"loc":{"start":{"line":23,"column":16},"end":{"line":25,"column":5}},"line":23},"5":{"name":"(anonymous_5)","decl":{"start":{"line":26,"column":4},"end":{"line":26,"column":5}},"loc":{"start":{"line":26,"column":18},"end":{"line":28,"column":5}},"line":26},"6":{"name":"(anonymous_6)","decl":{"start":{"line":29,"column":4},"end":{"line":29,"column":5}},"loc":{"start":{"line":29,"column":22},"end":{"line":31,"column":5}},"line":29}},"branchMap":{},"s":{"0":1,"1":1,"2":4,"3":4,"4":4,"5":4,"6":4,"7":4,"8":4,"9":0,"10":6,"11":0,"12":0,"13":6,"14":1},"f":{"0":4,"1":4,"2":0,"3":6,"4":0,"5":0,"6":6},"b":{},"inputSourceMap":{"version":3,"file":"/home/usuario/ull-esit-inf-dsi-21-22-prct06-generics-solid-Pablo400/code-pr06/src/Series.ts","sources":["/home/usuario/ull-esit-inf-dsi-21-22-prct06-generics-solid-Pablo400/code-pr06/src/Series.ts"],"names":[],"mappings":";;;AAAA,kCAAkC;AAClC,MAAa,MAAM;IACjB,YAAoB,IAAa,EAAU,KAAc,EAC/C,IAAa,EAAU,OAAgB,EACvC,QAAiB,EAAU,MAAe;QAFhC,SAAI,GAAJ,IAAI,CAAS;QAAU,UAAK,GAAL,KAAK,CAAS;QAC/C,SAAI,GAAJ,IAAI,CAAS;QAAU,YAAO,GAAP,OAAO,CAAS;QACvC,aAAQ,GAAR,QAAQ,CAAS;QAAU,WAAM,GAAN,MAAM,CAAS;IAAG,CAAC;IAExD,aAAa;QACX,OAAO,IAAI,CAAC,IAAI,CAAC;IACnB,CAAC;IAED,cAAc;QACZ,OAAO,IAAI,CAAC,KAAK,CAAC;IACpB,CAAC;IAED,aAAa;QACX,OAAO,IAAI,CAAC,IAAI,CAAC;IACnB,CAAC;IAED,SAAS;QACP,OAAO,IAAI,CAAC,OAAO,CAAC;IACtB,CAAC;IAED,WAAW;QACT,OAAO,IAAI,CAAC,QAAQ,CAAC;IACvB,CAAC;IAED,eAAe;QACb,OAAO,IAAI,CAAC,MAAM,CAAC;IACrB,CAAC;CACF;AA5BD,wBA4BC","sourcesContent":["/* eslint-disable require-jsdoc */\nexport class Series {\n  constructor(private name : string, private genre : string,\n    private year : number, private seasons : number,\n    private episodes : number, private rating : string) {}\n\n  getSeriesName() {\n    return this.name;\n  }\n\n  getSeriesGenre() {\n    return this.genre;\n  }\n\n  getSeriesYear() {\n    return this.year;\n  }\n\n  getSeason() {\n    return this.seasons;\n  }\n\n  getEpisodes() {\n    return this.episodes;\n  }\n\n  getSeriesRating() {\n    return this.rating;\n  }\n}\n"]},"_coverageSchema":"1a1c01bbd47fc00a2c39e90264f33305004495a9","hash":"efd783da7dc59edb9296e863eed185e284fcd50a","contentHash":"040ac69a0d67dead80e87d5ff8d1178cfbb0b1f03f60fbe5b3c4811248a9e019"},"/home/usuario/ull-esit-inf-dsi-21-22-prct06-generics-solid-Pablo400/code-pr06/src/Movies.ts":{"path":"/home/usuario/ull-esit-inf-dsi-21-22-prct06-generics-solid-Pablo400/code-pr06/src/Movies.ts","statementMap":{"0":{"start":{"line":2,"column":0},"end":{"line":2,"column":62}},"1":{"start":{"line":3,"column":0},"end":{"line":3,"column":23}},"2":{"start":{"line":7,"column":8},"end":{"line":7,"column":25}},"3":{"start":{"line":8,"column":8},"end":{"line":8,"column":27}},"4":{"start":{"line":9,"column":8},"end":{"line":9,"column":25}},"5":{"start":{"line":10,"column":8},"end":{"line":10,"column":33}},"6":{"start":{"line":11,"column":8},"end":{"line":11,"column":29}},"7":{"start":{"line":14,"column":8},"end":{"line":14,"column":25}},"8":{"start":{"line":17,"column":8},"end":{"line":17,"column":26}},"9":{"start":{"line":20,"column":8},"end":{"line":20,"column":25}},"10":{"start":{"line":23,"column":8},"end":{"line":23,"column":29}},"11":{"start":{"line":26,"column":8},"end":{"line":26,"column":27}},"12":{"start":{"line":29,"column":0},"end":{"line":29,"column":22}}},"fnMap":{"0":{"name":"(anonymous_0)","decl":{"start":{"line":6,"column":4},"end":{"line":6,"column":5}},"loc":{"start":{"line":6,"column":53},"end":{"line":12,"column":5}},"line":6},"1":{"name":"(anonymous_1)","decl":{"start":{"line":13,"column":4},"end":{"line":13,"column":5}},"loc":{"start":{"line":13,"column":19},"end":{"line":15,"column":5}},"line":13},"2":{"name":"(anonymous_2)","decl":{"start":{"line":16,"column":4},"end":{"line":16,"column":5}},"loc":{"start":{"line":16,"column":20},"end":{"line":18,"column":5}},"line":16},"3":{"name":"(anonymous_3)","decl":{"start":{"line":19,"column":4},"end":{"line":19,"column":5}},"loc":{"start":{"line":19,"column":19},"end":{"line":21,"column":5}},"line":19},"4":{"name":"(anonymous_4)","decl":{"start":{"line":22,"column":4},"end":{"line":22,"column":5}},"loc":{"start":{"line":22,"column":23},"end":{"line":24,"column":5}},"line":22},"5":{"name":"(anonymous_5)","decl":{"start":{"line":25,"column":4},"end":{"line":25,"column":5}},"loc":{"start":{"line":25,"column":21},"end":{"line":27,"column":5}},"line":25}},"branchMap":{},"s":{"0":1,"1":1,"2":4,"3":4,"4":4,"5":4,"6":4,"7":4,"8":0,"9":6,"10":0,"11":2,"12":1},"f":{"0":4,"1":4,"2":0,"3":6,"4":0,"5":2},"b":{},"inputSourceMap":{"version":3,"file":"/home/usuario/ull-esit-inf-dsi-21-22-prct06-generics-solid-Pablo400/code-pr06/src/Movies.ts","sources":["/home/usuario/ull-esit-inf-dsi-21-22-prct06-generics-solid-Pablo400/code-pr06/src/Movies.ts"],"names":[],"mappings":";;;AAAA,kCAAkC;AAClC,MAAa,KAAK;IAChB,YAAoB,IAAa,EAAU,KAAc,EAC/C,IAAa,EAAU,QAAiB,EACxC,MAAe;QAFL,SAAI,GAAJ,IAAI,CAAS;QAAU,UAAK,GAAL,KAAK,CAAS;QAC/C,SAAI,GAAJ,IAAI,CAAS;QAAU,aAAQ,GAAR,QAAQ,CAAS;QACxC,WAAM,GAAN,MAAM,CAAS;IAAG,CAAC;IAE7B,YAAY;QACV,OAAO,IAAI,CAAC,IAAI,CAAC;IACnB,CAAC;IAED,aAAa;QACX,OAAO,IAAI,CAAC,KAAK,CAAC;IACpB,CAAC;IAED,YAAY;QACV,OAAO,IAAI,CAAC,IAAI,CAAC;IACnB,CAAC;IAED,gBAAgB;QACd,OAAO,IAAI,CAAC,QAAQ,CAAC;IACvB,CAAC;IAED,cAAc;QACZ,OAAO,IAAI,CAAC,MAAM,CAAC;IACrB,CAAC;CACF;AAxBD,sBAwBC","sourcesContent":["/* eslint-disable require-jsdoc */\nexport class Movie {\n  constructor(private name : string, private genre : string,\n    private year : number, private duration : number,\n    private rating : string) {}\n\n  getMovieName() {\n    return this.name;\n  }\n\n  getMovieGenre() {\n    return this.genre;\n  }\n\n  getMovieYear() {\n    return this.year;\n  }\n\n  getMovieDuration() {\n    return this.duration;\n  }\n\n  getMovieRating() {\n    return this.rating;\n  }\n}\n"]},"_coverageSchema":"1a1c01bbd47fc00a2c39e90264f33305004495a9","hash":"d9319d4e15b57a131bb07614ad44ab77b7606842","contentHash":"ecb3068425bcf070c6063c29052c38e12981fa3b678b88dfc1e916e0b2e0eb19"},"/home/usuario/ull-esit-inf-dsi-21-22-prct06-generics-solid-Pablo400/code-pr06/src/Documentary.ts":{"path":"/home/usuario/ull-esit-inf-dsi-21-22-prct06-generics-solid-Pablo400/code-pr06/src/Documentary.ts","statementMap":{"0":{"start":{"line":2,"column":0},"end":{"line":2,"column":62}},"1":{"start":{"line":3,"column":0},"end":{"line":3,"column":29}},"2":{"start":{"line":8,"column":8},"end":{"line":8,"column":25}},"3":{"start":{"line":9,"column":8},"end":{"line":9,"column":25}},"4":{"start":{"line":10,"column":8},"end":{"line":10,"column":31}},"5":{"start":{"line":11,"column":8},"end":{"line":11,"column":33}},"6":{"start":{"line":12,"column":8},"end":{"line":12,"column":51}},"7":{"start":{"line":15,"column":8},"end":{"line":15,"column":25}},"8":{"start":{"line":18,"column":8},"end":{"line":18,"column":25}},"9":{"start":{"line":21,"column":8},"end":{"line":21,"column":28}},"10":{"start":{"line":24,"column":8},"end":{"line":24,"column":29}},"11":{"start":{"line":27,"column":8},"end":{"line":27,"column":38}},"12":{"start":{"line":30,"column":0},"end":{"line":30,"column":34}}},"fnMap":{"0":{"name":"(anonymous_0)","decl":{"start":{"line":7,"column":4},"end":{"line":7,"column":5}},"loc":{"start":{"line":7,"column":66},"end":{"line":13,"column":5}},"line":7},"1":{"name":"(anonymous_1)","decl":{"start":{"line":14,"column":4},"end":{"line":14,"column":5}},"loc":{"start":{"line":14,"column":25},"end":{"line":16,"column":5}},"line":14},"2":{"name":"(anonymous_2)","decl":{"start":{"line":17,"column":4},"end":{"line":17,"column":5}},"loc":{"start":{"line":17,"column":25},"end":{"line":19,"column":5}},"line":17},"3":{"name":"(anonymous_3)","decl":{"start":{"line":20,"column":4},"end":{"line":20,"column":5}},"loc":{"start":{"line":20,"column":28},"end":{"line":22,"column":5}},"line":20},"4":{"name":"(anonymous_4)","decl":{"start":{"line":23,"column":4},"end":{"line":23,"column":5}},"loc":{"start":{"line":23,"column":29},"end":{"line":25,"column":5}},"line":23},"5":{"name":"(anonymous_5)","decl":{"start":{"line":26,"column":4},"end":{"line":26,"column":5}},"loc":{"start":{"line":26,"column":27},"end":{"line":28,"column":5}},"line":26}},"branchMap":{},"s":{"0":1,"1":1,"2":4,"3":4,"4":4,"5":4,"6":4,"7":4,"8":6,"9":0,"10":0,"11":0,"12":1},"f":{"0":4,"1":4,"2":6,"3":0,"4":0,"5":0},"b":{},"inputSourceMap":{"version":3,"file":"/home/usuario/ull-esit-inf-dsi-21-22-prct06-generics-solid-Pablo400/code-pr06/src/Documentary.ts","sources":["/home/usuario/ull-esit-inf-dsi-21-22-prct06-generics-solid-Pablo400/code-pr06/src/Documentary.ts"],"names":[],"mappings":";;;AAAA,4BAA4B;AAC5B,kCAAkC;AAClC,MAAa,WAAW;IACtB,YAAoB,IAAa,EAAU,IAAa,EAC9C,OAAgB,EAAU,QAAiB,EAAU,iBAA0B;QADrE,SAAI,GAAJ,IAAI,CAAS;QAAU,SAAI,GAAJ,IAAI,CAAS;QAC9C,YAAO,GAAP,OAAO,CAAS;QAAU,aAAQ,GAAR,QAAQ,CAAS;QAAU,sBAAiB,GAAjB,iBAAiB,CAAS;IAAG,CAAC;IAE7F,kBAAkB;QAChB,OAAO,IAAI,CAAC,IAAI,CAAC;IACnB,CAAC;IAED,kBAAkB;QAChB,OAAO,IAAI,CAAC,IAAI,CAAC;IACnB,CAAC;IAED,qBAAqB;QACnB,OAAO,IAAI,CAAC,OAAO,CAAC;IACtB,CAAC;IAED,sBAAsB;QACpB,OAAO,IAAI,CAAC,QAAQ,CAAC;IACvB,CAAC;IAED,oBAAoB;QAClB,OAAO,IAAI,CAAC,iBAAiB,CAAC;IAChC,CAAC;CACF;AAvBD,kCAuBC","sourcesContent":["/* eslint-disable max-len */\n/* eslint-disable require-jsdoc */\nexport class Documentary {\n  constructor(private name : string, private year : number,\n    private seasons : number, private episodes : number, private broadcastingMedia : string) {}\n\n  getDocumentaryName() {\n    return this.name;\n  }\n\n  getDocumentaryYear() {\n    return this.year;\n  }\n\n  getDocumentarySeasons() {\n    return this.seasons;\n  }\n\n  getDocumentaryEpisodes() {\n    return this.episodes;\n  }\n\n  getBroadcastingMedia() {\n    return this.broadcastingMedia;\n  }\n}\n"]},"_coverageSchema":"1a1c01bbd47fc00a2c39e90264f33305004495a9","hash":"f87d958c135f616fd93e38a706f87ef6dbdd3048","contentHash":"772edc231c2bd42e69fbcb45227153deb60fbfb78d476053edf7e7f75ead0682"},"/home/usuario/ull-esit-inf-dsi-21-22-prct06-generics-solid-Pablo400/code-pr06/src/ejercicio-2.ts":{"path":"/home/usuario/ull-esit-inf-dsi-21-22-prct06-generics-solid-Pablo400/code-pr06/src/ejercicio-2.ts","statementMap":{"0":{"start":{"line":2,"column":0},"end":{"line":2,"column":62}},"1":{"start":{"line":3,"column":0},"end":{"line":3,"column":92}},"2":{"start":{"line":6,"column":17},"end":{"line":6,"column":36}},"3":{"start":{"line":7,"column":17},"end":{"line":7,"column":36}},"4":{"start":{"line":8,"column":22},"end":{"line":8,"column":46}},"5":{"start":{"line":9,"column":37},"end":{"line":9,"column":76}},"6":{"start":{"line":12,"column":8},"end":{"line":12,"column":35}},"7":{"start":{"line":16,"column":8},"end":{"line":16,"column":103}},"8":{"start":{"line":16,"column":64},"end":{"line":16,"column":101}},"9":{"start":{"line":19,"column":8},"end":{"line":19,"column":103}},"10":{"start":{"line":19,"column":64},"end":{"line":19,"column":101}},"11":{"start":{"line":22,"column":8},"end":{"line":22,"column":107}},"12":{"start":{"line":22,"column":64},"end":{"line":22,"column":105}},"13":{"start":{"line":25,"column":0},"end":{"line":25,"column":44}},"14":{"start":{"line":28,"column":8},"end":{"line":28,"column":35}},"15":{"start":{"line":32,"column":8},"end":{"line":32,"column":102}},"16":{"start":{"line":32,"column":64},"end":{"line":32,"column":100}},"17":{"start":{"line":35,"column":8},"end":{"line":35,"column":102}},"18":{"start":{"line":35,"column":64},"end":{"line":35,"column":100}},"19":{"start":{"line":38,"column":8},"end":{"line":38,"column":105}},"20":{"start":{"line":38,"column":64},"end":{"line":38,"column":103}},"21":{"start":{"line":41,"column":0},"end":{"line":41,"column":42}},"22":{"start":{"line":44,"column":8},"end":{"line":44,"column":35}},"23":{"start":{"line":48,"column":8},"end":{"line":48,"column":123}},"24":{"start":{"line":48,"column":69},"end":{"line":48,"column":121}},"25":{"start":{"line":51,"column":8},"end":{"line":51,"column":123}},"26":{"start":{"line":51,"column":69},"end":{"line":51,"column":121}},"27":{"start":{"line":54,"column":0},"end":{"line":54,"column":54}},"28":{"start":{"line":55,"column":27},"end":{"line":58,"column":2}},"29":{"start":{"line":59,"column":27},"end":{"line":62,"column":2}},"30":{"start":{"line":63,"column":32},"end":{"line":66,"column":2}},"31":{"start":{"line":67,"column":0},"end":{"line":67,"column":69}},"32":{"start":{"line":68,"column":0},"end":{"line":68,"column":69}},"33":{"start":{"line":69,"column":0},"end":{"line":69,"column":74}}},"fnMap":{"0":{"name":"(anonymous_0)","decl":{"start":{"line":11,"column":4},"end":{"line":11,"column":5}},"loc":{"start":{"line":11,"column":37},"end":{"line":13,"column":5}},"line":11},"1":{"name":"(anonymous_1)","decl":{"start":{"line":15,"column":4},"end":{"line":15,"column":5}},"loc":{"start":{"line":15,"column":47},"end":{"line":17,"column":5}},"line":15},"2":{"name":"(anonymous_2)","decl":{"start":{"line":16,"column":52},"end":{"line":16,"column":53}},"loc":{"start":{"line":16,"column":64},"end":{"line":16,"column":101}},"line":16},"3":{"name":"(anonymous_3)","decl":{"start":{"line":18,"column":4},"end":{"line":18,"column":5}},"loc":{"start":{"line":18,"column":47},"end":{"line":20,"column":5}},"line":18},"4":{"name":"(anonymous_4)","decl":{"start":{"line":19,"column":52},"end":{"line":19,"column":53}},"loc":{"start":{"line":19,"column":64},"end":{"line":19,"column":101}},"line":19},"5":{"name":"(anonymous_5)","decl":{"start":{"line":21,"column":4},"end":{"line":21,"column":5}},"loc":{"start":{"line":21,"column":51},"end":{"line":23,"column":5}},"line":21},"6":{"name":"(anonymous_6)","decl":{"start":{"line":22,"column":52},"end":{"line":22,"column":53}},"loc":{"start":{"line":22,"column":64},"end":{"line":22,"column":105}},"line":22},"7":{"name":"(anonymous_7)","decl":{"start":{"line":27,"column":4},"end":{"line":27,"column":5}},"loc":{"start":{"line":27,"column":37},"end":{"line":29,"column":5}},"line":27},"8":{"name":"(anonymous_8)","decl":{"start":{"line":31,"column":4},"end":{"line":31,"column":5}},"loc":{"start":{"line":31,"column":47},"end":{"line":33,"column":5}},"line":31},"9":{"name":"(anonymous_9)","decl":{"start":{"line":32,"column":52},"end":{"line":32,"column":53}},"loc":{"start":{"line":32,"column":64},"end":{"line":32,"column":100}},"line":32},"10":{"name":"(anonymous_10)","decl":{"start":{"line":34,"column":4},"end":{"line":34,"column":5}},"loc":{"start":{"line":34,"column":47},"end":{"line":36,"column":5}},"line":34},"11":{"name":"(anonymous_11)","decl":{"start":{"line":35,"column":52},"end":{"line":35,"column":53}},"loc":{"start":{"line":35,"column":64},"end":{"line":35,"column":100}},"line":35},"12":{"name":"(anonymous_12)","decl":{"start":{"line":37,"column":4},"end":{"line":37,"column":5}},"loc":{"start":{"line":37,"column":50},"end":{"line":39,"column":5}},"line":37},"13":{"name":"(anonymous_13)","decl":{"start":{"line":38,"column":52},"end":{"line":38,"column":53}},"loc":{"start":{"line":38,"column":64},"end":{"line":38,"column":103}},"line":38},"14":{"name":"(anonymous_14)","decl":{"start":{"line":43,"column":4},"end":{"line":43,"column":5}},"loc":{"start":{"line":43,"column":37},"end":{"line":45,"column":5}},"line":43},"15":{"name":"(anonymous_15)","decl":{"start":{"line":47,"column":4},"end":{"line":47,"column":5}},"loc":{"start":{"line":47,"column":52},"end":{"line":49,"column":5}},"line":47},"16":{"name":"(anonymous_16)","decl":{"start":{"line":48,"column":52},"end":{"line":48,"column":53}},"loc":{"start":{"line":48,"column":69},"end":{"line":48,"column":121}},"line":48},"17":{"name":"(anonymous_17)","decl":{"start":{"line":50,"column":4},"end":{"line":50,"column":5}},"loc":{"start":{"line":50,"column":52},"end":{"line":52,"column":5}},"line":50},"18":{"name":"(anonymous_18)","decl":{"start":{"line":51,"column":52},"end":{"line":51,"column":53}},"loc":{"start":{"line":51,"column":69},"end":{"line":51,"column":121}},"line":51}},"branchMap":{},"s":{"0":1,"1":1,"2":1,"3":1,"4":1,"5":1,"6":2,"7":3,"8":6,"9":2,"10":4,"11":3,"12":6,"13":1,"14":2,"15":3,"16":6,"17":2,"18":4,"19":1,"20":2,"21":1,"22":2,"23":3,"24":6,"25":2,"26":4,"27":1,"28":1,"29":1,"30":1,"31":1,"32":1,"33":1},"f":{"0":2,"1":3,"2":6,"3":2,"4":4,"5":3,"6":6,"7":2,"8":3,"9":6,"10":2,"11":4,"12":1,"13":2,"14":2,"15":3,"16":6,"17":2,"18":4},"b":{},"inputSourceMap":{"version":3,"file":"/home/usuario/ull-esit-inf-dsi-21-22-prct06-generics-solid-Pablo400/code-pr06/src/ejercicio-2.ts","sources":["/home/usuario/ull-esit-inf-dsi-21-22-prct06-generics-solid-Pablo400/code-pr06/src/ejercicio-2.ts"],"names":[],"mappings":";;;AAAA,4BAA4B;AAC5B,kCAAkC;AAClC,qCAAgC;AAChC,qCAA+B;
[...]
AK,UAAU,CAAC,CAAC;IAChG,CAAC;IAED,gCAAgC,CAAC,WAAoB;QACnD,OAAO,IAAI,CAAC,sBAAsB,EAAE,CAAC,MAAM,CAAC,CAAC,MAAM,EAAE,EAAE,CAAC,MAAM,CAAC,cAAc,EAAE,KAAK,WAAW,CAAC,CAAC;IACnG,CAAC;CACF;AAhBD,0CAgBC;AAED,MAAa,qBAAsB,SAAQ,sDAAsC;IAC/E,YAAY,mBAAmC;QAC7C,KAAK,CAAC,mBAAmB,CAAC,CAAC;IAC7B,CAAC;IAAA,CAAC;IAEF,8BAA8B,CAAC,eAAuB;QACpD,OAAO,IAAI,CAAC,sBAAsB,EAAE,CAAC,MAAM,CAAC,CAAC,WAAW,EAAE,EAAE,CAAC,WAAW,CAAC,kBAAkB,EAAE,KAAK,eAAe,CAAC,CAAC;IACrH,CAAC;IAED,8BAA8B,CAAC,eAAuB;QACpD,OAAO,IAAI,CAAC,sBAAsB,EAAE,CAAC,MAAM,CAAC,CAAC,WAAW,EAAE,EAAE,CAAC,WAAW,CAAC,kBAAkB,EAAE,KAAK,eAAe,CAAC,CAAC;IACrH,CAAC;CACF;AAZD,sDAYC;AAED,MAAM,kBAAkB,GAAG,IAAI,gBAAgB,CAAC;IAC9C,IAAI,eAAM,CAAC,sBAAsB,EAAE,OAAO,EAAE,IAAI,EAAE,CAAC,EAAE,EAAE,EAAE,OAAO,CAAC;IACjE,IAAI,eAAM,CAAC,iBAAiB,EAAE,UAAU,EAAE,IAAI,EAAE,CAAC,EAAE,EAAE,EAAE,OAAO,CAAC;CAChE,CAAC,CAAC;AAEH,MAAM,kBAAkB,GAAG,IAAI,eAAe,CAAC;IAC7C,IAAI,cAAK,CAAC,YAAY,EAAE,UAAU,EAAE,IAAI,EAAE,GAAG,EAAE,OAAO,CAAC;IACvD,IAAI,cAAK,CAAC,cAAc,EAAE,QAAQ,EAAE,IAAI,EAAE,GAAG,EAAE,OAAO,CAAC;CACxD,CAAC,CAAC;AAEH,MAAM,uBAAuB,GAAG,IAAI,qBAAqB,CAAC;IACxD,IAAI,yBAAW,CAAC,uBAAuB,EAAE,IAAI,EAAE,CAAC,EAAE,GAAG,EAAE,MAAM,CAAC;IAC9D,IAAI,yBAAW,CAAC,gBAAgB,EAAE,IAAI,EAAE,CAAC,EAAE,EAAE,EAAE,KAAK,CAAC;CACtD,CAAC,CAAC;AAEH,OAAO,CAAC,GAAG,CAAC,kBAAkB,CAAC,8BAA8B,CAAC,IAAI,CAAC,CAAC,CAAC;AACrE,OAAO,CAAC,GAAG,CAAC,kBAAkB,CAAC,8BAA8B,CAAC,IAAI,CAAC,CAAC,CAAC;AACrE,OAAO,CAAC,GAAG,CAAC,uBAAuB,CAAC,8BAA8B,CAAC,IAAI,CAAC,CAAC,CAAC","sourcesContent":["/* eslint-disable max-len */\n/* eslint-disable require-jsdoc */\nimport {Series} from './Series';\nimport {Movie} from './Movies';\nimport {Documentary} from './Documentary';\nimport {BasicStreamableCollection} from './BasicStreameableCollection';\n\nexport class SeriesCollection extends BasicStreamableCollection<Series> {\n  constructor(audiovisualProducts : Series[]) {\n    super(audiovisualProducts);\n  };\n\n  searchAudiovisualProductByYear(seriesYear: number): Series[] | undefined {\n    return this.getAudiovisualProducts().filter((series) => series.getSeriesYear() === seriesYear);\n  }\n\n  searchAudiovisualProductByName(seriesName: string): Series[] | undefined {\n    return this.getAudiovisualProducts().filter((series) => series.getSeriesName() === seriesName);\n  }\n\n  searchAudiovisualProductByRating(seriesRating : string) : Series[] | undefined {\n    return this.getAudiovisualProducts().filter((series) => series.getSeriesRating() === seriesRating);\n  }\n}\n\nexport class FilmsCollection extends BasicStreamableCollection<Movie> {\n  constructor(audiovisualProducts : Movie[]) {\n    super(audiovisualProducts);\n  };\n\n  searchAudiovisualProductByYear(moviesYear: number): Movie[] | undefined {\n    return this.getAudiovisualProducts().filter((movies) => movies.getMovieYear() === moviesYear);\n  }\n\n  searchAudiovisualProductByName(moviesName: string): Movie[] | undefined {\n    return this.getAudiovisualProducts().filter((movies) => movies.getMovieName() === moviesName);\n  }\n\n  searchAudiovisualProductByRating(movieRating : string) : Movie[] | undefined {\n    return this.getAudiovisualProducts().filter((movies) => movies.getMovieRating() === movieRating);\n  }\n}\n\nexport class DocumentaryCollection extends BasicStreamableCollection<Documentary> {\n  constructor(audiovisualProducts : Documentary[]) {\n    super(audiovisualProducts);\n  };\n\n  searchAudiovisualProductByYear(documentaryYear: number): Documentary[] | undefined {\n    return this.getAudiovisualProducts().filter((documentary) => documentary.getDocumentaryYear() === documentaryYear);\n  }\n\n  searchAudiovisualProductByName(documentaryName: string): Documentary[] | undefined {\n    return this.getAudiovisualProducts().filter((documentary) => documentary.getDocumentaryName() === documentaryName);\n  }\n}\n\nconst mySeriesCollection = new SeriesCollection([\n  new Series('The Umbrella Academy', 'Drama', 2019, 2, 20, 'TV-16'),\n  new Series('Stranger Things', 'Misterio', 2016, 4, 34, 'TV-14'),\n]);\n\nconst myMoviesCollection = new FilmsCollection([\n  new Movie('The Batman', 'Suspense', 2022, 176, 'PG-13'),\n  new Movie('The Avengers', 'Acción', 2012, 143, 'PG-13'),\n]);\n\nconst myDocumentaryCollection = new DocumentaryCollection([\n  new Documentary('El Hombre y la Tierra', 1974, 3, 124, 'RTVE'),\n  new Documentary('Planeta Tierra', 2006, 1, 11, 'BBC'),\n]);\n\nconsole.log(mySeriesCollection.searchAudiovisualProductByYear(2019));\nconsole.log(myMoviesCollection.searchAudiovisualProductByYear(2022));\nconsole.log(myDocumentaryCollection.searchAudiovisualProductByYear(2006));\n\n"]},"_coverageSchema":"1a1c01bbd47fc00a2c39e90264f33305004495a9","hash":"7400663640799f1ae75c41e19e1dc52acdc0d198","contentHash":"0e7d99dd0b771951b09f604511c34cdd72f7983a66ae79086c5be16b62294d23"},"/home/usuario/ull-esit-inf-dsi-21-22-prct06-generics-solid-Pablo400/code-pr06/src/BasicStreameableCollection.ts":{"path":"/home/usuario/ull-esit-inf-dsi-21-22-prct06-generics-solid-Pablo400/code-pr06/src/BasicStreameableCollection.ts","statementMap":{"0":{"start":{"line":2,"column":0},"end":{"line":2,"column":62}},"1":{"start":{"line":3,"column":0},"end":{"line":3,"column":43}},"2":{"start":{"line":6,"column":8},"end":{"line":6,"column":55}},"3":{"start":{"line":9,"column":8},"end":{"line":9,"column":47}},"4":{"start":{"line":12,"column":8},"end":{"line":12,"column":58}},"5":{"start":{"line":13,"column":8},"end":{"line":13,"column":40}},"6":{"start":{"line":16,"column":8},"end":{"line":16,"column":40}},"7":{"start":{"line":19,"column":8},"end":{"line":24,"column":9}},"8":{"start":{"line":20,"column":12},"end":{"line":20,"column":54}},"9":{"start":{"line":23,"column":12},"end":{"line":23,"column":29}},"10":{"start":{"line":25,"column":8},"end":{"line":25,"column":40}},"11":{"start":{"line":28,"column":0},"end":{"line":28,"column":62}}},"fnMap":{"0":{"name":"(anonymous_0)","decl":{"start":{"line":5,"column":4},"end":{"line":5,"column":5}},"loc":{"start":{"line":5,"column":37},"end":{"line":7,"column":5}},"line":5},"1":{"name":"(anonymous_1)","decl":{"start":{"line":8,"column":4},"end":{"line":8,"column":5}},"loc":{"start":{"line":8,"column":37},"end":{"line":10,"column":5}},"line":8},"2":{"name":"(anonymous_2)","decl":{"start":{"line":11,"column":4},"end":{"line":11,"column":5}},"loc":{"start":{"line":11,"column":46},"end":{"line":14,"column":5}},"line":11},"3":{"name":"(anonymous_3)","decl":{"start":{"line":15,"column":4},"end":{"line":15,"column":5}},"loc":{"start":{"line":15,"column":29},"end":{"line":17,"column":5}},"line":15},"4":{"name":"(anonymous_4)","decl":{"start":{"line":18,"column":4},"end":{"line":18,"column":5}},"loc":{"start":{"line":18,"column":36},"end":{"line":26,"column":5}},"line":18}},"branchMap":{"0":{"loc":{"start":{"line":19,"column":8},"end":{"line":24,"column":9}},"type":"if","locations":[{"start":{"line":19,"column":8},"end":{"line":24,"column":9}},{"start":{"line":19,"column":8},"end":{"line":24,"column":9}}],"line":19}},"s":{"0":1,"1":1,"2":6,"3":0,"4":0,"5":0,"6":19,"7":0,"8":0,"9":0,"10":0,"11":1},"f":{"0":6,"1":0,"2":0,"3":19,"4":0},"b":{"0":[0,0]},"inputSourceMap":{"version":3,"file":"/home/usuario/ull-esit-inf-dsi-21-22-prct06-generics-solid-Pablo400/code-pr06/src/BasicStreameableCollection.ts","sources":["/home/usuario/ull-esit-inf-dsi-21-22-prct06-generics-solid-Pablo400/code-pr06/src/BasicStreameableCollection.ts"],"names":[],"mappings":";;;AAcA,MAAsB,yBAAyB;IAC7C,YAAoB,mBAAyB;QAAzB,wBAAmB,GAAnB,mBAAmB,CAAM;IAAI,CAAC;IAElD,8BAA8B;QAC5B,OAAO,IAAI,CAAC,mBAAmB,CAAC,MAAM,CAAC;IACzC,CAAC;IAED,qBAAqB,CAAC,kBAAsB;QAC1C,IAAI,CAAC,mBAAmB,CAAC,IAAI,CAAC,kBAAkB,CAAC,CAAC;QAClD,OAAO,IAAI,CAAC,mBAAmB,CAAC;IAClC,CAAC;IAED,sBAAsB;QACpB,OAAO,IAAI,CAAC,mBAAmB,CAAC;IAClC,CAAC;IAED,wBAAwB,CAAC,KAAc;QACrC,IAAI,KAAK,GAAG,IAAI,CAAC,8BAA8B,EAAE,EAAE;YACjD,IAAI,CAAC,mBAAmB,CAAC,MAAM,CAAC,KAAK,EAAE,CAAC,CAAC,CAAC;SAC3C;aAAM;YACL,OAAO,SAAS,CAAC;SAClB;QACD,OAAO,IAAI,CAAC,mBAAmB,CAAC;IAClC,CAAC;CAIF;AA3BD,8DA2BC","sourcesContent":["/* eslint-disable max-len */\n/* eslint-disable require-jsdoc */\ninterface Streameable<T> {\n  addAudiovisualProduct(audiovisualProduct : T) : void;\n  getAudiovisualProducts() : T[];\n  removeAudiovisualProduct(index : number) : T[] | undefined;\n  getNumberOfAudiovisualProducts() : number;\n}\n\ninterface StreameableSearch<T> {\n  searchAudiovisualProductByYear(searchTerm : number) : T[] | undefined;\n  searchAudiovisualProductByName(searchTerm : string) : T[] | undefined;\n}\n\nexport abstract class BasicStreamableCollection<T> implements Streameable<T>, StreameableSearch<T> {\n  constructor(private audiovisualProducts : T[]) { }\n\n  getNumberOfAudiovisualProducts() {\n    return this.audiovisualProducts.length;\n  }\n\n  addAudiovisualProduct(audiovisualProduct : T) {\n    this.audiovisualProducts.push(audiovisualProduct);\n    return this.audiovisualProducts;\n  }\n\n  getAudiovisualProducts() {\n    return this.audiovisualProducts;\n  }\n\n  removeAudiovisualProduct(index : number) {\n    if (index < this.getNumberOfAudiovisualProducts()) {\n      this.audiovisualProducts.splice(index, 1);\n    } else {\n      return undefined;\n    }\n    return this.audiovisualProducts;\n  }\n\n  abstract searchAudiovisualProductByYear(searchTerm: number): T[] | undefined;\n  abstract searchAudiovisualProductByName(searchTerm: string): T[] | undefined;\n}\n"]},"_coverageSchema":"1a1c01bbd47fc00a2c39e90264f33305004495a9","hash":"e1d90387386b67a9459f120e0b7e8715d9e8db5b","contentHash":"3f8bcb639744c9710186e677c058766064d37910a062cd6ae1bacbb7a8d7ae04"},"/home/usuario/ull-esit-inf-dsi-21-22-prct06-generics-solid-Pablo400/code-pr06/src/ejercicio-PE101.ts":{"path":"/home/usuario/ull-esit-inf-dsi-21-22-prct06-generics-solid-Pablo400/code-pr06/src/ejercicio-PE101.ts","statementMap":{"0":{"start":{"line":5,"column":0},"end":{"line":5,"column":62}},"1":{"start":{"line":6,"column":0},"end":{"line":6,"column":115}},"2":{"start":{"line":13,"column":8},"end":{"line":13,"column":27}},"3":{"start":{"line":21,"column":8},"end":{"line":21,"column":30}},"4":{"start":{"line":22,"column":8},"end":{"line":22,"column":26}},"5":{"start":{"line":30,"column":8},"end":{"line":30,"column":33}},"6":{"start":{"line":38,"column":8},"end":{"line":38,"column":32}},"7":{"start":{"line":39,"column":8},"end":{"line":39,"column":26}},"8":{"start":{"line":46,"column":8},"end":{"line":46,"column":33}},"9":{"start":{"line":49,"column":0},"end":{"line":49,"column":52}},"10":{"start":{"line":56,"column":8},"end":{"line":56,"column":21}},"11":{"start":{"line":64,"column":23},"end":{"line":64,"column":25}},"12":{"start":{"line":65,"column":8},"end":{"line":69,"column":9}},"13":{"start":{"line":65,"column":21},"end":{"line":65,"column":22}},"14":{"start":{"line":66,"column":12},"end":{"line":68,"column":13}},"15":{"start":{"line":67,"column":16},"end":{"line":67,"column":40}},"16":{"start":{"line":70,"column":8},"end":{"line":70,"column":22}},"17":{"start":{"line":73,"column":0},"end":{"line":73,"column":68}},"18":{"start":{"line":76,"column":8},"end":{"line":76,"column":21}},"19":{"start":{"line":84,"column":23},"end":{"line":84,"column":25}},"20":{"start":{"line":85,"column":8},"end":{"line":89,"column":9}},"21":{"start":{"line":85,"column":21},"end":{"line":85,"column":22}},"22":{"start":{"line":86,"column":12},"end":{"line":88,"column":13}},"23":{"start":{"line":87,"column":16},"end":{"line":87,"column":40}},"24":{"start":{"line":90,"column":8},"end":{"line":90,"column":22}},"25":{"start":{"line":93,"column":0},"end":{"line":93,"column":66}},"26":{"start":{"line":94,"column":26},"end":{"line":94,"column":75}},"27":{"start":{"line":95,"column":25},"end":{"line":95,"column":83}},"28":{"start":{"line":100,"column":0},"end":{"line":100,"column":45}},"29":{"start":{"line":101,"column":0},"end":{"line":101,"column":41}},"30":{"start":{"line":102,"column":0},"end":{"line":102,"column":44}}},"fnMap":{"0":{"name":"(anonymous_0)","decl":{"start":{"line":12,"column":4},"end":{"line":12,"column":5}},"loc":{"start":{"line":12,"column":23},"end":{"line":14,"column":5}},"line":12},"1":{"name":"(anonymous_1)","decl":{"start":{"line":20,"column":4},"end":{"line":20,"column":5}},"loc":{"start":{"line":20,"column":18},"end":{"line":23,"column":5}},"line":20},"2":{"name":"(anonymous_2)","decl":{"start":{"line":29,"column":4},"end":{"line":29,"column":5}},"loc":{"start":{"line":29,"column":19},"end":{"line":31,"column":5}},"line":29},"3":{"name":"(anonymous_3)","decl":{"start":{"line":37,"column":4},"end":{"line":37,"column":5}},"loc":{"start":{"line":37,"column":22},"end":{"line":40,"column":5}},"line":37},"4":{"name":"(anonymous_4)","decl":{"start":{"line":45,"column":4},"end":{"line":45,"column":5}},"loc":{"start":{"line":45,"column":23},"end":{"line":47,"column":5}},"line":45},"5":{"name":"(anonymous_5)","decl":{"start":{"line":55,"column":4},"end":{"line":55,"column":5}},"loc":{"start":{"line":55,"column":23},"end":{"line":57,"column":5}},"line":55},"6":{"name":"(anonymous_6)","decl":{"start":{"line":63,"column":4},"end":{"line":63,"column":5}},"loc":{"start":{"line":63,"column":23},"end":{"line":71,"column":5}},"line":63},"7":{"name":"(anonymous_7)","decl":{"start":{"line":75,"column":4},"end":{"line":75,"column":5}},"loc":{"start":{"line":75,"column":23},"end":{"line":77,"column":5}},"line":75},"8":{"name":"(anonymous_8)","decl":{"start":{"line":83,"column":4},"end":{"line":83,"column":5}},"loc":{"start":{"line":83,"column":23},"end":{"line":91,"column":5}},"line":83}},"branchMap":{"0":{"loc":{"start":{"line":66,"column":12},"end":{"line":68,"column":13}},"type":"if","locations":[{"start":{"line":66,"column":12},"end":{"line":68,"column":13}},{"start":{"line":66,"column":12},"end":{"line":68,"column":13}}],"line":66},"1":{"loc":{"start":{"line":86,"column":12},"end":{"line":88,"column":13}},"type":"if","locations":[{"start":{"line":86,"column":12},"end":{"line":88,"column":13}},{"start":{"line":86,"column":12},"end":{"line":88,"column":13}}],"line":86}},"s":{"0":1,"1":1,"2":4,"3":2,"4":2,"5":17,"6":2,"7":2,"8":19,"9":1,"10":2,"11":2,"12":2,"13":2,"14":9,"15":3,"16":2,"17":1,"18":2,"19":2,"20":2,"21":2,"22":6,"23":4,"24":2,"25":1,"26":1,"27":1,"28":1,"29":1,"30":1},"f":{"0":4,"1":2,"2":17,"3":2,"4":19,"5":2,"6":2,"7":2,"8":2},"b":{"0":[3,6],"1":[4,2]},"inputSourceMap":{"version":3,"file":"/home/usuario/ull-esit-inf-dsi-21-22-prct06-generics-solid-Pablo400/code-pr06/src/ejercicio-PE101.ts","sources":["/home/usuario/ull-esit-inf-dsi-21-22-prct06-generics-solid-Pablo400/code-pr06/src/ejercicio-PE101.ts"],"names":[],"mappings":";AAAA,gCAAgC;AAChC,kCAAkC;AAClC,4BAA4B;;;AAa5B,MAAsB,oBAAoB;IACxC;;;OAGG;IACH,YAAoB,KAAW;QAAX,UAAK,GAAL,KAAK,CAAM;IAAI,CAAC;IAEpC;;;;OAIG;IACH,OAAO,CAAC,IAAO;QACb,IAAI,CAAC,KAAK,CAAC,IAAI,CAAC,IAAI,CAAC,CAAC;QACtB,OAAO,IAAI,CAAC,KAAK,CAAC;IACpB,CAAC;IAED;;;;OAIG;IACH,OAAO,CAAC,KAAc;QACpB,OAAO,IAAI,CAAC,KAAK,CAAC,KAAK,CAAC,CAAC;IAC3B,CAAC;IAED;;;;OAIG;IACH,UAAU,CAAC,KAAc;QACvB,IAAI,CAAC,KAAK,CAAC,MAAM,CAAC,CAAC,EAAE,CAAC,CAAC,CAAC;QACxB,OAAO,IAAI,CAAC,KAAK,CAAC;IACpB,CAAC;IAED;;;OAGG;IACH,gBAAgB;QACd,OAAO,IAAI,CAAC,KAAK,CAAC,MAAM,CAAC;IAC3B,CAAC;CAGF;AA7CD,oDA6CC;AAED,MAAa,4BAA6B,SAAQ,oBAA4B;IAC5E;;;OAGG;IACH,YAAY,KAAgB;QAC1B,KAAK,CAAC,KAAK,CAAC,CAAC;IACf,CAAC;IAED;;;;OAIG;IACH,MAAM,CAAC,UAAkB;QACvB,MAAM,MAAM,GAAc,EAAE,CAAC;QAC7B,KAAK,IAAI,CAAC,GAAG,CAAC,EAAE,CAAC,GAAG,IAAI,CAAC,gBAAgB,EAAE,EAAE,CAAC,EAAE,EAAE;YAChD,IAAI,IAAI,CAAC,OAAO,CAAC,CAAC,CAAC,KAAK,UAAU,EAAE;gBAClC,MAAM,CAAC,IAAI,CAAC,UAAU,CAAC,CAAC;aACzB;SACF;QACD,OAAO,MAAM,CAAC;IAChB,CAAC;CACF;AAvBD,oEAuBC;AAED,MAAa,2BAA4B,SAAQ,oBAA4B;IAC3E,YAAY,KAAgB;QAC1B,KAAK,CAAC,KAAK,CAAC,CAAC;IACf,CAAC;IAED;;;;OAIG;IACH,MAAM,CAAC,UAAkB;QACvB,MAAM,MAAM,GAAc,EAAE,CAAC;QAC7B,KAAK,IAAI,CAAC,GAAG,CAAC,EAAE,CAAC,GAAG,IAAI,CAAC,gBAAgB,EAAE,EAAE,CAAC,EAAE,EAAE;YAChD,IAAI,IAAI,CAAC,OAAO,CAAC,CAAC,CAAC,CAAC,QAAQ,CAAC,UAAU,CAAC,KAAK,IAAI,EAAE;gBACjD,MAAM,CAAC,IAAI,CAAC,UAAU,CAAC,CAAC;aACzB;SACF;QACD,OAAO,MAAM,CAAC;IAChB,CAAC;CACF;AAnBD,kEAmBC;AAED,MAAM,iBAAiB,GAAG,IAAI,4BAA4B,CAAC,CAAC,CAAC,EAAE,CAAC,EAAE,CAAC,EAAE,CAAC,EAAE,CAAC,CAAC,CAAC,CAAC;AAC5E,MAAM,gBAAgB,GAAG,IAAI,2BAA2B,CAAC,CAAC,MAAM,EAAE,MAAM,EAAE,OAAO,CAAC,CAAC,CAAC;AAEpF,6CAA6C;AAC7C,6CAA6C;AAE7C,iDAAiD;AACjD,4CAA4C;AAC5C,OAAO,CAAC,GAAG,CAAC,iBAAiB,CAAC,UAAU,CAAC,CAAC,CAAC,CAAC,CAAC;AAE7C,OAAO,CAAC,GAAG,CAAC,iBAAiB,CAAC,MAAM,CAAC,CAAC,CAAC,CAAC,CAAC;AACzC,OAAO,CAAC,GAAG,CAAC,gBAAgB,CAAC,MAAM,CAAC,KAAK,CAAC,CAAC,CAAC","sourcesContent":["/* eslint-disable valid-jsdoc */\n/* eslint-disable require-jsdoc */\n/* eslint-disable max-len */\n\ninterface Collectable<T> {\n  addItem(item : T) : void;\n  getItem(item : number) : T;\n  removeItem(index : number) : T[];\n  getNumberOfItems() : number;\n}\n\ninterface Searchable<T> {\n  search(searchTerm : T) : T[] | undefined;\n}\n\nexport abstract class SearchableCollection<T> implements Collectable<T>, Searchable<T> {\n  /**\n   * Constructor of Searchable Collection\n   * @param items Array of items\n   */\n  constructor(private items : T[]) { }\n\n  /**\n   * Method that adds an item on the array\n   * @param item An item of the items array\n   * @return The array with the added item\n   */\n  addItem(item: T) {\n    this.items.push(item);\n    return this.items;\n  }\n\n  /**\n   * Gets an item of the array with an specified index\n   * @param index Index of the Item I want to get\n   * @return The value of a specified index\n   */\n  getItem(index : number) {\n    return this.items[index];\n  }\n\n  /**\n   * Removes an item of the array with an specified index\n   * @param index Index of the item to be deleted\n   * @return The array with the removed item\n   */\n  removeItem(index : number): T[] {\n    this.items.splice(0, 1);\n    return this.items;\n  }\n\n  /**\n   * Gets the number of items on the array\n   * @return The lenght of the items array\n   */\n  getNumberOfItems() {\n    return this.items.length;\n  }\n\n  abstract search(searchTerm: T): T[] | undefined;\n}\n\nexport class NumericSearcheableCollection extends SearchableCollection<number> {\n  /**\n   * Constructor of NumericSearcheableCollection\n   * @param items A number Array of items\n   */\n  constructor(items : number[]) {\n    super(items);\n  }\n\n  /**\n   * This method searchs a number of coincidence with the search Term specified\n   * @param searchTerm A number to search on the array\n   * @return The array with the numbers found\n   */\n  search(searchTerm: number): number[] | undefined {\n    const result : number[] = [];\n    for (let i = 0; i < this.getNumberOfItems(); i++) {\n      if (this.getItem(i) === searchTerm) {\n        result.push(searchTerm);\n      }\n    }\n    return result;\n  }\n}\n\nexport class StringSearcheableCollection extends SearchableCollection<string> {\n  constructor(items : string[]) {\n    super(items);\n  }\n\n  /**\n   * This method searchs a number of coincidence with the search Term specified\n   * @param searchTerm A string or substring to search on the array\n   * @return The array with the string or substring found\n   */\n  search(searchTerm: string): string[] | undefined {\n    const result : string[] = [];\n    for (let i = 0; i < this.getNumberOfItems(); i++) {\n      if (this.getItem(i).includes(searchTerm) === true) {\n        result.push(searchTerm);\n      }\n    }\n    return result;\n  }\n}\n\nconst numericCollection = new NumericSearcheableCollection([1, 2, 1, 3, 4]);\nconst stringCollection = new StringSearcheableCollection(['hola', 'hola', 'adios']);\n\n// console.log(numericCollection.addItem(1));\n// console.log(numericCollection.getItem(1));\n\n// console.log(stringCollection.addItem('hola'));\n// console.log(stringCollection.getItem(2));\nconsole.log(numericCollection.removeItem(0));\n\nconsole.log(numericCollection.search(1));\nconsole.log(stringCollection.search('ola'));\n\n"]},"_coverageSchema":"1a1c01bbd47fc00a2c39e90264f33305004495a9","hash":"d42ebef9bc414c57a37ff1284bb8dd345e7a584d","contentHash":"dcc2f7a6c412c93bc9b138ae136d255eac8cb6b567988bba2d0cf3591c3e1a9d"}}