TN:
SF:src/BasicStreameableCollection.ts
FN:27,(anonymous_0)
FN:33,(anonymous_1)
FN:42,(anonymous_2)
FN:51,(anonymous_3)
FN:60,(anonymous_4)
FNF:5
FNH:5
FNDA:3,(anonymous_0)
FNDA:3,(anonymous_1)
FNDA:1,(anonymous_2)
FNDA:20,(anonymous_3)
FNDA:2,(anonymous_4)
DA:26,1
DA:27,3
DA:34,3
DA:43,1
DA:44,1
DA:52,20
DA:61,2
DA:62,1
DA:64,1
DA:66,1
LF:10
LH:10
BRDA:61,0,0,1
BRDA:61,0,1,1
BRF:2
BRH:2
end_of_record
TN:
SF:src/Documentary.ts
FN:17,(anonymous_0)
FN:20,(anonymous_1)
FN:24,(anonymous_2)
FN:28,(anonymous_3)
FN:32,(anonymous_4)
FN:36,(anonymous_5)
FNF:6
FNH:4
FNDA:2,(anonymous_0)
FNDA:4,(anonymous_1)
FNDA:4,(anonymous_2)
FNDA:0,(anonymous_3)
FNDA:0,(anonymous_4)
FNDA:4,(anonymous_5)
DA:8,1
DA:17,2
DA:18,2
DA:21,4
DA:25,4
DA:29,0
DA:33,0
DA:37,4
LF:8
LH:6
BRF:0
BRH:0
end_of_record
TN:
SF:src/Fighter.ts
FN:20,(anonymous_0)
FN:25,(anonymous_1)
FN:29,(anonymous_2)
FN:33,(anonymous_3)
FN:37,(anonymous_4)
FN:41,(anonymous_5)
FN:45,(anonymous_6)
FN:49,(anonymous_7)
FN:53,(anonymous_8)
FN:57,(anonymous_9)
FNF:10
FNH:10
FNDA:4,(anonymous_0)
FNDA:340,(anonymous_1)
FNDA:4,(anonymous_2)
FNDA:4,(anonymous_3)
FNDA:4,(anonymous_4)
FNDA:4,(anonymous_5)
FNDA:4,(anonymous_6)
FNDA:204,(anonymous_7)
FNDA:16,(anonymous_8)
FNDA:148,(anonymous_9)
DA:8,1
DA:20,4
DA:21,4
DA:22,4
DA:23,4
DA:26,340
DA:30,4
DA:34,4
DA:38,4
DA:42,4
DA:46,4
DA:50,204
DA:54,16
DA:58,148
LF:14
LH:14
BRF:0
BRH:0
end_of_record
TN:
SF:src/Jojo.ts
FN:28,(anonymous_0)
FN:42,(anonymous_1)
FN:79,(anonymous_2)
FN:84,(anonymous_3)
FN:88,(anonymous_4)
FN:92,(anonymous_5)
FN:96,(anonymous_6)
FN:100,(anonymous_7)
FN:104,(anonymous_8)
FN:108,(anonymous_9)
FN:116,(anonymous_10)
FNF:11
FNH:11
FNDA:2,(anonymous_0)
FNDA:4,(anonymous_1)
FNDA:2,(anonymous_2)
FNDA:2,(anonymous_3)
FNDA:2,(anonymous_4)
FNDA:2,(anonymous_5)
FNDA:2,(anonymous_6)
FNDA:2,(anonymous_7)
FNDA:2,(anonymous_8)
FNDA:2,(anonymous_9)
FNDA:2,(anonymous_10)
DA:4,1
DA:9,1
DA:28,2
DA:29,2
DA:30,2
DA:31,2
DA:32,2
DA:33,2
DA:34,2
DA:43,4
DA:44,4
DA:45,4
DA:46,4
DA:48,4
DA:49,0
DA:50,4
DA:51,0
DA:52,4
DA:53,0
DA:54,4
DA:55,0
DA:56,4
DA:57,0
DA:58,4
DA:59,0
DA:60,4
DA:61,0
DA:62,4
DA:63,0
DA:64,4
DA:65,2
DA:66,2
DA:67,2
DA:70,4
DA:72,4
DA:80,2
DA:81,2
DA:85,2
DA:89,2
DA:93,2
DA:97,2
DA:101,2
DA:105,2
DA:109,2
DA:117,2
DA:118,2
DA:119,2
LF:47
LH:39
BRDA:48,0,0,0
BRDA:48,0,1,4
BRDA:48,1,0,4
BRDA:48,1,1,0
BRDA:50,2,0,0
BRDA:50,2,1,4
BRDA:50,3,0,4
BRDA:50,3,1,2
BRDA:52,4,0,0
BRDA:52,4,1,4
BRDA:52,5,0,4
BRDA:52,5,1,0
BRDA:54,6,0,0
BRDA:54,6,1,4
BRDA:54,7,0,4
BRDA:54,7,1,0
BRDA:56,8,0,0
BRDA:56,8,1,4
BRDA:56,9,0,4
BRDA:56,9,1,0
BRDA:58,10,0,0
BRDA:58,10,1,4
BRDA:58,11,0,4
BRDA:58,11,1,0
BRDA:60,12,0,0
BRDA:60,12,1,4
BRDA:60,13,0,4
BRDA:60,13,1,2
BRDA:62,14,0,0
BRDA:62,14,1,4
BRDA:62,15,0,4
BRDA:62,15,1,0
BRDA:64,16,0,2
BRDA:64,16,1,2
BRDA:64,17,0,4
BRDA:64,17,1,2
BRDA:66,18,0,2
BRDA:66,18,1,0
BRDA:66,19,0,2
BRDA:66,19,1,2
BRF:40
BRH:25
end_of_record
TN:
SF:src/Movies.ts
FN:16,(anonymous_0)
FN:20,(anonymous_1)
FN:24,(anonymous_2)
FN:28,(anonymous_3)
FN:32,(anonymous_4)
FN:36,(anonymous_5)
FNF:6
FNH:4
FNDA:3,(anonymous_0)
FNDA:4,(anonymous_1)
FNDA:0,(anonymous_2)
FNDA:4,(anonymous_3)
FNDA:0,(anonymous_4)
FNDA:4,(anonymous_5)
DA:7,1
DA:16,3
DA:17,3
DA:18,3
DA:21,4
DA:25,0
DA:29,4
DA:33,0
DA:37,4
LF:9
LH:7
BRF:0
BRH:0
end_of_record
TN:
SF:src/Pokemon.ts
FN:22,(anonymous_0)
FN:29,(anonymous_1)
FN:38,(anonymous_2)
FN:75,(anonymous_3)
FN:84,(anonymous_4)
FNF:5
FNH:4
FNDA:2,(anonymous_0)
FNDA:0,(anonymous_1)
FNDA:4,(anonymous_2)
FNDA:2,(anonymous_3)
FNDA:2,(anonymous_4)
DA:4,1
DA:9,1
DA:22,2
DA:23,2
DA:24,2
DA:25,2
DA:26,2
DA:30,0
DA:39,4
DA:40,4
DA:41,4
DA:42,4
DA:44,4
DA:45,0
DA:46,4
DA:47,0
DA:48,4
DA:49,0
DA:50,4
DA:51,0
DA:52,4
DA:53,2
DA:54,2
DA:55,0
DA:56,2
DA:57,0
DA:58,2
DA:59,0
DA:60,2
DA:61,0
DA:62,2
DA:63,2
DA:66,4
DA:68,4
DA:76,2
DA:77,2
DA:85,2
LF:37
LH:28
BRDA:44,0,0,0
BRDA:44,0,1,4
BRDA:44,1,0,4
BRDA:44,1,1,0
BRDA:46,2,0,0
BRDA:46,2,1,4
BRDA:46,3,0,4
BRDA:46,3,1,0
BRDA:48,4,0,0
BRDA:48,4,1,4
BRDA:48,5,0,4
BRDA:48,5,1,0
BRDA:50,6,0,0
BRDA:50,6,1,4
BRDA:50,7,0,4
BRDA:50,7,1,2
BRDA:52,8,0,2
BRDA:52,8,1,2
BRDA:52,9,0,4
BRDA:52,9,1,2
BRDA:54,10,0,0
BRDA:54,10,1,2
BRDA:54,11,0,2
BRDA:54,11,1,0
BRDA:56,12,0,0
BRDA:56,12,1,2
BRDA:56,13,0,2
BRDA:56,13,1,0
BRDA:58,14,0,0
BRDA:58,14,1,2
BRDA:58,15,0,2
BRDA:58,15,1,0
BRDA:60,16,0,0
BRDA:60,16,1,2
BRDA:60,17,0,2
BRDA:60,17,1,0
BRDA:62,18,0,2
BRDA:62,18,1,0
BRDA:62,19,0,2
BRDA:62,19,1,2
BRF:40
BRH:24
end_of_record
TN:
SF:src/SaveFighter.ts
FN:10,(anonymous_0)
FN:17,(anonymous_1)
FN:19,(anonymous_2)
FNF:3
FNH:3
FNDA:1,(anonymous_0)
FNDA:4,(anonymous_1)
FNDA:12,(anonymous_2)
DA:6,1
DA:18,4
DA:19,4
DA:20,12
DA:23,4
LF:5
LH:5
BRF:0
BRH:0
end_of_record
TN:
SF:src/Series.ts
FN:17,(anonymous_0)
FN:21,(anonymous_1)
FN:25,(anonymous_2)
FN:29,(anonymous_3)
FN:33,(anonymous_4)
FN:37,(anonymous_5)
FN:41,(anonymous_6)
FNF:7
FNH:4
FNDA:2,(anonymous_0)
FNDA:4,(anonymous_1)
FNDA:0,(anonymous_2)
FNDA:4,(anonymous_3)
FNDA:0,(anonymous_4)
FNDA:0,(anonymous_5)
FNDA:4,(anonymous_6)
DA:7,1
DA:17,2
DA:18,2
DA:19,2
DA:22,4
DA:26,0
DA:30,4
DA:34,0
DA:38,0
DA:42,4
LF:10
LH:7
BRF:0
BRH:0
end_of_record
TN:
SF:src/ejercicio-1-PE101.ts
FN:12,(anonymous_0)
FN:18,(anonymous_1)
FN:29,(anonymous_2)
FN:39,(anonymous_3)
FN:49,(anonymous_4)
FNF:5
FNH:5
FNDA:1,(anonymous_0)
FNDA:2,(anonymous_1)
FNDA:2,(anonymous_2)
FNDA:2,(anonymous_3)
FNDA:6,(anonymous_4)
DA:9,1
DA:19,2
DA:20,1
DA:22,2
DA:30,2
DA:40,2
DA:50,6
LF:7
LH:7
BRDA:19,0,0,1
BRDA:19,0,1,1
BRF:2
BRH:2
end_of_record
TN:
SF:src/ejercicio-1.ts
FN:11,(anonymous_0)
FN:19,(anonymous_1)
FNF:2
FNH:2
FNDA:1,(anonymous_0)
FNDA:6,(anonymous_1)
DA:10,1
DA:20,6
DA:21,6
DA:22,6
DA:23,6
DA:24,6
DA:26,6
DA:27,4
DA:28,4
DA:30,2
DA:31,2
DA:34,6
DA:35,6
DA:36,6
DA:38,6
DA:39,0
DA:42,6
DA:43,74
DA:44,48
DA:46,48
DA:48,48
DA:49,4
DA:51,44
DA:54,48
DA:56,48
DA:58,48
DA:59,0
DA:61,48
DA:63,26
DA:64,26
DA:66,26
DA:68,26
DA:69,0
DA:71,26
DA:74,26
DA:76,26
DA:78,26
DA:79,0
DA:81,26
DA:85,74
DA:88,6
DA:89,0
DA:90,6
DA:91,6
DA:93,0
LF:45
LH:39
BRDA:26,0,0,4
BRDA:26,0,1,2
BRDA:26,1,0,6
BRDA:26,1,1,4
BRDA:26,1,2,4
BRDA:26,1,3,2
BRDA:38,2,0,0
BRDA:38,2,1,6
BRDA:42,3,0,80
BRDA:42,3,1,80
BRDA:43,4,0,48
BRDA:43,4,1,26
BRDA:48,5,0,4
BRDA:48,5,1,44
BRDA:58,6,0,0
BRDA:58,6,1,48
BRDA:63,7,0,26
BRDA:63,7,1,0
BRDA:68,8,0,0
BRDA:68,8,1,26
BRDA:78,9,0,0
BRDA:78,9,1,26
BRDA:88,10,0,0
BRDA:88,10,1,6
BRDA:90,11,0,6
BRDA:90,11,1,0
BRF:26
BRH:19
end_of_record
TN:
SF:src/ejercicio-2-PE101.ts
FN:15,(anonymous_0)
FN:23,(anonymous_1)
FN:31,(anonymous_2)
FNF:3
FNH:3
FNDA:1,(anonymous_0)
FNDA:1,(anonymous_1)
FNDA:1,(anonymous_2)
DA:8,1
DA:16,1
DA:24,1
DA:32,1
LF:4
LH:4
BRF:0
BRH:0
end_of_record
TN:
SF:src/ejercicio-2.ts
FN:17,(anonymous_0)
FN:26,(anonymous_1)
FN:27,(anonymous_2)
FN:35,(anonymous_3)
FN:36,(anonymous_4)
FN:44,(anonymous_5)
FN:45,(anonymous_6)
FN:58,(anonymous_7)
FN:67,(anonymous_8)
FN:68,(anonymous_9)
FN:76,(anonymous_10)
FN:77,(anonymous_11)
FN:85,(anonymous_12)
FN:86,(anonymous_13)
FN:98,(anonymous_14)
FN:107,(anonymous_15)
FN:108,(anonymous_16)
FN:116,(anonymous_17)
FN:117,(anonymous_18)
FN:125,(anonymous_19)
FN:126,(anonymous_20)
FNF:21
FNH:21
FNDA:1,(anonymous_0)
FNDA:2,(anonymous_1)
FNDA:4,(anonymous_2)
FNDA:2,(anonymous_3)
FNDA:4,(anonymous_4)
FNDA:2,(anonymous_5)
FNDA:4,(anonymous_6)
FNDA:1,(anonymous_7)
FNDA:2,(anonymous_8)
FNDA:4,(anonymous_9)
FNDA:2,(anonymous_10)
FNDA:4,(anonymous_11)
FNDA:2,(anonymous_12)
FNDA:4,(anonymous_13)
FNDA:1,(anonymous_14)
FNDA:2,(anonymous_15)
FNDA:4,(anonymous_16)
FNDA:2,(anonymous_17)
FNDA:4,(anonymous_18)
FNDA:2,(anonymous_19)
FNDA:4,(anonymous_20)
DA:7,1
DA:12,1
DA:18,1
DA:27,4
DA:36,4
DA:45,4
DA:53,1
DA:59,1
DA:68,4
DA:77,4
DA:86,4
DA:93,1
DA:99,1
DA:108,4
DA:117,4
DA:126,4
LF:16
LH:16
BRF:0
BRH:0
end_of_record
TN:
SF:src/ejercicio-3.ts
FN:15,(anonymous_0)
FN:18,(anonymous_1)
FN:22,(anonymous_2)
FN:26,(anonymous_3)
FN:36,(anonymous_4)
FN:51,(anonymous_5)
FN:68,(anonymous_6)
FN:102,(anonymous_7)
FNF:8
FNH:8
FNDA:4,(anonymous_0)
FNDA:103,(anonymous_1)
FNDA:4,(anonymous_2)
FNDA:4,(anonymous_3)
FNDA:1,(anonymous_4)
FNDA:48,(anonymous_5)
FNDA:4,(anonymous_6)
FNDA:24,(anonymous_7)
DA:8,1
DA:15,4
DA:16,4
DA:19,103
DA:23,4
DA:27,4
DA:37,1
DA:38,1
DA:39,5
DA:40,5
DA:42,1
DA:52,48
DA:53,48
DA:54,463
DA:55,48
DA:56,48
DA:60,48
DA:69,4
DA:70,4
DA:71,4
DA:72,4
DA:73,4
DA:74,4
DA:75,4
DA:76,4
DA:78,4
DA:79,4
DA:81,4
DA:82,1
DA:85,4
DA:86,24
DA:87,24
DA:89,24
DA:90,19
DA:92,5
DA:93,4
DA:95,1
DA:98,24
DA:99,24
DA:102,4
DA:103,24
DA:106,4
LF:42
LH:42
BRDA:54,0,0,48
BRDA:54,0,1,415
BRDA:81,1,0,1
BRDA:81,1,1,3
BRDA:89,2,0,19
BRDA:89,2,1,5
BRDA:92,3,0,4
BRDA:92,3,1,1
BRF:8
BRH:8
end_of_record
TN:
SF:src/ejercicio-PE101.ts
FN:21,(anonymous_0)
FN:28,(anonymous_1)
FN:38,(anonymous_2)
FN:47,(anonymous_3)
FN:56,(anonymous_4)
FN:68,(anonymous_5)
FN:77,(anonymous_6)
FN:89,(anonymous_7)
FN:98,(anonymous_8)
FNF:9
FNH:9
FNDA:4,(anonymous_0)
FNDA:2,(anonymous_1)
FNDA:17,(anonymous_2)
FNDA:2,(anonymous_3)
FNDA:19,(anonymous_4)
FNDA:2,(anonymous_5)
FNDA:2,(anonymous_6)
FNDA:2,(anonymous_7)
FNDA:2,(anonymous_8)
DA:16,1
DA:21,4
DA:29,2
DA:30,2
DA:39,17
DA:48,2
DA:49,2
DA:57,19
DA:63,1
DA:69,2
DA:78,2
DA:79,2
DA:80,9
DA:81,3
DA:84,2
DA:88,1
DA:90,2
DA:99,2
DA:100,2
DA:101,6
DA:102,4
DA:105,2
DA:109,1
DA:110,1
DA:117,1
DA:119,1
DA:120,1
LF:27
LH:27
BRDA:80,0,0,3
BRDA:80,0,1,6
BRDA:101,1,0,4
BRDA:101,1,1,2
BRF:4
BRH:4
end_of_record
TN:
SF:src/Practica-8/magazine.ts
FN:7,(anonymous_0)
FN:14,(anonymous_1)
FN:16,(anonymous_2)
FN:20,(anonymous_3)
FN:24,(anonymous_4)
FN:28,(anonymous_5)
FN:32,(anonymous_6)
FN:41,(anonymous_7)
FN:42,(anonymous_8)
FN:45,(anonymous_9)
FN:49,(anonymous_10)
FNF:11
FNH:9
FNDA:1,(anonymous_0)
FNDA:1,(anonymous_1)
FNDA:1,(anonymous_2)
FNDA:1,(anonymous_3)
FNDA:1,(anonymous_4)
FNDA:1,(anonymous_5)
FNDA:0,(anonymous_6)
FNDA:1,(anonymous_7)
FNDA:0,(anonymous_8)
FNDA:1,(anonymous_9)
FNDA:1,(anonymous_10)
DA:7,1
DA:9,1
DA:10,1
DA:12,1
DA:14,1
DA:17,1
DA:21,1
DA:25,1
DA:29,1
DA:33,0
DA:34,0
DA:35,0
DA:37,0
DA:42,1
DA:46,1
DA:50,1
DA:51,1
DA:52,1
DA:53,1
LF:19
LH:15
BRDA:7,0,0,1
BRDA:7,0,1,1
BRDA:34,1,0,0
BRDA:34,1,1,0
BRF:4
BRH:2
end_of_record
TN:
SF:src/Practica-8/magazineObserver.ts
FN:11,(anonymous_0)
FN:14,(anonymous_1)
FN:18,(anonymous_2)
FN:22,(anonymous_3)
FN:26,(anonymous_4)
FNF:5
FNH:4
FNDA:1,(anonymous_0)
FNDA:1,(anonymous_1)
FNDA:1,(anonymous_2)
FNDA:1,(anonymous_3)
FNDA:0,(anonymous_4)
DA:5,1
DA:8,1
DA:10,1
DA:11,1
DA:15,1
DA:19,1
DA:23,1
DA:27,0
DA:28,0
DA:30,0
DA:33,0
LF:11
LH:7
BRDA:27,0,0,0
BRDA:27,0,1,0
BRDA:28,1,0,0
BRF:3
BRH:0
end_of_record
TN:
SF:src/Practica-8/subscriptor.ts
FN:9,(anonymous_0)
FN:11,(anonymous_1)
FNF:2
FNH:1
FNDA:1,(anonymous_0)
FNDA:0,(anonymous_1)
DA:8,1
DA:9,1
DA:12,0
DA:13,0
DA:15,0
LF:5
LH:2
BRDA:12,0,0,0
BRDA:12,0,1,0
BRF:2
BRH:0
end_of_record
